<?xml version="1.0" encoding="UTF-8"?>
<coverage generated="1533507296874" clover="3.2.0">
  <project timestamp="1533507296874" name="All files">
    <metrics statements="349" coveredstatements="283" conditionals="238" coveredconditionals="135" methods="68" coveredmethods="55" elements="655" coveredelements="473" complexity="0" loc="349" ncloc="349" packages="1" files="6" classes="6">
      <file name="Action.js" path="C:\Users\Carl Pryke\freshly-squeezed-games\@modules\hermes\dist\Action.js">
        <metrics statements="20" coveredstatements="18" conditionals="24" coveredconditionals="16" methods="7" coveredmethods="6"/>
        <line num="3" count="1" type="stmt"/>
        <line num="7" count="1" type="cond" truecount="5" falsecount="3"/>
        <line num="9" count="2" type="cond" truecount="1" falsecount="1"/>
        <line num="11" count="1" type="stmt"/>
        <line num="13" count="1" type="stmt"/>
        <line num="15" count="2" type="cond" truecount="3" falsecount="1"/>
        <line num="16" count="2" type="cond" truecount="3" falsecount="1"/>
        <line num="18" count="2" type="stmt"/>
        <line num="20" count="2" type="stmt"/>
        <line num="22" count="2" type="cond" truecount="3" falsecount="1"/>
        <line num="23" count="0" type="stmt"/>
        <line num="26" count="2" type="stmt"/>
        <line num="28" count="2" type="cond" truecount="1" falsecount="1"/>
        <line num="29" count="2" type="stmt"/>
        <line num="32" count="2" type="stmt"/>
        <line num="35" count="1" type="stmt"/>
        <line num="38" count="0" type="stmt"/>
        <line num="42" count="1" type="stmt"/>
        <line num="45" count="1" type="stmt"/>
        <line num="46" count="1" type="stmt"/>
      </file>
      <file name="Events.js" path="C:\Users\Carl Pryke\freshly-squeezed-games\@modules\hermes\dist\Events.js">
        <metrics statements="46" coveredstatements="34" conditionals="28" coveredconditionals="14" methods="11" coveredmethods="10"/>
        <line num="3" count="1" type="stmt"/>
        <line num="7" count="1" type="cond" truecount="1" falsecount="3"/>
        <line num="9" count="4" type="cond" truecount="5" falsecount="3"/>
        <line num="11" count="4" type="cond" truecount="1" falsecount="1"/>
        <line num="13" count="1" type="stmt"/>
        <line num="15" count="4" type="stmt"/>
        <line num="17" count="4" type="stmt"/>
        <line num="19" count="4" type="stmt"/>
        <line num="20" count="4" type="stmt"/>
        <line num="21" count="4" type="stmt"/>
        <line num="24" count="1" type="stmt"/>
        <line num="27" count="2" type="stmt"/>
        <line num="39" count="4" type="stmt"/>
        <line num="52" count="2" type="stmt"/>
        <line num="53" count="2" type="cond" truecount="2" falsecount="0"/>
        <line num="55" count="2" type="stmt"/>
        <line num="56" count="2" type="stmt"/>
        <line num="58" count="2" type="stmt"/>
        <line num="63" count="2" type="stmt"/>
        <line num="64" count="2" type="stmt"/>
        <line num="65" count="2" type="stmt"/>
        <line num="67" count="2" type="stmt"/>
        <line num="68" count="2" type="cond" truecount="1" falsecount="1"/>
        <line num="69" count="0" type="stmt"/>
        <line num="72" count="2" type="stmt"/>
        <line num="74" count="2" type="stmt"/>
        <line num="75" count="2" type="stmt"/>
        <line num="77" count="2" type="stmt"/>
        <line num="78" count="2" type="cond" truecount="2" falsecount="2"/>
        <line num="79" count="0" type="stmt"/>
        <line num="82" count="2" type="stmt"/>
        <line num="84" count="2" type="cond" truecount="1" falsecount="1"/>
        <line num="85" count="0" type="stmt"/>
        <line num="87" count="0" type="stmt"/>
        <line num="88" count="0" type="stmt"/>
        <line num="89" count="0" type="stmt"/>
        <line num="90" count="0" type="stmt"/>
        <line num="91" count="0" type="stmt"/>
        <line num="93" count="0" type="cond" truecount="0" falsecount="2"/>
        <line num="95" count="0" type="stmt"/>
        <line num="98" count="0" type="stmt"/>
        <line num="101" count="2" type="cond" truecount="1" falsecount="1"/>
        <line num="102" count="0" type="stmt"/>
        <line num="107" count="2" type="stmt"/>
        <line num="111" count="1" type="stmt"/>
        <line num="114" count="1" type="stmt"/>
      </file>
      <file name="Hermes.js" path="C:\Users\Carl Pryke\freshly-squeezed-games\@modules\hermes\dist\Hermes.js">
        <metrics statements="212" coveredstatements="168" conditionals="126" coveredconditionals="75" methods="29" coveredmethods="21"/>
        <line num="3" count="1" type="stmt"/>
        <line num="7" count="3" type="cond" truecount="3" falsecount="7"/>
        <line num="9" count="1" type="cond" truecount="1" falsecount="3"/>
        <line num="11" count="8" type="cond" truecount="5" falsecount="3"/>
        <line num="13" count="1" type="stmt"/>
        <line num="15" count="1" type="stmt"/>
        <line num="17" count="1" type="stmt"/>
        <line num="19" count="1" type="stmt"/>
        <line num="21" count="1" type="stmt"/>
        <line num="23" count="1" type="stmt"/>
        <line num="25" count="1" type="stmt"/>
        <line num="27" count="1" type="stmt"/>
        <line num="29" count="1" type="stmt"/>
        <line num="31" count="1" type="stmt"/>
        <line num="33" count="1" type="stmt"/>
        <line num="35" count="5" type="cond" truecount="4" falsecount="0"/>
        <line num="37" count="0" type="cond" truecount="0" falsecount="2"/>
        <line num="39" count="4" type="cond" truecount="1" falsecount="1"/>
        <line num="41" count="1" type="stmt"/>
        <line num="42" count="1" type="stmt"/>
        <line num="43" count="1" type="stmt"/>
        <line num="46" count="1" type="stmt"/>
        <line num="47" count="1" type="stmt"/>
        <line num="48" count="1" type="stmt"/>
        <line num="57" count="1" type="stmt"/>
        <line num="59" count="4" type="stmt"/>
        <line num="61" count="4" type="stmt"/>
        <line num="63" count="4" type="stmt"/>
        <line num="66" count="4" type="stmt"/>
        <line num="68" count="4" type="stmt"/>
        <line num="69" count="4" type="stmt"/>
        <line num="71" count="4" type="stmt"/>
        <line num="72" count="4" type="stmt"/>
        <line num="74" count="4" type="stmt"/>
        <line num="77" count="4" type="cond" truecount="2" falsecount="0"/>
        <line num="78" count="4" type="cond" truecount="2" falsecount="0"/>
        <line num="80" count="4" type="stmt"/>
        <line num="81" count="4" type="stmt"/>
        <line num="82" count="4" type="stmt"/>
        <line num="83" count="4" type="stmt"/>
        <line num="86" count="4" type="cond" truecount="2" falsecount="0"/>
        <line num="87" count="2" type="stmt"/>
        <line num="89" count="2" type="stmt"/>
        <line num="90" count="3" type="stmt"/>
        <line num="92" count="3" type="stmt"/>
        <line num="93" count="9" type="stmt"/>
        <line num="94" count="9" type="stmt"/>
        <line num="96" count="9" type="stmt"/>
        <line num="99" count="3" type="stmt"/>
        <line num="100" count="3" type="stmt"/>
        <line num="104" count="4" type="cond" truecount="2" falsecount="0"/>
        <line num="105" count="2" type="stmt"/>
        <line num="107" count="2" type="stmt"/>
        <line num="108" count="2" type="stmt"/>
        <line num="110" count="2" type="cond" truecount="1" falsecount="1"/>
        <line num="111" count="0" type="stmt"/>
        <line num="115" count="2" type="stmt"/>
        <line num="116" count="2" type="stmt"/>
        <line num="119" count="2" type="stmt"/>
        <line num="120" count="4" type="stmt"/>
        <line num="121" count="4" type="stmt"/>
        <line num="123" count="4" type="stmt"/>
        <line num="126" count="2" type="stmt"/>
        <line num="128" count="2" type="stmt"/>
        <line num="129" count="2" type="stmt"/>
        <line num="131" count="2" type="cond" truecount="1" falsecount="1"/>
        <line num="132" count="0" type="stmt"/>
        <line num="135" count="4" type="stmt"/>
        <line num="136" count="4" type="stmt"/>
        <line num="137" count="0" type="stmt"/>
        <line num="141" count="1" type="stmt"/>
        <line num="144" count="2" type="stmt"/>
        <line num="146" count="2" type="cond" truecount="4" falsecount="1"/>
        <line num="147" count="0" type="stmt"/>
        <line num="148" count="0" type="stmt"/>
        <line num="151" count="2" type="stmt"/>
        <line num="152" count="0" type="stmt"/>
        <line num="155" count="2" type="stmt"/>
        <line num="157" count="2" type="stmt"/>
        <line num="162" count="2" type="stmt"/>
        <line num="164" count="2" type="cond" truecount="1" falsecount="1"/>
        <line num="165" count="0" type="stmt"/>
        <line num="168" count="2" type="cond" truecount="1" falsecount="1"/>
        <line num="170" count="2" type="stmt"/>
        <line num="171" count="2" type="stmt"/>
        <line num="174" count="2" type="stmt"/>
        <line num="175" count="2" type="stmt"/>
        <line num="177" count="2" type="cond" truecount="1" falsecount="1"/>
        <line num="178" count="2" type="stmt"/>
        <line num="181" count="2" type="stmt"/>
        <line num="182" count="2" type="stmt"/>
        <line num="188" count="2" type="stmt"/>
        <line num="200" count="6" type="stmt"/>
        <line num="202" count="6" type="cond" truecount="2" falsecount="0"/>
        <line num="204" count="6" type="stmt"/>
        <line num="205" count="6" type="stmt"/>
        <line num="207" count="6" type="stmt"/>
        <line num="208" count="6" type="stmt"/>
        <line num="210" count="6" type="stmt"/>
        <line num="212" count="6" type="stmt"/>
        <line num="213" count="4" type="stmt"/>
        <line num="215" count="4" type="cond" truecount="2" falsecount="0"/>
        <line num="217" count="2" type="stmt"/>
        <line num="220" count="2" type="stmt"/>
        <line num="222" count="2" type="stmt"/>
        <line num="223" count="4" type="stmt"/>
        <line num="225" count="4" type="cond" truecount="3" falsecount="2"/>
        <line num="226" count="0" type="stmt"/>
        <line num="229" count="4" type="cond" truecount="1" falsecount="1"/>
        <line num="230" count="4" type="stmt"/>
        <line num="234" count="2" type="cond" truecount="1" falsecount="1"/>
        <line num="235" count="2" type="stmt"/>
        <line num="237" count="2" type="stmt"/>
        <line num="238" count="2" type="stmt"/>
        <line num="240" count="2" type="cond" truecount="2" falsecount="0"/>
        <line num="241" count="2" type="stmt"/>
        <line num="244" count="2" type="stmt"/>
        <line num="246" count="2" type="stmt"/>
        <line num="250" count="6" type="stmt"/>
        <line num="258" count="2" type="stmt"/>
        <line num="260" count="2" type="cond" truecount="1" falsecount="1"/>
        <line num="261" count="0" type="stmt"/>
        <line num="264" count="2" type="stmt"/>
        <line num="265" count="2" type="stmt"/>
        <line num="267" count="2" type="stmt"/>
        <line num="268" count="2" type="stmt"/>
        <line num="269" count="2" type="stmt"/>
        <line num="271" count="2" type="stmt"/>
        <line num="272" count="2" type="cond" truecount="3" falsecount="1"/>
        <line num="274" count="2" type="stmt"/>
        <line num="277" count="2" type="stmt"/>
        <line num="281" count="2" type="stmt"/>
        <line num="283" count="2" type="cond" truecount="2" falsecount="0"/>
        <line num="286" count="2" type="stmt"/>
        <line num="288" count="2" type="cond" truecount="1" falsecount="1"/>
        <line num="290" count="2" type="stmt"/>
        <line num="291" count="2" type="stmt"/>
        <line num="294" count="0" type="stmt"/>
        <line num="296" count="0" type="cond" truecount="0" falsecount="2"/>
        <line num="297" count="0" type="stmt"/>
        <line num="302" count="0" type="stmt"/>
        <line num="303" count="0" type="stmt"/>
        <line num="304" count="0" type="stmt"/>
        <line num="305" count="0" type="stmt"/>
        <line num="306" count="0" type="stmt"/>
        <line num="309" count="0" type="stmt"/>
        <line num="310" count="0" type="stmt"/>
        <line num="311" count="0" type="stmt"/>
        <line num="313" count="0" type="stmt"/>
        <line num="314" count="0" type="stmt"/>
        <line num="316" count="0" type="cond" truecount="0" falsecount="2"/>
        <line num="317" count="0" type="stmt"/>
        <line num="320" count="0" type="stmt"/>
        <line num="323" count="0" type="stmt"/>
        <line num="337" count="2" type="stmt"/>
        <line num="341" count="2" type="stmt"/>
        <line num="342" count="4" type="stmt"/>
        <line num="344" count="4" type="stmt"/>
        <line num="345" count="4" type="stmt"/>
        <line num="348" count="4" type="cond" truecount="2" falsecount="0"/>
        <line num="350" count="4" type="stmt"/>
        <line num="352" count="4" type="cond" truecount="4" falsecount="0"/>
        <line num="353" count="2" type="stmt"/>
        <line num="356" count="2" type="stmt"/>
        <line num="361" count="2" type="stmt"/>
        <line num="362" count="0" type="stmt"/>
        <line num="364" count="0" type="stmt"/>
        <line num="365" count="0" type="stmt"/>
        <line num="367" count="0" type="stmt"/>
        <line num="369" count="0" type="cond" truecount="0" falsecount="4"/>
        <line num="370" count="0" type="stmt"/>
        <line num="373" count="0" type="stmt"/>
        <line num="379" count="2" type="cond" truecount="3" falsecount="1"/>
        <line num="381" count="2" type="stmt"/>
        <line num="383" count="2" type="cond" truecount="2" falsecount="0"/>
        <line num="384" count="1" type="stmt"/>
        <line num="385" count="1" type="stmt"/>
        <line num="387" count="1" type="stmt"/>
        <line num="388" count="3" type="cond" truecount="2" falsecount="2"/>
        <line num="389" count="3" type="stmt"/>
        <line num="392" count="0" type="stmt"/>
        <line num="393" count="0" type="stmt"/>
        <line num="395" count="0" type="stmt"/>
        <line num="396" count="0" type="cond" truecount="0" falsecount="4"/>
        <line num="399" count="1" type="stmt"/>
        <line num="402" count="1" type="stmt"/>
        <line num="403" count="1" type="stmt"/>
        <line num="404" count="1" type="stmt"/>
        <line num="406" count="1" type="cond" truecount="3" falsecount="1"/>
        <line num="407" count="0" type="stmt"/>
        <line num="409" count="0" type="stmt"/>
        <line num="410" count="0" type="cond" truecount="0" falsecount="4"/>
        <line num="414" count="1" type="stmt"/>
        <line num="419" count="7" type="cond" truecount="4" falsecount="0"/>
        <line num="421" count="7" type="stmt"/>
        <line num="424" count="7" type="stmt"/>
        <line num="425" count="7" type="stmt"/>
        <line num="427" count="7" type="cond" truecount="1" falsecount="1"/>
        <line num="428" count="0" type="stmt"/>
        <line num="431" count="7" type="stmt"/>
        <line num="432" count="17" type="stmt"/>
        <line num="434" count="17" type="cond" truecount="1" falsecount="1"/>
        <line num="435" count="0" type="stmt"/>
        <line num="438" count="17" type="cond" truecount="2" falsecount="0"/>
        <line num="440" count="17" type="cond" truecount="2" falsecount="0"/>
        <line num="441" count="13" type="stmt"/>
        <line num="444" count="17" type="stmt"/>
        <line num="447" count="7" type="stmt"/>
        <line num="452" count="0" type="stmt"/>
        <line num="456" count="1" type="stmt"/>
        <line num="459" count="1" type="stmt"/>
        <line num="465" count="1" type="stmt"/>
      </file>
      <file name="Reducer.js" path="C:\Users\Carl Pryke\freshly-squeezed-games\@modules\hermes\dist\Reducer.js">
        <metrics statements="36" coveredstatements="32" conditionals="32" coveredconditionals="17" methods="14" coveredmethods="12"/>
        <line num="3" count="1" type="stmt"/>
        <line num="7" count="1" type="cond" truecount="1" falsecount="3"/>
        <line num="9" count="4" type="cond" truecount="5" falsecount="3"/>
        <line num="11" count="1" type="stmt"/>
        <line num="13" count="1" type="stmt"/>
        <line num="15" count="1" type="cond" truecount="3" falsecount="1"/>
        <line num="17" count="0" type="cond" truecount="0" falsecount="2"/>
        <line num="19" count="6" type="cond" truecount="1" falsecount="1"/>
        <line num="21" count="1" type="stmt"/>
        <line num="24" count="1" type="stmt"/>
        <line num="26" count="1" type="stmt"/>
        <line num="28" count="6" type="stmt"/>
        <line num="30" count="6" type="stmt"/>
        <line num="32" count="6" type="stmt"/>
        <line num="33" count="6" type="stmt"/>
        <line num="35" count="6" type="stmt"/>
        <line num="46" count="1" type="stmt"/>
        <line num="49" count="2" type="stmt"/>
        <line num="67" count="2" type="cond" truecount="3" falsecount="1"/>
        <line num="68" count="2" type="cond" truecount="3" falsecount="1"/>
        <line num="70" count="2" type="stmt"/>
        <line num="72" count="2" type="stmt"/>
        <line num="74" count="2" type="cond" truecount="1" falsecount="1"/>
        <line num="75" count="0" type="cond" truecount="0" falsecount="2"/>
        <line num="76" count="0" type="stmt"/>
        <line num="79" count="0" type="stmt"/>
        <line num="82" count="2" type="stmt"/>
        <line num="96" count="2" type="stmt"/>
        <line num="98" count="2" type="stmt"/>
        <line num="100" count="2" type="stmt"/>
        <line num="101" count="2" type="stmt"/>
        <line num="104" count="2" type="stmt"/>
        <line num="117" count="2" type="stmt"/>
        <line num="121" count="1" type="stmt"/>
        <line num="124" count="1" type="stmt"/>
        <line num="127" count="1" type="stmt"/>
      </file>
      <file name="Route.js" path="C:\Users\Carl Pryke\freshly-squeezed-games\@modules\hermes\dist\Route.js">
        <metrics statements="19" coveredstatements="17" conditionals="24" coveredconditionals="11" methods="5" coveredmethods="4"/>
        <line num="3" count="1" type="stmt"/>
        <line num="7" count="3" type="cond" truecount="3" falsecount="7"/>
        <line num="9" count="1" type="stmt"/>
        <line num="11" count="1" type="stmt"/>
        <line num="13" count="1" type="cond" truecount="3" falsecount="1"/>
        <line num="15" count="3" type="cond" truecount="1" falsecount="1"/>
        <line num="22" count="1" type="stmt"/>
        <line num="23" count="3" type="stmt"/>
        <line num="25" count="3" type="stmt"/>
        <line num="27" count="3" type="cond" truecount="2" falsecount="2"/>
        <line num="28" count="3" type="stmt"/>
        <line num="31" count="3" type="stmt"/>
        <line num="32" count="3" type="stmt"/>
        <line num="34" count="3" type="cond" truecount="1" falsecount="1"/>
        <line num="35" count="0" type="stmt"/>
        <line num="38" count="3" type="stmt"/>
        <line num="40" count="3" type="cond" truecount="1" falsecount="1"/>
        <line num="41" count="0" type="stmt"/>
        <line num="45" count="1" type="stmt"/>
      </file>
      <file name="Utils.js" path="C:\Users\Carl Pryke\freshly-squeezed-games\@modules\hermes\dist\Utils.js">
        <metrics statements="16" coveredstatements="14" conditionals="4" coveredconditionals="2" methods="2" coveredmethods="2"/>
        <line num="3" count="1" type="stmt"/>
        <line num="11" count="1" type="stmt"/>
        <line num="12" count="4" type="stmt"/>
        <line num="13" count="4" type="stmt"/>
        <line num="15" count="4" type="stmt"/>
        <line num="16" count="1" type="cond" truecount="1" falsecount="1"/>
        <line num="17" count="0" type="stmt"/>
        <line num="20" count="1" type="cond" truecount="1" falsecount="1"/>
        <line num="21" count="1" type="stmt"/>
        <line num="24" count="0" type="stmt"/>
        <line num="27" count="4" type="stmt"/>
        <line num="28" count="4" type="stmt"/>
        <line num="30" count="4" type="stmt"/>
        <line num="31" count="5" type="stmt"/>
        <line num="33" count="5" type="stmt"/>
        <line num="36" count="4" type="stmt"/>
      </file>
    </metrics>
  </project>
</coverage>
