{"C:\\Users\\Carl Pryke\\freshly-squeezed-games\\@modules\\hermes\\dist\\Action.js": {"path":"C:\\Users\\Carl Pryke\\freshly-squeezed-games\\@modules\\hermes\\dist\\Action.js","statementMap":{"0":{"start":{"line":3,"column":0},"end":{"line":5,"column":3}},"1":{"start":{"line":7,"column":19},"end":{"line":7,"column":563}},"2":{"start":{"line":7,"column":76},"end":{"line":7,"column":347}},"3":{"start":{"line":7,"column":134},"end":{"line":7,"column":142}},"4":{"start":{"line":7,"column":144},"end":{"line":7,"column":199}},"5":{"start":{"line":7,"column":200},"end":{"line":7,"column":231}},"6":{"start":{"line":7,"column":232},"end":{"line":7,"column":286}},"7":{"start":{"line":7,"column":259},"end":{"line":7,"column":286}},"8":{"start":{"line":7,"column":287},"end":{"line":7,"column":345}},"9":{"start":{"line":7,"column":350},"end":{"line":7,"column":559}},"10":{"start":{"line":7,"column":407},"end":{"line":7,"column":475}},"11":{"start":{"line":7,"column":423},"end":{"line":7,"column":475}},"12":{"start":{"line":7,"column":476},"end":{"line":7,"column":536}},"13":{"start":{"line":7,"column":493},"end":{"line":7,"column":536}},"14":{"start":{"line":7,"column":537},"end":{"line":7,"column":556}},"15":{"start":{"line":9,"column":50},"end":{"line":9,"column":151}},"16":{"start":{"line":9,"column":92},"end":{"line":9,"column":149}},"17":{"start":{"line":11,"column":15},"end":{"line":11,"column":40}},"18":{"start":{"line":13,"column":13},"end":{"line":44,"column":3}},"19":{"start":{"line":15,"column":18},"end":{"line":15,"column":105}},"20":{"start":{"line":16,"column":18},"end":{"line":16,"column":105}},"21":{"start":{"line":17,"column":17},"end":{"line":17,"column":29}},"22":{"start":{"line":19,"column":4},"end":{"line":19,"column":34}},"23":{"start":{"line":21,"column":12},"end":{"line":21,"column":16}},"24":{"start":{"line":23,"column":4},"end":{"line":25,"column":5}},"25":{"start":{"line":24,"column":6},"end":{"line":24,"column":73}},"26":{"start":{"line":27,"column":4},"end":{"line":27,"column":18}},"27":{"start":{"line":29,"column":4},"end":{"line":31,"column":5}},"28":{"start":{"line":30,"column":6},"end":{"line":30,"column":26}},"29":{"start":{"line":33,"column":4},"end":{"line":33,"column":24}},"30":{"start":{"line":36,"column":2},"end":{"line":41,"column":6}},"31":{"start":{"line":39,"column":6},"end":{"line":39,"column":32}},"32":{"start":{"line":43,"column":2},"end":{"line":43,"column":16}},"33":{"start":{"line":46,"column":0},"end":{"line":46,"column":34}},"34":{"start":{"line":47,"column":0},"end":{"line":47,"column":25}}},"fnMap":{"0":{"name":"(anonymous_0)","decl":{"start":{"line":7,"column":19},"end":{"line":7,"column":20}},"loc":{"start":{"line":7,"column":31},"end":{"line":7,"column":561}},"line":7},"1":{"name":"defineProperties","decl":{"start":{"line":7,"column":42},"end":{"line":7,"column":58}},"loc":{"start":{"line":7,"column":74},"end":{"line":7,"column":349}},"line":7},"2":{"name":"(anonymous_2)","decl":{"start":{"line":7,"column":357},"end":{"line":7,"column":358}},"loc":{"start":{"line":7,"column":405},"end":{"line":7,"column":558}},"line":7},"3":{"name":"_classCallCheck","decl":{"start":{"line":9,"column":9},"end":{"line":9,"column":24}},"loc":{"start":{"line":9,"column":48},"end":{"line":9,"column":153}},"line":9},"4":{"name":"(anonymous_4)","decl":{"start":{"line":13,"column":13},"end":{"line":13,"column":14}},"loc":{"start":{"line":13,"column":25},"end":{"line":44,"column":1}},"line":13},"5":{"name":"Action","decl":{"start":{"line":14,"column":11},"end":{"line":14,"column":17}},"loc":{"start":{"line":14,"column":24},"end":{"line":34,"column":3}},"line":14},"6":{"name":"Is","decl":{"start":{"line":38,"column":20},"end":{"line":38,"column":22}},"loc":{"start":{"line":38,"column":29},"end":{"line":40,"column":5}},"line":38}},"branchMap":{"0":{"loc":{"start":{"line":7,"column":168},"end":{"line":7,"column":198}},"type":"binary-expr","locations":[{"start":{"line":7,"column":168},"end":{"line":7,"column":189}},{"start":{"line":7,"column":193},"end":{"line":7,"column":198}}],"line":7},"1":{"loc":{"start":{"line":7,"column":232},"end":{"line":7,"column":286}},"type":"if","locations":[{"start":{"line":7,"column":232},"end":{"line":7,"column":286}},{"start":{"line":7,"column":232},"end":{"line":7,"column":286}}],"line":7},"2":{"loc":{"start":{"line":7,"column":407},"end":{"line":7,"column":475}},"type":"if","locations":[{"start":{"line":7,"column":407},"end":{"line":7,"column":475}},{"start":{"line":7,"column":407},"end":{"line":7,"column":475}}],"line":7},"3":{"loc":{"start":{"line":7,"column":476},"end":{"line":7,"column":536}},"type":"if","locations":[{"start":{"line":7,"column":476},"end":{"line":7,"column":536}},{"start":{"line":7,"column":476},"end":{"line":7,"column":536}}],"line":7},"4":{"loc":{"start":{"line":9,"column":50},"end":{"line":9,"column":151}},"type":"if","locations":[{"start":{"line":9,"column":50},"end":{"line":9,"column":151}},{"start":{"line":9,"column":50},"end":{"line":9,"column":151}}],"line":9},"5":{"loc":{"start":{"line":15,"column":18},"end":{"line":15,"column":105}},"type":"cond-expr","locations":[{"start":{"line":15,"column":71},"end":{"line":15,"column":83}},{"start":{"line":15,"column":86},"end":{"line":15,"column":105}}],"line":15},"6":{"loc":{"start":{"line":15,"column":18},"end":{"line":15,"column":68}},"type":"binary-expr","locations":[{"start":{"line":15,"column":18},"end":{"line":15,"column":38}},{"start":{"line":15,"column":42},"end":{"line":15,"column":68}}],"line":15},"7":{"loc":{"start":{"line":16,"column":18},"end":{"line":16,"column":105}},"type":"cond-expr","locations":[{"start":{"line":16,"column":71},"end":{"line":16,"column":83}},{"start":{"line":16,"column":86},"end":{"line":16,"column":105}}],"line":16},"8":{"loc":{"start":{"line":16,"column":18},"end":{"line":16,"column":68}},"type":"binary-expr","locations":[{"start":{"line":16,"column":18},"end":{"line":16,"column":38}},{"start":{"line":16,"column":42},"end":{"line":16,"column":68}}],"line":16},"9":{"loc":{"start":{"line":23,"column":4},"end":{"line":25,"column":5}},"type":"if","locations":[{"start":{"line":23,"column":4},"end":{"line":25,"column":5}},{"start":{"line":23,"column":4},"end":{"line":25,"column":5}}],"line":23},"10":{"loc":{"start":{"line":23,"column":8},"end":{"line":23,"column":41}},"type":"binary-expr","locations":[{"start":{"line":23,"column":8},"end":{"line":23,"column":13}},{"start":{"line":23,"column":17},"end":{"line":23,"column":41}}],"line":23},"11":{"loc":{"start":{"line":29,"column":4},"end":{"line":31,"column":5}},"type":"if","locations":[{"start":{"line":29,"column":4},"end":{"line":31,"column":5}},{"start":{"line":29,"column":4},"end":{"line":31,"column":5}}],"line":29}},"s":{"0":1,"1":1,"2":1,"3":1,"4":1,"5":1,"6":1,"7":1,"8":1,"9":1,"10":1,"11":1,"12":1,"13":0,"14":1,"15":3,"16":0,"17":1,"18":1,"19":3,"20":3,"21":3,"22":3,"23":3,"24":3,"25":0,"26":3,"27":3,"28":3,"29":3,"30":1,"31":0,"32":1,"33":1,"34":1},"f":{"0":1,"1":1,"2":1,"3":3,"4":1,"5":3,"6":0},"b":{"0":[1,1],"1":[1,0],"2":[1,0],"3":[0,1],"4":[0,3],"5":[3,0],"6":[3,3],"7":[0,3],"8":[3,3],"9":[0,3],"10":[3,3],"11":[3,0]},"_coverageSchema":"332fd63041d2c1bcb487cc26dd0d5f7d97098a6c","hash":"5827d6980c8a22f68a1f09f187ac5047d41b0976"}
,"C:\\Users\\Carl Pryke\\freshly-squeezed-games\\@modules\\hermes\\dist\\Events.js": {"path":"C:\\Users\\Carl Pryke\\freshly-squeezed-games\\@modules\\hermes\\dist\\Events.js","statementMap":{"0":{"start":{"line":3,"column":0},"end":{"line":5,"column":3}},"1":{"start":{"line":7,"column":15},"end":{"line":7,"column":256}},"2":{"start":{"line":7,"column":52},"end":{"line":7,"column":239}},"3":{"start":{"line":7,"column":110},"end":{"line":7,"column":122}},"4":{"start":{"line":7,"column":124},"end":{"line":7,"column":237}},"5":{"start":{"line":7,"column":150},"end":{"line":7,"column":235}},"6":{"start":{"line":7,"column":207},"end":{"line":7,"column":233}},"7":{"start":{"line":7,"column":240},"end":{"line":7,"column":254}},"8":{"start":{"line":9,"column":19},"end":{"line":9,"column":563}},"9":{"start":{"line":9,"column":76},"end":{"line":9,"column":347}},"10":{"start":{"line":9,"column":134},"end":{"line":9,"column":142}},"11":{"start":{"line":9,"column":144},"end":{"line":9,"column":199}},"12":{"start":{"line":9,"column":200},"end":{"line":9,"column":231}},"13":{"start":{"line":9,"column":232},"end":{"line":9,"column":286}},"14":{"start":{"line":9,"column":259},"end":{"line":9,"column":286}},"15":{"start":{"line":9,"column":287},"end":{"line":9,"column":345}},"16":{"start":{"line":9,"column":350},"end":{"line":9,"column":559}},"17":{"start":{"line":9,"column":407},"end":{"line":9,"column":475}},"18":{"start":{"line":9,"column":423},"end":{"line":9,"column":475}},"19":{"start":{"line":9,"column":476},"end":{"line":9,"column":536}},"20":{"start":{"line":9,"column":493},"end":{"line":9,"column":536}},"21":{"start":{"line":9,"column":537},"end":{"line":9,"column":556}},"22":{"start":{"line":11,"column":50},"end":{"line":11,"column":151}},"23":{"start":{"line":11,"column":92},"end":{"line":11,"column":149}},"24":{"start":{"line":13,"column":13},"end":{"line":13,"column":15}},"25":{"start":{"line":14,"column":16},"end":{"line":14,"column":35}},"26":{"start":{"line":16,"column":14},"end":{"line":16,"column":16}},"27":{"start":{"line":18,"column":13},"end":{"line":110,"column":3}},"28":{"start":{"line":20,"column":4},"end":{"line":20,"column":34}},"29":{"start":{"line":23,"column":2},"end":{"line":107,"column":6}},"30":{"start":{"line":26,"column":6},"end":{"line":26,"column":41}},"31":{"start":{"line":27,"column":6},"end":{"line":27,"column":70}},"32":{"start":{"line":39,"column":6},"end":{"line":39,"column":21}},"33":{"start":{"line":52,"column":17},"end":{"line":52,"column":56}},"34":{"start":{"line":54,"column":6},"end":{"line":54,"column":33}},"35":{"start":{"line":55,"column":6},"end":{"line":55,"column":39}},"36":{"start":{"line":57,"column":6},"end":{"line":57,"column":26}},"37":{"start":{"line":62,"column":14},"end":{"line":62,"column":16}},"38":{"start":{"line":63,"column":18},"end":{"line":63,"column":24}},"39":{"start":{"line":65,"column":6},"end":{"line":103,"column":7}},"40":{"start":{"line":66,"column":8},"end":{"line":68,"column":9}},"41":{"start":{"line":67,"column":10},"end":{"line":67,"column":19}},"42":{"start":{"line":70,"column":19},"end":{"line":70,"column":40}},"43":{"start":{"line":72,"column":16},"end":{"line":72,"column":18}},"44":{"start":{"line":73,"column":23},"end":{"line":73,"column":29}},"45":{"start":{"line":75,"column":8},"end":{"line":102,"column":9}},"46":{"start":{"line":76,"column":10},"end":{"line":78,"column":11}},"47":{"start":{"line":77,"column":12},"end":{"line":77,"column":21}},"48":{"start":{"line":80,"column":24},"end":{"line":80,"column":43}},"49":{"start":{"line":82,"column":10},"end":{"line":97,"column":11}},"50":{"start":{"line":83,"column":26},"end":{"line":83,"column":45}},"51":{"start":{"line":85,"column":12},"end":{"line":94,"column":13}},"52":{"start":{"line":86,"column":25},"end":{"line":86,"column":49}},"53":{"start":{"line":87,"column":27},"end":{"line":87,"column":40}},"54":{"start":{"line":88,"column":23},"end":{"line":88,"column":24}},"55":{"start":{"line":89,"column":22},"end":{"line":89,"column":33}},"56":{"start":{"line":91,"column":14},"end":{"line":91,"column":64}},"57":{"start":{"line":93,"column":14},"end":{"line":93,"column":36}},"58":{"start":{"line":96,"column":12},"end":{"line":96,"column":38}},"59":{"start":{"line":99,"column":10},"end":{"line":101,"column":11}},"60":{"start":{"line":100,"column":12},"end":{"line":100,"column":32}},"61":{"start":{"line":105,"column":6},"end":{"line":105,"column":18}},"62":{"start":{"line":109,"column":2},"end":{"line":109,"column":16}},"63":{"start":{"line":112,"column":0},"end":{"line":112,"column":25}}},"fnMap":{"0":{"name":"(anonymous_0)","decl":{"start":{"line":7,"column":32},"end":{"line":7,"column":33}},"loc":{"start":{"line":7,"column":50},"end":{"line":7,"column":256}},"line":7},"1":{"name":"(anonymous_1)","decl":{"start":{"line":9,"column":19},"end":{"line":9,"column":20}},"loc":{"start":{"line":9,"column":31},"end":{"line":9,"column":561}},"line":9},"2":{"name":"defineProperties","decl":{"start":{"line":9,"column":42},"end":{"line":9,"column":58}},"loc":{"start":{"line":9,"column":74},"end":{"line":9,"column":349}},"line":9},"3":{"name":"(anonymous_3)","decl":{"start":{"line":9,"column":357},"end":{"line":9,"column":358}},"loc":{"start":{"line":9,"column":405},"end":{"line":9,"column":558}},"line":9},"4":{"name":"_classCallCheck","decl":{"start":{"line":11,"column":9},"end":{"line":11,"column":24}},"loc":{"start":{"line":11,"column":48},"end":{"line":11,"column":153}},"line":11},"5":{"name":"(anonymous_5)","decl":{"start":{"line":18,"column":13},"end":{"line":18,"column":14}},"loc":{"start":{"line":18,"column":25},"end":{"line":110,"column":1}},"line":18},"6":{"name":"Events","decl":{"start":{"line":19,"column":11},"end":{"line":19,"column":17}},"loc":{"start":{"line":19,"column":20},"end":{"line":21,"column":3}},"line":19},"7":{"name":"AddEvent","decl":{"start":{"line":25,"column":20},"end":{"line":25,"column":28}},"loc":{"start":{"line":25,"column":44},"end":{"line":28,"column":5}},"line":25},"8":{"name":"SetContext","decl":{"start":{"line":38,"column":20},"end":{"line":38,"column":30}},"loc":{"start":{"line":38,"column":37},"end":{"line":40,"column":5}},"line":38},"9":{"name":"Subscribe","decl":{"start":{"line":51,"column":20},"end":{"line":51,"column":29}},"loc":{"start":{"line":51,"column":67},"end":{"line":58,"column":5}},"line":51},"10":{"name":"Dispatch","decl":{"start":{"line":61,"column":20},"end":{"line":61,"column":28}},"loc":{"start":{"line":61,"column":31},"end":{"line":106,"column":5}},"line":61}},"branchMap":{"0":{"loc":{"start":{"line":7,"column":15},"end":{"line":7,"column":256}},"type":"binary-expr","locations":[{"start":{"line":7,"column":15},"end":{"line":7,"column":28}},{"start":{"line":7,"column":32},"end":{"line":7,"column":256}}],"line":7},"1":{"loc":{"start":{"line":7,"column":150},"end":{"line":7,"column":235}},"type":"if","locations":[{"start":{"line":7,"column":150},"end":{"line":7,"column":235}},{"start":{"line":7,"column":150},"end":{"line":7,"column":235}}],"line":7},"2":{"loc":{"start":{"line":9,"column":168},"end":{"line":9,"column":198}},"type":"binary-expr","locations":[{"start":{"line":9,"column":168},"end":{"line":9,"column":189}},{"start":{"line":9,"column":193},"end":{"line":9,"column":198}}],"line":9},"3":{"loc":{"start":{"line":9,"column":232},"end":{"line":9,"column":286}},"type":"if","locations":[{"start":{"line":9,"column":232},"end":{"line":9,"column":286}},{"start":{"line":9,"column":232},"end":{"line":9,"column":286}}],"line":9},"4":{"loc":{"start":{"line":9,"column":407},"end":{"line":9,"column":475}},"type":"if","locations":[{"start":{"line":9,"column":407},"end":{"line":9,"column":475}},{"start":{"line":9,"column":407},"end":{"line":9,"column":475}}],"line":9},"5":{"loc":{"start":{"line":9,"column":476},"end":{"line":9,"column":536}},"type":"if","locations":[{"start":{"line":9,"column":476},"end":{"line":9,"column":536}},{"start":{"line":9,"column":476},"end":{"line":9,"column":536}}],"line":9},"6":{"loc":{"start":{"line":11,"column":50},"end":{"line":11,"column":151}},"type":"if","locations":[{"start":{"line":11,"column":50},"end":{"line":11,"column":151}},{"start":{"line":11,"column":50},"end":{"line":11,"column":151}}],"line":11},"7":{"loc":{"start":{"line":52,"column":35},"end":{"line":52,"column":56}},"type":"binary-expr","locations":[{"start":{"line":52,"column":35},"end":{"line":52,"column":50}},{"start":{"line":52,"column":54},"end":{"line":52,"column":56}}],"line":52},"8":{"loc":{"start":{"line":66,"column":8},"end":{"line":68,"column":9}},"type":"if","locations":[{"start":{"line":66,"column":8},"end":{"line":68,"column":9}},{"start":{"line":66,"column":8},"end":{"line":68,"column":9}}],"line":66},"9":{"loc":{"start":{"line":76,"column":10},"end":{"line":78,"column":11}},"type":"if","locations":[{"start":{"line":76,"column":10},"end":{"line":78,"column":11}},{"start":{"line":76,"column":10},"end":{"line":78,"column":11}}],"line":76},"10":{"loc":{"start":{"line":76,"column":14},"end":{"line":76,"column":68}},"type":"binary-expr","locations":[{"start":{"line":76,"column":14},"end":{"line":76,"column":30}},{"start":{"line":76,"column":34},"end":{"line":76,"column":68}}],"line":76},"11":{"loc":{"start":{"line":82,"column":10},"end":{"line":97,"column":11}},"type":"if","locations":[{"start":{"line":82,"column":10},"end":{"line":97,"column":11}},{"start":{"line":82,"column":10},"end":{"line":97,"column":11}}],"line":82},"12":{"loc":{"start":{"line":91,"column":21},"end":{"line":91,"column":60}},"type":"binary-expr","locations":[{"start":{"line":91,"column":22},"end":{"line":91,"column":49}},{"start":{"line":91,"column":54},"end":{"line":91,"column":60}}],"line":91},"13":{"loc":{"start":{"line":99,"column":10},"end":{"line":101,"column":11}},"type":"if","locations":[{"start":{"line":99,"column":10},"end":{"line":101,"column":11}},{"start":{"line":99,"column":10},"end":{"line":101,"column":11}}],"line":99}},"s":{"0":1,"1":1,"2":0,"3":0,"4":0,"5":0,"6":0,"7":0,"8":1,"9":1,"10":4,"11":4,"12":4,"13":4,"14":4,"15":4,"16":1,"17":1,"18":0,"19":1,"20":1,"21":1,"22":0,"23":0,"24":1,"25":1,"26":1,"27":1,"28":0,"29":1,"30":3,"31":3,"32":7,"33":3,"34":3,"35":3,"36":3,"37":3,"38":3,"39":3,"40":3,"41":0,"42":3,"43":3,"44":3,"45":3,"46":3,"47":0,"48":3,"49":3,"50":2,"51":2,"52":2,"53":2,"54":2,"55":2,"56":2,"57":2,"58":2,"59":3,"60":3,"61":3,"62":1,"63":1},"f":{"0":0,"1":1,"2":1,"3":1,"4":0,"5":1,"6":0,"7":3,"8":7,"9":3,"10":3},"b":{"0":[1,0],"1":[0,0],"2":[4,4],"3":[4,0],"4":[0,1],"5":[1,0],"6":[0,0],"7":[3,1],"8":[0,3],"9":[0,3],"10":[3,3],"11":[2,1],"12":[4,4],"13":[3,0]},"_coverageSchema":"332fd63041d2c1bcb487cc26dd0d5f7d97098a6c","hash":"9677efa4d1ff4dd913282af671799e69c7b635f0"}
,"C:\\Users\\Carl Pryke\\freshly-squeezed-games\\@modules\\hermes\\dist\\Hermes.js": {"path":"C:\\Users\\Carl Pryke\\freshly-squeezed-games\\@modules\\hermes\\dist\\Hermes.js","statementMap":{"0":{"start":{"line":3,"column":0},"end":{"line":5,"column":3}},"1":{"start":{"line":6,"column":0},"end":{"line":6,"column":28}},"2":{"start":{"line":8,"column":14},"end":{"line":8,"column":268}},"3":{"start":{"line":8,"column":101},"end":{"line":8,"column":119}},"4":{"start":{"line":8,"column":141},"end":{"line":8,"column":266}},"5":{"start":{"line":10,"column":15},"end":{"line":10,"column":256}},"6":{"start":{"line":10,"column":52},"end":{"line":10,"column":239}},"7":{"start":{"line":10,"column":110},"end":{"line":10,"column":122}},"8":{"start":{"line":10,"column":124},"end":{"line":10,"column":237}},"9":{"start":{"line":10,"column":150},"end":{"line":10,"column":235}},"10":{"start":{"line":10,"column":207},"end":{"line":10,"column":233}},"11":{"start":{"line":10,"column":240},"end":{"line":10,"column":254}},"12":{"start":{"line":12,"column":19},"end":{"line":12,"column":563}},"13":{"start":{"line":12,"column":76},"end":{"line":12,"column":347}},"14":{"start":{"line":12,"column":134},"end":{"line":12,"column":142}},"15":{"start":{"line":12,"column":144},"end":{"line":12,"column":199}},"16":{"start":{"line":12,"column":200},"end":{"line":12,"column":231}},"17":{"start":{"line":12,"column":232},"end":{"line":12,"column":286}},"18":{"start":{"line":12,"column":259},"end":{"line":12,"column":286}},"19":{"start":{"line":12,"column":287},"end":{"line":12,"column":345}},"20":{"start":{"line":12,"column":350},"end":{"line":12,"column":559}},"21":{"start":{"line":12,"column":407},"end":{"line":12,"column":475}},"22":{"start":{"line":12,"column":423},"end":{"line":12,"column":475}},"23":{"start":{"line":12,"column":476},"end":{"line":12,"column":536}},"24":{"start":{"line":12,"column":493},"end":{"line":12,"column":536}},"25":{"start":{"line":12,"column":537},"end":{"line":12,"column":556}},"26":{"start":{"line":14,"column":20},"end":{"line":14,"column":45}},"27":{"start":{"line":16,"column":21},"end":{"line":16,"column":58}},"28":{"start":{"line":18,"column":15},"end":{"line":18,"column":55}},"29":{"start":{"line":20,"column":16},"end":{"line":20,"column":48}},"30":{"start":{"line":22,"column":14},"end":{"line":22,"column":33}},"31":{"start":{"line":24,"column":15},"end":{"line":24,"column":46}},"32":{"start":{"line":26,"column":15},"end":{"line":26,"column":35}},"33":{"start":{"line":28,"column":16},"end":{"line":28,"column":48}},"34":{"start":{"line":30,"column":13},"end":{"line":30,"column":31}},"35":{"start":{"line":32,"column":14},"end":{"line":32,"column":44}},"36":{"start":{"line":34,"column":14},"end":{"line":34,"column":33}},"37":{"start":{"line":36,"column":15},"end":{"line":36,"column":46}},"38":{"start":{"line":38,"column":39},"end":{"line":38,"column":93}},"39":{"start":{"line":40,"column":35},"end":{"line":40,"column":193}},"40":{"start":{"line":40,"column":61},"end":{"line":40,"column":145}},"41":{"start":{"line":40,"column":126},"end":{"line":40,"column":143}},"42":{"start":{"line":40,"column":146},"end":{"line":40,"column":158}},"43":{"start":{"line":40,"column":168},"end":{"line":40,"column":191}},"44":{"start":{"line":42,"column":50},"end":{"line":42,"column":151}},"45":{"start":{"line":42,"column":92},"end":{"line":42,"column":149}},"46":{"start":{"line":44,"column":24},"end":{"line":44,"column":40}},"47":{"start":{"line":45,"column":15},"end":{"line":45,"column":41}},"48":{"start":{"line":46,"column":21},"end":{"line":46,"column":53}},"49":{"start":{"line":48,"column":16},"end":{"line":48,"column":18}},"50":{"start":{"line":58,"column":2},"end":{"line":60,"column":3}},"51":{"start":{"line":59,"column":4},"end":{"line":59,"column":127}},"52":{"start":{"line":62,"column":17},"end":{"line":62,"column":23}},"53":{"start":{"line":64,"column":22},"end":{"line":68,"column":3}},"54":{"start":{"line":68,"column":16},"end":{"line":68,"column":35}},"55":{"start":{"line":73,"column":14},"end":{"line":73,"column":33}},"56":{"start":{"line":74,"column":17},"end":{"line":74,"column":19}},"57":{"start":{"line":76,"column":17},"end":{"line":76,"column":36}},"58":{"start":{"line":77,"column":20},"end":{"line":77,"column":22}},"59":{"start":{"line":79,"column":16},"end":{"line":79,"column":39}},"60":{"start":{"line":81,"column":2},"end":{"line":83,"column":4}},"61":{"start":{"line":82,"column":4},"end":{"line":82,"column":28}},"62":{"start":{"line":92,"column":15},"end":{"line":226,"column":5}},"63":{"start":{"line":94,"column":6},"end":{"line":94,"column":36}},"64":{"start":{"line":96,"column":6},"end":{"line":98,"column":7}},"65":{"start":{"line":97,"column":8},"end":{"line":97,"column":100}},"66":{"start":{"line":100,"column":6},"end":{"line":118,"column":7}},"67":{"start":{"line":101,"column":8},"end":{"line":101,"column":50}},"68":{"start":{"line":103,"column":8},"end":{"line":115,"column":9}},"69":{"start":{"line":104,"column":23},"end":{"line":104,"column":65}},"70":{"start":{"line":106,"column":24},"end":{"line":111,"column":18}},"71":{"start":{"line":107,"column":12},"end":{"line":107,"column":29}},"72":{"start":{"line":108,"column":12},"end":{"line":108,"column":34}},"73":{"start":{"line":110,"column":12},"end":{"line":110,"column":24}},"74":{"start":{"line":113,"column":10},"end":{"line":113,"column":33}},"75":{"start":{"line":114,"column":10},"end":{"line":114,"column":34}},"76":{"start":{"line":116,"column":13},"end":{"line":118,"column":7}},"77":{"start":{"line":117,"column":8},"end":{"line":117,"column":135}},"78":{"start":{"line":120,"column":6},"end":{"line":149,"column":7}},"79":{"start":{"line":121,"column":8},"end":{"line":121,"column":56}},"80":{"start":{"line":123,"column":8},"end":{"line":146,"column":9}},"81":{"start":{"line":124,"column":25},"end":{"line":124,"column":45}},"82":{"start":{"line":126,"column":10},"end":{"line":128,"column":11}},"83":{"start":{"line":127,"column":12},"end":{"line":127,"column":87}},"84":{"start":{"line":131,"column":10},"end":{"line":133,"column":12}},"85":{"start":{"line":132,"column":12},"end":{"line":132,"column":36}},"86":{"start":{"line":135,"column":25},"end":{"line":140,"column":18}},"87":{"start":{"line":136,"column":12},"end":{"line":136,"column":29}},"88":{"start":{"line":137,"column":12},"end":{"line":137,"column":34}},"89":{"start":{"line":139,"column":12},"end":{"line":139,"column":24}},"90":{"start":{"line":142,"column":10},"end":{"line":142,"column":37}},"91":{"start":{"line":144,"column":10},"end":{"line":144,"column":38}},"92":{"start":{"line":145,"column":10},"end":{"line":145,"column":31}},"93":{"start":{"line":147,"column":13},"end":{"line":149,"column":7}},"94":{"start":{"line":148,"column":8},"end":{"line":148,"column":153}},"95":{"start":{"line":151,"column":14},"end":{"line":151,"column":18}},"96":{"start":{"line":153,"column":6},"end":{"line":153,"column":41}},"97":{"start":{"line":154,"column":6},"end":{"line":154,"column":37}},"98":{"start":{"line":157,"column":4},"end":{"line":223,"column":8}},"99":{"start":{"line":160,"column":16},"end":{"line":160,"column":20}},"100":{"start":{"line":162,"column":8},"end":{"line":165,"column":9}},"101":{"start":{"line":163,"column":10},"end":{"line":163,"column":116}},"102":{"start":{"line":164,"column":10},"end":{"line":164,"column":19}},"103":{"start":{"line":175,"column":8},"end":{"line":177,"column":9}},"104":{"start":{"line":176,"column":10},"end":{"line":176,"column":55}},"105":{"start":{"line":179,"column":8},"end":{"line":179,"column":72}},"106":{"start":{"line":181,"column":8},"end":{"line":181,"column":17}},"107":{"start":{"line":186,"column":16},"end":{"line":186,"column":20}},"108":{"start":{"line":188,"column":8},"end":{"line":190,"column":9}},"109":{"start":{"line":189,"column":10},"end":{"line":189,"column":76}},"110":{"start":{"line":193,"column":16},"end":{"line":193,"column":34}},"111":{"start":{"line":194,"column":19},"end":{"line":194,"column":25}},"112":{"start":{"line":195,"column":22},"end":{"line":195,"column":38}},"113":{"start":{"line":198,"column":8},"end":{"line":208,"column":9}},"114":{"start":{"line":199,"column":27},"end":{"line":199,"column":49}},"115":{"start":{"line":201,"column":10},"end":{"line":207,"column":11}},"116":{"start":{"line":202,"column":12},"end":{"line":202,"column":35}},"117":{"start":{"line":205,"column":12},"end":{"line":205,"column":42}},"118":{"start":{"line":206,"column":12},"end":{"line":206,"column":18}},"119":{"start":{"line":211,"column":8},"end":{"line":211,"column":91}},"120":{"start":{"line":216,"column":8},"end":{"line":216,"column":48}},"121":{"start":{"line":221,"column":8},"end":{"line":221,"column":45}},"122":{"start":{"line":225,"column":4},"end":{"line":225,"column":18}},"123":{"start":{"line":236,"column":15},"end":{"line":236,"column":91}},"124":{"start":{"line":238,"column":12},"end":{"line":238,"column":16}},"125":{"start":{"line":240,"column":12},"end":{"line":240,"column":14}},"126":{"start":{"line":241,"column":12},"end":{"line":241,"column":23}},"127":{"start":{"line":243,"column":22},"end":{"line":243,"column":28}},"128":{"start":{"line":244,"column":22},"end":{"line":244,"column":28}},"129":{"start":{"line":246,"column":17},"end":{"line":246,"column":23}},"130":{"start":{"line":248,"column":4},"end":{"line":284,"column":5}},"131":{"start":{"line":249,"column":16},"end":{"line":249,"column":23}},"132":{"start":{"line":251,"column":6},"end":{"line":254,"column":7}},"133":{"start":{"line":253,"column":8},"end":{"line":253,"column":17}},"134":{"start":{"line":256,"column":14},"end":{"line":256,"column":26}},"135":{"start":{"line":258,"column":6},"end":{"line":268,"column":7}},"136":{"start":{"line":259,"column":19},"end":{"line":259,"column":27}},"137":{"start":{"line":261,"column":8},"end":{"line":263,"column":9}},"138":{"start":{"line":262,"column":10},"end":{"line":262,"column":16}},"139":{"start":{"line":265,"column":8},"end":{"line":267,"column":9}},"140":{"start":{"line":266,"column":10},"end":{"line":266,"column":27}},"141":{"start":{"line":270,"column":6},"end":{"line":283,"column":7}},"142":{"start":{"line":271,"column":8},"end":{"line":271,"column":22}},"143":{"start":{"line":273,"column":8},"end":{"line":273,"column":21}},"144":{"start":{"line":274,"column":8},"end":{"line":274,"column":33}},"145":{"start":{"line":276,"column":8},"end":{"line":278,"column":9}},"146":{"start":{"line":277,"column":10},"end":{"line":277,"column":40}},"147":{"start":{"line":280,"column":8},"end":{"line":280,"column":57}},"148":{"start":{"line":282,"column":8},"end":{"line":282,"column":14}},"149":{"start":{"line":286,"column":4},"end":{"line":289,"column":6}},"150":{"start":{"line":293,"column":12},"end":{"line":293,"column":16}},"151":{"start":{"line":295,"column":4},"end":{"line":297,"column":5}},"152":{"start":{"line":296,"column":6},"end":{"line":296,"column":46}},"153":{"start":{"line":299,"column":4},"end":{"line":350,"column":7}},"154":{"start":{"line":300,"column":18},"end":{"line":300,"column":33}},"155":{"start":{"line":302,"column":24},"end":{"line":302,"column":44}},"156":{"start":{"line":303,"column":24},"end":{"line":303,"column":47}},"157":{"start":{"line":304,"column":19},"end":{"line":304,"column":37}},"158":{"start":{"line":306,"column":20},"end":{"line":319,"column":7}},"159":{"start":{"line":307,"column":22},"end":{"line":307,"column":109}},"160":{"start":{"line":309,"column":8},"end":{"line":309,"column":33}},"161":{"start":{"line":312,"column":8},"end":{"line":312,"column":38}},"162":{"start":{"line":316,"column":8},"end":{"line":316,"column":36}},"163":{"start":{"line":318,"column":8},"end":{"line":318,"column":29}},"164":{"start":{"line":321,"column":6},"end":{"line":325,"column":7}},"165":{"start":{"line":323,"column":8},"end":{"line":323,"column":32}},"166":{"start":{"line":324,"column":8},"end":{"line":324,"column":15}},"167":{"start":{"line":327,"column":6},"end":{"line":327,"column":39}},"168":{"start":{"line":329,"column":6},"end":{"line":331,"column":7}},"169":{"start":{"line":330,"column":8},"end":{"line":330,"column":68}},"170":{"start":{"line":335,"column":20},"end":{"line":335,"column":40}},"171":{"start":{"line":337,"column":6},"end":{"line":337,"column":84}},"172":{"start":{"line":339,"column":6},"end":{"line":347,"column":8}},"173":{"start":{"line":340,"column":22},"end":{"line":340,"column":50}},"174":{"start":{"line":342,"column":8},"end":{"line":344,"column":9}},"175":{"start":{"line":343,"column":10},"end":{"line":343,"column":73}},"176":{"start":{"line":346,"column":8},"end":{"line":346,"column":60}},"177":{"start":{"line":349,"column":6},"end":{"line":349,"column":21}},"178":{"start":{"line":360,"column":12},"end":{"line":360,"column":16}},"179":{"start":{"line":364,"column":16},"end":{"line":380,"column":6}},"180":{"start":{"line":365,"column":17},"end":{"line":365,"column":38}},"181":{"start":{"line":367,"column":25},"end":{"line":367,"column":63}},"182":{"start":{"line":368,"column":19},"end":{"line":368,"column":38}},"183":{"start":{"line":371,"column":20},"end":{"line":371,"column":71}},"184":{"start":{"line":373,"column":6},"end":{"line":373,"column":50}},"185":{"start":{"line":375,"column":6},"end":{"line":377,"column":7}},"186":{"start":{"line":376,"column":8},"end":{"line":376,"column":53}},"187":{"start":{"line":379,"column":6},"end":{"line":379,"column":58}},"188":{"start":{"line":384,"column":4},"end":{"line":397,"column":17}},"189":{"start":{"line":385,"column":17},"end":{"line":385,"column":79}},"190":{"start":{"line":387,"column":25},"end":{"line":387,"column":63}},"191":{"start":{"line":388,"column":19},"end":{"line":388,"column":38}},"192":{"start":{"line":390,"column":6},"end":{"line":390,"column":50}},"193":{"start":{"line":392,"column":6},"end":{"line":394,"column":7}},"194":{"start":{"line":393,"column":8},"end":{"line":393,"column":53}},"195":{"start":{"line":396,"column":6},"end":{"line":396,"column":58}},"196":{"start":{"line":401,"column":15},"end":{"line":401,"column":85}},"197":{"start":{"line":403,"column":4},"end":{"line":420,"column":5}},"198":{"start":{"line":404,"column":14},"end":{"line":404,"column":16}},"199":{"start":{"line":405,"column":19},"end":{"line":405,"column":25}},"200":{"start":{"line":407,"column":6},"end":{"line":417,"column":7}},"201":{"start":{"line":408,"column":8},"end":{"line":410,"column":9}},"202":{"start":{"line":409,"column":10},"end":{"line":409,"column":19}},"203":{"start":{"line":412,"column":24},"end":{"line":412,"column":64}},"204":{"start":{"line":413,"column":25},"end":{"line":413,"column":46}},"205":{"start":{"line":415,"column":8},"end":{"line":415,"column":149}},"206":{"start":{"line":416,"column":8},"end":{"line":416,"column":57}},"207":{"start":{"line":419,"column":6},"end":{"line":419,"column":20}},"208":{"start":{"line":422,"column":4},"end":{"line":432,"column":5}},"209":{"start":{"line":423,"column":17},"end":{"line":423,"column":26}},"210":{"start":{"line":424,"column":24},"end":{"line":424,"column":43}},"211":{"start":{"line":426,"column":6},"end":{"line":431,"column":7}},"212":{"start":{"line":427,"column":25},"end":{"line":427,"column":67}},"213":{"start":{"line":429,"column":8},"end":{"line":429,"column":151}},"214":{"start":{"line":430,"column":8},"end":{"line":430,"column":60}},"215":{"start":{"line":434,"column":4},"end":{"line":434,"column":18}},"216":{"start":{"line":438,"column":20},"end":{"line":438,"column":93}},"217":{"start":{"line":441,"column":12},"end":{"line":441,"column":14}},"218":{"start":{"line":442,"column":12},"end":{"line":442,"column":24}},"219":{"start":{"line":444,"column":4},"end":{"line":446,"column":6}},"220":{"start":{"line":445,"column":6},"end":{"line":445,"column":18}},"221":{"start":{"line":448,"column":4},"end":{"line":462,"column":5}},"222":{"start":{"line":449,"column":17},"end":{"line":449,"column":25}},"223":{"start":{"line":451,"column":6},"end":{"line":453,"column":7}},"224":{"start":{"line":452,"column":8},"end":{"line":452,"column":17}},"225":{"start":{"line":455,"column":6},"end":{"line":455,"column":74}},"226":{"start":{"line":457,"column":6},"end":{"line":459,"column":7}},"227":{"start":{"line":458,"column":8},"end":{"line":458,"column":37}},"228":{"start":{"line":461,"column":6},"end":{"line":461,"column":28}},"229":{"start":{"line":464,"column":4},"end":{"line":464,"column":18}},"230":{"start":{"line":467,"column":2},"end":{"line":467,"column":78}},"231":{"start":{"line":475,"column":13},"end":{"line":475,"column":32}},"232":{"start":{"line":476,"column":22},"end":{"line":476,"column":41}},"233":{"start":{"line":478,"column":2},"end":{"line":488,"column":5}},"234":{"start":{"line":479,"column":4},"end":{"line":481,"column":5}},"235":{"start":{"line":480,"column":6},"end":{"line":480,"column":16}},"236":{"start":{"line":483,"column":4},"end":{"line":485,"column":5}},"237":{"start":{"line":484,"column":6},"end":{"line":484,"column":15}},"238":{"start":{"line":487,"column":4},"end":{"line":487,"column":13}},"239":{"start":{"line":490,"column":10},"end":{"line":490,"column":12}},"240":{"start":{"line":491,"column":10},"end":{"line":491,"column":21}},"241":{"start":{"line":493,"column":2},"end":{"line":497,"column":3}},"242":{"start":{"line":494,"column":14},"end":{"line":494,"column":21}},"243":{"start":{"line":496,"column":4},"end":{"line":496,"column":37}},"244":{"start":{"line":499,"column":2},"end":{"line":499,"column":23}},"245":{"start":{"line":502,"column":0},"end":{"line":514,"column":2}},"246":{"start":{"line":503,"column":2},"end":{"line":505,"column":3}},"247":{"start":{"line":504,"column":4},"end":{"line":504,"column":27}},"248":{"start":{"line":507,"column":2},"end":{"line":509,"column":3}},"249":{"start":{"line":508,"column":4},"end":{"line":508,"column":144}},"250":{"start":{"line":511,"column":2},"end":{"line":511,"column":20}},"251":{"start":{"line":513,"column":2},"end":{"line":513,"column":27}},"252":{"start":{"line":516,"column":0},"end":{"line":516,"column":36}},"253":{"start":{"line":517,"column":0},"end":{"line":517,"column":25}}},"fnMap":{"0":{"name":"(anonymous_0)","decl":{"start":{"line":8,"column":84},"end":{"line":8,"column":85}},"loc":{"start":{"line":8,"column":99},"end":{"line":8,"column":121}},"line":8},"1":{"name":"(anonymous_1)","decl":{"start":{"line":8,"column":124},"end":{"line":8,"column":125}},"loc":{"start":{"line":8,"column":139},"end":{"line":8,"column":268}},"line":8},"2":{"name":"(anonymous_2)","decl":{"start":{"line":10,"column":32},"end":{"line":10,"column":33}},"loc":{"start":{"line":10,"column":50},"end":{"line":10,"column":256}},"line":10},"3":{"name":"(anonymous_3)","decl":{"start":{"line":12,"column":19},"end":{"line":12,"column":20}},"loc":{"start":{"line":12,"column":31},"end":{"line":12,"column":561}},"line":12},"4":{"name":"defineProperties","decl":{"start":{"line":12,"column":42},"end":{"line":12,"column":58}},"loc":{"start":{"line":12,"column":74},"end":{"line":12,"column":349}},"line":12},"5":{"name":"(anonymous_5)","decl":{"start":{"line":12,"column":357},"end":{"line":12,"column":358}},"loc":{"start":{"line":12,"column":405},"end":{"line":12,"column":558}},"line":12},"6":{"name":"_interopRequireDefault","decl":{"start":{"line":38,"column":9},"end":{"line":38,"column":31}},"loc":{"start":{"line":38,"column":37},"end":{"line":38,"column":95}},"line":38},"7":{"name":"_toConsumableArray","decl":{"start":{"line":40,"column":9},"end":{"line":40,"column":27}},"loc":{"start":{"line":40,"column":33},"end":{"line":40,"column":195}},"line":40},"8":{"name":"_classCallCheck","decl":{"start":{"line":42,"column":9},"end":{"line":42,"column":24}},"loc":{"start":{"line":42,"column":48},"end":{"line":42,"column":153}},"line":42},"9":{"name":"Hermes","decl":{"start":{"line":57,"column":9},"end":{"line":57,"column":15}},"loc":{"start":{"line":57,"column":23},"end":{"line":468,"column":1}},"line":57},"10":{"name":"(anonymous_10)","decl":{"start":{"line":81,"column":19},"end":{"line":81,"column":20}},"loc":{"start":{"line":81,"column":31},"end":{"line":83,"column":3}},"line":81},"11":{"name":"(anonymous_11)","decl":{"start":{"line":92,"column":15},"end":{"line":92,"column":16}},"loc":{"start":{"line":92,"column":27},"end":{"line":226,"column":3}},"line":92},"12":{"name":"Hermes","decl":{"start":{"line":93,"column":13},"end":{"line":93,"column":19}},"loc":{"start":{"line":93,"column":27},"end":{"line":155,"column":5}},"line":93},"13":{"name":"(anonymous_13)","decl":{"start":{"line":106,"column":54},"end":{"line":106,"column":55}},"loc":{"start":{"line":106,"column":79},"end":{"line":111,"column":11}},"line":106},"14":{"name":"(anonymous_14)","decl":{"start":{"line":131,"column":28},"end":{"line":131,"column":29}},"loc":{"start":{"line":131,"column":40},"end":{"line":133,"column":11}},"line":131},"15":{"name":"(anonymous_15)","decl":{"start":{"line":135,"column":59},"end":{"line":135,"column":60}},"loc":{"start":{"line":135,"column":84},"end":{"line":140,"column":11}},"line":135},"16":{"name":"Subscribe","decl":{"start":{"line":159,"column":22},"end":{"line":159,"column":31}},"loc":{"start":{"line":159,"column":69},"end":{"line":182,"column":7}},"line":159},"17":{"name":"Do","decl":{"start":{"line":185,"column":22},"end":{"line":185,"column":24}},"loc":{"start":{"line":185,"column":33},"end":{"line":212,"column":7}},"line":185},"18":{"name":"Print","decl":{"start":{"line":215,"column":22},"end":{"line":215,"column":27}},"loc":{"start":{"line":215,"column":30},"end":{"line":217,"column":7}},"line":215},"19":{"name":"Instance","decl":{"start":{"line":220,"column":22},"end":{"line":220,"column":30}},"loc":{"start":{"line":220,"column":38},"end":{"line":222,"column":7}},"line":220},"20":{"name":"Trace","decl":{"start":{"line":235,"column":11},"end":{"line":235,"column":16}},"loc":{"start":{"line":235,"column":24},"end":{"line":290,"column":3}},"line":235},"21":{"name":"Query","decl":{"start":{"line":292,"column":11},"end":{"line":292,"column":16}},"loc":{"start":{"line":292,"column":31},"end":{"line":351,"column":3}},"line":292},"22":{"name":"(anonymous_22)","decl":{"start":{"line":299,"column":23},"end":{"line":299,"column":24}},"loc":{"start":{"line":299,"column":50},"end":{"line":350,"column":5}},"line":299},"23":{"name":"OnApply","decl":{"start":{"line":306,"column":29},"end":{"line":306,"column":36}},"loc":{"start":{"line":306,"column":39},"end":{"line":319,"column":7}},"line":306},"24":{"name":"(anonymous_24)","decl":{"start":{"line":339,"column":23},"end":{"line":339,"column":24}},"loc":{"start":{"line":339,"column":35},"end":{"line":347,"column":7}},"line":339},"25":{"name":"Update","decl":{"start":{"line":359,"column":11},"end":{"line":359,"column":17}},"loc":{"start":{"line":359,"column":33},"end":{"line":398,"column":3}},"line":359},"26":{"name":"(anonymous_26)","decl":{"start":{"line":364,"column":37},"end":{"line":364,"column":38}},"loc":{"start":{"line":364,"column":62},"end":{"line":380,"column":5}},"line":364},"27":{"name":"(anonymous_27)","decl":{"start":{"line":384,"column":32},"end":{"line":384,"column":33}},"loc":{"start":{"line":384,"column":63},"end":{"line":397,"column":5}},"line":384},"28":{"name":"Tree","decl":{"start":{"line":400,"column":11},"end":{"line":400,"column":15}},"loc":{"start":{"line":400,"column":38},"end":{"line":435,"column":3}},"line":400},"29":{"name":"Branch","decl":{"start":{"line":437,"column":11},"end":{"line":437,"column":17}},"loc":{"start":{"line":437,"column":41},"end":{"line":465,"column":3}},"line":437},"30":{"name":"(anonymous_30)","decl":{"start":{"line":444,"column":23},"end":{"line":444,"column":24}},"loc":{"start":{"line":444,"column":39},"end":{"line":446,"column":5}},"line":444},"31":{"name":"OrderByLongest","decl":{"start":{"line":474,"column":9},"end":{"line":474,"column":23}},"loc":{"start":{"line":474,"column":32},"end":{"line":500,"column":1}},"line":474},"32":{"name":"(anonymous_32)","decl":{"start":{"line":478,"column":12},"end":{"line":478,"column":13}},"loc":{"start":{"line":478,"column":28},"end":{"line":488,"column":3}},"line":478},"33":{"name":"(anonymous_33)","decl":{"start":{"line":502,"column":18},"end":{"line":502,"column":19}},"loc":{"start":{"line":502,"column":41},"end":{"line":514,"column":1}},"line":502}},"branchMap":{"0":{"loc":{"start":{"line":8,"column":14},"end":{"line":8,"column":268}},"type":"cond-expr","locations":[{"start":{"line":8,"column":84},"end":{"line":8,"column":121}},{"start":{"line":8,"column":124},"end":{"line":8,"column":268}}],"line":8},"1":{"loc":{"start":{"line":8,"column":14},"end":{"line":8,"column":81}},"type":"binary-expr","locations":[{"start":{"line":8,"column":14},"end":{"line":8,"column":42}},{"start":{"line":8,"column":46},"end":{"line":8,"column":81}}],"line":8},"2":{"loc":{"start":{"line":8,"column":148},"end":{"line":8,"column":265}},"type":"cond-expr","locations":[{"start":{"line":8,"column":244},"end":{"line":8,"column":252}},{"start":{"line":8,"column":255},"end":{"line":8,"column":265}}],"line":8},"3":{"loc":{"start":{"line":8,"column":148},"end":{"line":8,"column":241}},"type":"binary-expr","locations":[{"start":{"line":8,"column":148},"end":{"line":8,"column":151}},{"start":{"line":8,"column":155},"end":{"line":8,"column":183}},{"start":{"line":8,"column":187},"end":{"line":8,"column":213}},{"start":{"line":8,"column":217},"end":{"line":8,"column":241}}],"line":8},"4":{"loc":{"start":{"line":10,"column":15},"end":{"line":10,"column":256}},"type":"binary-expr","locations":[{"start":{"line":10,"column":15},"end":{"line":10,"column":28}},{"start":{"line":10,"column":32},"end":{"line":10,"column":256}}],"line":10},"5":{"loc":{"start":{"line":10,"column":150},"end":{"line":10,"column":235}},"type":"if","locations":[{"start":{"line":10,"column":150},"end":{"line":10,"column":235}},{"start":{"line":10,"column":150},"end":{"line":10,"column":235}}],"line":10},"6":{"loc":{"start":{"line":12,"column":168},"end":{"line":12,"column":198}},"type":"binary-expr","locations":[{"start":{"line":12,"column":168},"end":{"line":12,"column":189}},{"start":{"line":12,"column":193},"end":{"line":12,"column":198}}],"line":12},"7":{"loc":{"start":{"line":12,"column":232},"end":{"line":12,"column":286}},"type":"if","locations":[{"start":{"line":12,"column":232},"end":{"line":12,"column":286}},{"start":{"line":12,"column":232},"end":{"line":12,"column":286}}],"line":12},"8":{"loc":{"start":{"line":12,"column":407},"end":{"line":12,"column":475}},"type":"if","locations":[{"start":{"line":12,"column":407},"end":{"line":12,"column":475}},{"start":{"line":12,"column":407},"end":{"line":12,"column":475}}],"line":12},"9":{"loc":{"start":{"line":12,"column":476},"end":{"line":12,"column":536}},"type":"if","locations":[{"start":{"line":12,"column":476},"end":{"line":12,"column":536}},{"start":{"line":12,"column":476},"end":{"line":12,"column":536}}],"line":12},"10":{"loc":{"start":{"line":38,"column":46},"end":{"line":38,"column":92}},"type":"cond-expr","locations":[{"start":{"line":38,"column":70},"end":{"line":38,"column":73}},{"start":{"line":38,"column":76},"end":{"line":38,"column":92}}],"line":38},"11":{"loc":{"start":{"line":38,"column":46},"end":{"line":38,"column":67}},"type":"binary-expr","locations":[{"start":{"line":38,"column":46},"end":{"line":38,"column":49}},{"start":{"line":38,"column":53},"end":{"line":38,"column":67}}],"line":38},"12":{"loc":{"start":{"line":40,"column":35},"end":{"line":40,"column":193}},"type":"if","locations":[{"start":{"line":40,"column":35},"end":{"line":40,"column":193}},{"start":{"line":40,"column":35},"end":{"line":40,"column":193}}],"line":40},"13":{"loc":{"start":{"line":42,"column":50},"end":{"line":42,"column":151}},"type":"if","locations":[{"start":{"line":42,"column":50},"end":{"line":42,"column":151}},{"start":{"line":42,"column":50},"end":{"line":42,"column":151}}],"line":42},"14":{"loc":{"start":{"line":58,"column":2},"end":{"line":60,"column":3}},"type":"if","locations":[{"start":{"line":58,"column":2},"end":{"line":60,"column":3}},{"start":{"line":58,"column":2},"end":{"line":60,"column":3}}],"line":58},"15":{"loc":{"start":{"line":58,"column":6},"end":{"line":58,"column":27}},"type":"binary-expr","locations":[{"start":{"line":58,"column":6},"end":{"line":58,"column":12}},{"start":{"line":58,"column":16},"end":{"line":58,"column":27}}],"line":58},"16":{"loc":{"start":{"line":96,"column":6},"end":{"line":98,"column":7}},"type":"if","locations":[{"start":{"line":96,"column":6},"end":{"line":98,"column":7}},{"start":{"line":96,"column":6},"end":{"line":98,"column":7}}],"line":96},"17":{"loc":{"start":{"line":100,"column":6},"end":{"line":118,"column":7}},"type":"if","locations":[{"start":{"line":100,"column":6},"end":{"line":118,"column":7}},{"start":{"line":100,"column":6},"end":{"line":118,"column":7}}],"line":100},"18":{"loc":{"start":{"line":116,"column":13},"end":{"line":118,"column":7}},"type":"if","locations":[{"start":{"line":116,"column":13},"end":{"line":118,"column":7}},{"start":{"line":116,"column":13},"end":{"line":118,"column":7}}],"line":116},"19":{"loc":{"start":{"line":120,"column":6},"end":{"line":149,"column":7}},"type":"if","locations":[{"start":{"line":120,"column":6},"end":{"line":149,"column":7}},{"start":{"line":120,"column":6},"end":{"line":149,"column":7}}],"line":120},"20":{"loc":{"start":{"line":126,"column":10},"end":{"line":128,"column":11}},"type":"if","locations":[{"start":{"line":126,"column":10},"end":{"line":128,"column":11}},{"start":{"line":126,"column":10},"end":{"line":128,"column":11}}],"line":126},"21":{"loc":{"start":{"line":147,"column":13},"end":{"line":149,"column":7}},"type":"if","locations":[{"start":{"line":147,"column":13},"end":{"line":149,"column":7}},{"start":{"line":147,"column":13},"end":{"line":149,"column":7}}],"line":147},"22":{"loc":{"start":{"line":153,"column":18},"end":{"line":153,"column":40}},"type":"binary-expr","locations":[{"start":{"line":153,"column":18},"end":{"line":153,"column":31}},{"start":{"line":153,"column":35},"end":{"line":153,"column":40}}],"line":153},"23":{"loc":{"start":{"line":154,"column":16},"end":{"line":154,"column":36}},"type":"binary-expr","locations":[{"start":{"line":154,"column":16},"end":{"line":154,"column":27}},{"start":{"line":154,"column":31},"end":{"line":154,"column":36}}],"line":154},"24":{"loc":{"start":{"line":162,"column":8},"end":{"line":165,"column":9}},"type":"if","locations":[{"start":{"line":162,"column":8},"end":{"line":165,"column":9}},{"start":{"line":162,"column":8},"end":{"line":165,"column":9}}],"line":162},"25":{"loc":{"start":{"line":162,"column":12},"end":{"line":162,"column":96}},"type":"binary-expr","locations":[{"start":{"line":162,"column":12},"end":{"line":162,"column":17}},{"start":{"line":162,"column":21},"end":{"line":162,"column":45}},{"start":{"line":162,"column":49},"end":{"line":162,"column":96}}],"line":162},"26":{"loc":{"start":{"line":188,"column":8},"end":{"line":190,"column":9}},"type":"if","locations":[{"start":{"line":188,"column":8},"end":{"line":190,"column":9}},{"start":{"line":188,"column":8},"end":{"line":190,"column":9}}],"line":188},"27":{"loc":{"start":{"line":201,"column":10},"end":{"line":207,"column":11}},"type":"if","locations":[{"start":{"line":201,"column":10},"end":{"line":207,"column":11}},{"start":{"line":201,"column":10},"end":{"line":207,"column":11}}],"line":201},"28":{"loc":{"start":{"line":221,"column":15},"end":{"line":221,"column":44}},"type":"binary-expr","locations":[{"start":{"line":221,"column":15},"end":{"line":221,"column":23}},{"start":{"line":221,"column":27},"end":{"line":221,"column":44}}],"line":221},"29":{"loc":{"start":{"line":236,"column":15},"end":{"line":236,"column":91}},"type":"cond-expr","locations":[{"start":{"line":236,"column":68},"end":{"line":236,"column":80}},{"start":{"line":236,"column":83},"end":{"line":236,"column":91}}],"line":236},"30":{"loc":{"start":{"line":236,"column":15},"end":{"line":236,"column":65}},"type":"binary-expr","locations":[{"start":{"line":236,"column":15},"end":{"line":236,"column":35}},{"start":{"line":236,"column":39},"end":{"line":236,"column":65}}],"line":236},"31":{"loc":{"start":{"line":251,"column":6},"end":{"line":254,"column":7}},"type":"if","locations":[{"start":{"line":251,"column":6},"end":{"line":254,"column":7}},{"start":{"line":251,"column":6},"end":{"line":254,"column":7}}],"line":251},"32":{"loc":{"start":{"line":261,"column":8},"end":{"line":263,"column":9}},"type":"if","locations":[{"start":{"line":261,"column":8},"end":{"line":263,"column":9}},{"start":{"line":261,"column":8},"end":{"line":263,"column":9}}],"line":261},"33":{"loc":{"start":{"line":261,"column":12},"end":{"line":261,"column":78}},"type":"binary-expr","locations":[{"start":{"line":261,"column":12},"end":{"line":261,"column":34}},{"start":{"line":261,"column":38},"end":{"line":261,"column":55}},{"start":{"line":261,"column":59},"end":{"line":261,"column":78}}],"line":261},"34":{"loc":{"start":{"line":265,"column":8},"end":{"line":267,"column":9}},"type":"if","locations":[{"start":{"line":265,"column":8},"end":{"line":267,"column":9}},{"start":{"line":265,"column":8},"end":{"line":267,"column":9}}],"line":265},"35":{"loc":{"start":{"line":270,"column":6},"end":{"line":283,"column":7}},"type":"if","locations":[{"start":{"line":270,"column":6},"end":{"line":283,"column":7}},{"start":{"line":270,"column":6},"end":{"line":283,"column":7}}],"line":270},"36":{"loc":{"start":{"line":276,"column":15},"end":{"line":276,"column":45}},"type":"binary-expr","locations":[{"start":{"line":276,"column":16},"end":{"line":276,"column":32}},{"start":{"line":276,"column":37},"end":{"line":276,"column":45}}],"line":276},"37":{"loc":{"start":{"line":295,"column":4},"end":{"line":297,"column":5}},"type":"if","locations":[{"start":{"line":295,"column":4},"end":{"line":297,"column":5}},{"start":{"line":295,"column":4},"end":{"line":297,"column":5}}],"line":295},"38":{"loc":{"start":{"line":307,"column":22},"end":{"line":307,"column":109}},"type":"cond-expr","locations":[{"start":{"line":307,"column":75},"end":{"line":307,"column":87}},{"start":{"line":307,"column":90},"end":{"line":307,"column":109}}],"line":307},"39":{"loc":{"start":{"line":307,"column":22},"end":{"line":307,"column":72}},"type":"binary-expr","locations":[{"start":{"line":307,"column":22},"end":{"line":307,"column":42}},{"start":{"line":307,"column":46},"end":{"line":307,"column":72}}],"line":307},"40":{"loc":{"start":{"line":318,"column":8},"end":{"line":318,"column":28}},"type":"binary-expr","locations":[{"start":{"line":318,"column":8},"end":{"line":318,"column":15}},{"start":{"line":318,"column":19},"end":{"line":318,"column":28}}],"line":318},"41":{"loc":{"start":{"line":321,"column":6},"end":{"line":325,"column":7}},"type":"if","locations":[{"start":{"line":321,"column":6},"end":{"line":325,"column":7}},{"start":{"line":321,"column":6},"end":{"line":325,"column":7}}],"line":321},"42":{"loc":{"start":{"line":329,"column":6},"end":{"line":331,"column":7}},"type":"if","locations":[{"start":{"line":329,"column":6},"end":{"line":331,"column":7}},{"start":{"line":329,"column":6},"end":{"line":331,"column":7}}],"line":329},"43":{"loc":{"start":{"line":342,"column":8},"end":{"line":344,"column":9}},"type":"if","locations":[{"start":{"line":342,"column":8},"end":{"line":344,"column":9}},{"start":{"line":342,"column":8},"end":{"line":344,"column":9}}],"line":342},"44":{"loc":{"start":{"line":371,"column":20},"end":{"line":371,"column":71}},"type":"cond-expr","locations":[{"start":{"line":371,"column":45},"end":{"line":371,"column":59}},{"start":{"line":371,"column":62},"end":{"line":371,"column":71}}],"line":371},"45":{"loc":{"start":{"line":375,"column":6},"end":{"line":377,"column":7}},"type":"if","locations":[{"start":{"line":375,"column":6},"end":{"line":377,"column":7}},{"start":{"line":375,"column":6},"end":{"line":377,"column":7}}],"line":375},"46":{"loc":{"start":{"line":375,"column":10},"end":{"line":375,"column":36}},"type":"binary-expr","locations":[{"start":{"line":375,"column":10},"end":{"line":375,"column":17}},{"start":{"line":375,"column":21},"end":{"line":375,"column":36}}],"line":375},"47":{"loc":{"start":{"line":392,"column":6},"end":{"line":394,"column":7}},"type":"if","locations":[{"start":{"line":392,"column":6},"end":{"line":394,"column":7}},{"start":{"line":392,"column":6},"end":{"line":394,"column":7}}],"line":392},"48":{"loc":{"start":{"line":392,"column":10},"end":{"line":392,"column":36}},"type":"binary-expr","locations":[{"start":{"line":392,"column":10},"end":{"line":392,"column":17}},{"start":{"line":392,"column":21},"end":{"line":392,"column":36}}],"line":392},"49":{"loc":{"start":{"line":401,"column":15},"end":{"line":401,"column":85}},"type":"cond-expr","locations":[{"start":{"line":401,"column":68},"end":{"line":401,"column":80}},{"start":{"line":401,"column":83},"end":{"line":401,"column":85}}],"line":401},"50":{"loc":{"start":{"line":401,"column":15},"end":{"line":401,"column":65}},"type":"binary-expr","locations":[{"start":{"line":401,"column":15},"end":{"line":401,"column":35}},{"start":{"line":401,"column":39},"end":{"line":401,"column":65}}],"line":401},"51":{"loc":{"start":{"line":403,"column":4},"end":{"line":420,"column":5}},"type":"if","locations":[{"start":{"line":403,"column":4},"end":{"line":420,"column":5}},{"start":{"line":403,"column":4},"end":{"line":420,"column":5}}],"line":403},"52":{"loc":{"start":{"line":408,"column":8},"end":{"line":410,"column":9}},"type":"if","locations":[{"start":{"line":408,"column":8},"end":{"line":410,"column":9}},{"start":{"line":408,"column":8},"end":{"line":410,"column":9}}],"line":408},"53":{"loc":{"start":{"line":408,"column":13},"end":{"line":408,"column":74}},"type":"cond-expr","locations":[{"start":{"line":408,"column":45},"end":{"line":408,"column":56}},{"start":{"line":408,"column":59},"end":{"line":408,"column":74}}],"line":408},"54":{"loc":{"start":{"line":415,"column":25},"end":{"line":415,"column":120}},"type":"binary-expr","locations":[{"start":{"line":415,"column":25},"end":{"line":415,"column":34}},{"start":{"line":415,"column":39},"end":{"line":415,"column":119}}],"line":415},"55":{"loc":{"start":{"line":415,"column":39},"end":{"line":415,"column":119}},"type":"cond-expr","locations":[{"start":{"line":415,"column":73},"end":{"line":415,"column":97}},{"start":{"line":415,"column":100},"end":{"line":415,"column":119}}],"line":415},"56":{"loc":{"start":{"line":426,"column":6},"end":{"line":431,"column":7}},"type":"if","locations":[{"start":{"line":426,"column":6},"end":{"line":431,"column":7}},{"start":{"line":426,"column":6},"end":{"line":431,"column":7}}],"line":426},"57":{"loc":{"start":{"line":426,"column":10},"end":{"line":426,"column":79}},"type":"binary-expr","locations":[{"start":{"line":426,"column":10},"end":{"line":426,"column":43}},{"start":{"line":426,"column":47},"end":{"line":426,"column":79}}],"line":426},"58":{"loc":{"start":{"line":429,"column":27},"end":{"line":429,"column":123}},"type":"binary-expr","locations":[{"start":{"line":429,"column":27},"end":{"line":429,"column":38}},{"start":{"line":429,"column":43},"end":{"line":429,"column":122}}],"line":429},"59":{"loc":{"start":{"line":429,"column":43},"end":{"line":429,"column":122}},"type":"cond-expr","locations":[{"start":{"line":429,"column":78},"end":{"line":429,"column":100}},{"start":{"line":429,"column":103},"end":{"line":429,"column":122}}],"line":429},"60":{"loc":{"start":{"line":438,"column":20},"end":{"line":438,"column":93}},"type":"cond-expr","locations":[{"start":{"line":438,"column":73},"end":{"line":438,"column":85}},{"start":{"line":438,"column":88},"end":{"line":438,"column":93}}],"line":438},"61":{"loc":{"start":{"line":438,"column":20},"end":{"line":438,"column":70}},"type":"binary-expr","locations":[{"start":{"line":438,"column":20},"end":{"line":438,"column":40}},{"start":{"line":438,"column":44},"end":{"line":438,"column":70}}],"line":438},"62":{"loc":{"start":{"line":444,"column":13},"end":{"line":446,"column":5}},"type":"binary-expr","locations":[{"start":{"line":444,"column":13},"end":{"line":444,"column":19}},{"start":{"line":444,"column":23},"end":{"line":446,"column":5}}],"line":444},"63":{"loc":{"start":{"line":451,"column":6},"end":{"line":453,"column":7}},"type":"if","locations":[{"start":{"line":451,"column":6},"end":{"line":453,"column":7}},{"start":{"line":451,"column":6},"end":{"line":453,"column":7}}],"line":451},"64":{"loc":{"start":{"line":455,"column":28},"end":{"line":455,"column":63}},"type":"binary-expr","locations":[{"start":{"line":455,"column":28},"end":{"line":455,"column":40}},{"start":{"line":455,"column":44},"end":{"line":455,"column":63}}],"line":455},"65":{"loc":{"start":{"line":457,"column":6},"end":{"line":459,"column":7}},"type":"if","locations":[{"start":{"line":457,"column":6},"end":{"line":459,"column":7}},{"start":{"line":457,"column":6},"end":{"line":459,"column":7}}],"line":457},"66":{"loc":{"start":{"line":467,"column":9},"end":{"line":467,"column":77}},"type":"binary-expr","locations":[{"start":{"line":467,"column":9},"end":{"line":467,"column":30}},{"start":{"line":467,"column":35},"end":{"line":467,"column":76}}],"line":467},"67":{"loc":{"start":{"line":479,"column":4},"end":{"line":481,"column":5}},"type":"if","locations":[{"start":{"line":479,"column":4},"end":{"line":481,"column":5}},{"start":{"line":479,"column":4},"end":{"line":481,"column":5}}],"line":479},"68":{"loc":{"start":{"line":483,"column":4},"end":{"line":485,"column":5}},"type":"if","locations":[{"start":{"line":483,"column":4},"end":{"line":485,"column":5}},{"start":{"line":483,"column":4},"end":{"line":485,"column":5}}],"line":483},"69":{"loc":{"start":{"line":503,"column":2},"end":{"line":505,"column":3}},"type":"if","locations":[{"start":{"line":503,"column":2},"end":{"line":505,"column":3}},{"start":{"line":503,"column":2},"end":{"line":505,"column":3}}],"line":503},"70":{"loc":{"start":{"line":507,"column":2},"end":{"line":509,"column":3}},"type":"if","locations":[{"start":{"line":507,"column":2},"end":{"line":509,"column":3}},{"start":{"line":507,"column":2},"end":{"line":509,"column":3}}],"line":507}},"s":{"0":1,"1":1,"2":1,"3":3,"4":0,"5":1,"6":0,"7":0,"8":0,"9":0,"10":0,"11":0,"12":1,"13":2,"14":4,"15":4,"16":4,"17":4,"18":4,"19":4,"20":1,"21":1,"22":1,"23":1,"24":1,"25":1,"26":1,"27":1,"28":1,"29":1,"30":1,"31":1,"32":1,"33":1,"34":1,"35":1,"36":1,"37":1,"38":6,"39":12,"40":9,"41":10,"42":9,"43":3,"44":1,"45":0,"46":1,"47":1,"48":1,"49":1,"50":1,"51":0,"52":1,"53":1,"54":1,"55":1,"56":1,"57":1,"58":1,"59":1,"60":1,"61":0,"62":1,"63":1,"64":1,"65":0,"66":1,"67":0,"68":0,"69":0,"70":0,"71":0,"72":0,"73":0,"74":0,"75":0,"76":1,"77":0,"78":1,"79":1,"80":1,"81":1,"82":1,"83":0,"84":1,"85":3,"86":1,"87":1,"88":1,"89":1,"90":1,"91":1,"92":1,"93":0,"94":0,"95":1,"96":1,"97":1,"98":1,"99":3,"100":3,"101":0,"102":0,"103":3,"104":2,"105":3,"106":3,"107":3,"108":3,"109":0,"110":3,"111":3,"112":3,"113":3,"114":3,"115":3,"116":3,"117":3,"118":3,"119":3,"120":0,"121":0,"122":1,"123":10,"124":10,"125":10,"126":10,"127":10,"128":10,"129":10,"130":10,"131":7,"132":7,"133":4,"134":3,"135":3,"136":3,"137":3,"138":0,"139":3,"140":3,"141":3,"142":3,"143":3,"144":3,"145":3,"146":0,"147":3,"148":3,"149":10,"150":3,"151":3,"152":0,"153":3,"154":3,"155":3,"156":3,"157":3,"158":3,"159":3,"160":3,"161":3,"162":3,"163":3,"164":3,"165":3,"166":3,"167":0,"168":0,"169":0,"170":0,"171":0,"172":0,"173":0,"174":0,"175":0,"176":0,"177":0,"178":3,"179":3,"180":3,"181":3,"182":3,"183":3,"184":3,"185":3,"186":0,"187":3,"188":3,"189":4,"190":4,"191":4,"192":4,"193":4,"194":4,"195":0,"196":7,"197":7,"198":1,"199":1,"200":1,"201":3,"202":3,"203":0,"204":0,"205":0,"206":0,"207":1,"208":6,"209":6,"210":6,"211":6,"212":4,"213":4,"214":4,"215":6,"216":4,"217":4,"218":4,"219":4,"220":0,"221":4,"222":4,"223":4,"224":0,"225":4,"226":4,"227":1,"228":4,"229":4,"230":1,"231":1,"232":1,"233":1,"234":0,"235":0,"236":0,"237":0,"238":0,"239":1,"240":1,"241":1,"242":1,"243":1,"244":1,"245":1,"246":0,"247":0,"248":0,"249":0,"250":0,"251":0,"252":1,"253":1},"f":{"0":3,"1":0,"2":0,"3":1,"4":2,"5":1,"6":6,"7":12,"8":1,"9":1,"10":0,"11":1,"12":1,"13":0,"14":3,"15":1,"16":3,"17":3,"18":0,"19":0,"20":10,"21":3,"22":3,"23":3,"24":0,"25":3,"26":3,"27":4,"28":7,"29":4,"30":0,"31":1,"32":0,"33":0},"b":{"0":[1,0],"1":[1,1],"2":[0,0],"3":[0,0,0,0],"4":[1,0],"5":[0,0],"6":[4,4],"7":[4,0],"8":[1,0],"9":[1,0],"10":[5,1],"11":[6,6],"12":[9,3],"13":[0,1],"14":[0,1],"15":[1,1],"16":[0,1],"17":[0,1],"18":[0,1],"19":[1,0],"20":[0,1],"21":[0,0],"22":[1,1],"23":[1,1],"24":[0,3],"25":[3,3,3],"26":[0,3],"27":[3,0],"28":[0,0],"29":[7,3],"30":[10,7],"31":[4,3],"32":[0,3],"33":[3,3,0],"34":[3,0],"35":[3,0],"36":[3,3],"37":[0,3],"38":[3,0],"39":[3,3],"40":[3,3],"41":[3,0],"42":[0,0],"43":[0,0],"44":[3,0],"45":[0,3],"46":[3,3],"47":[4,0],"48":[4,0],"49":[7,0],"50":[7,7],"51":[1,6],"52":[3,0],"53":[0,3],"54":[0,0],"55":[0,0],"56":[4,2],"57":[6,3],"58":[4,0],"59":[0,0],"60":[1,3],"61":[4,1],"62":[4,0],"63":[0,4],"64":[4,2],"65":[1,3],"66":[1,1],"67":[0,0],"68":[0,0],"69":[0,0],"70":[0,0]},"_coverageSchema":"332fd63041d2c1bcb487cc26dd0d5f7d97098a6c","hash":"f0cd853a2b332e1594dcbf53331545c3af1ad9a8"}
,"C:\\Users\\Carl Pryke\\freshly-squeezed-games\\@modules\\hermes\\dist\\Reducer.js": {"path":"C:\\Users\\Carl Pryke\\freshly-squeezed-games\\@modules\\hermes\\dist\\Reducer.js","statementMap":{"0":{"start":{"line":3,"column":0},"end":{"line":5,"column":3}},"1":{"start":{"line":7,"column":15},"end":{"line":7,"column":256}},"2":{"start":{"line":7,"column":52},"end":{"line":7,"column":239}},"3":{"start":{"line":7,"column":110},"end":{"line":7,"column":122}},"4":{"start":{"line":7,"column":124},"end":{"line":7,"column":237}},"5":{"start":{"line":7,"column":150},"end":{"line":7,"column":235}},"6":{"start":{"line":7,"column":207},"end":{"line":7,"column":233}},"7":{"start":{"line":7,"column":240},"end":{"line":7,"column":254}},"8":{"start":{"line":9,"column":19},"end":{"line":9,"column":563}},"9":{"start":{"line":9,"column":76},"end":{"line":9,"column":347}},"10":{"start":{"line":9,"column":134},"end":{"line":9,"column":142}},"11":{"start":{"line":9,"column":144},"end":{"line":9,"column":199}},"12":{"start":{"line":9,"column":200},"end":{"line":9,"column":231}},"13":{"start":{"line":9,"column":232},"end":{"line":9,"column":286}},"14":{"start":{"line":9,"column":259},"end":{"line":9,"column":286}},"15":{"start":{"line":9,"column":287},"end":{"line":9,"column":345}},"16":{"start":{"line":9,"column":350},"end":{"line":9,"column":559}},"17":{"start":{"line":9,"column":407},"end":{"line":9,"column":475}},"18":{"start":{"line":9,"column":423},"end":{"line":9,"column":475}},"19":{"start":{"line":9,"column":476},"end":{"line":9,"column":536}},"20":{"start":{"line":9,"column":493},"end":{"line":9,"column":536}},"21":{"start":{"line":9,"column":537},"end":{"line":9,"column":556}},"22":{"start":{"line":11,"column":15},"end":{"line":11,"column":34}},"23":{"start":{"line":13,"column":15},"end":{"line":13,"column":47}},"24":{"start":{"line":15,"column":39},"end":{"line":15,"column":93}},"25":{"start":{"line":17,"column":35},"end":{"line":17,"column":193}},"26":{"start":{"line":17,"column":61},"end":{"line":17,"column":145}},"27":{"start":{"line":17,"column":126},"end":{"line":17,"column":143}},"28":{"start":{"line":17,"column":146},"end":{"line":17,"column":158}},"29":{"start":{"line":17,"column":168},"end":{"line":17,"column":191}},"30":{"start":{"line":19,"column":50},"end":{"line":19,"column":151}},"31":{"start":{"line":19,"column":92},"end":{"line":19,"column":149}},"32":{"start":{"line":21,"column":15},"end":{"line":21,"column":40}},"33":{"start":{"line":24,"column":9},"end":{"line":24,"column":10}},"34":{"start":{"line":26,"column":14},"end":{"line":123,"column":3}},"35":{"start":{"line":28,"column":4},"end":{"line":28,"column":35}},"36":{"start":{"line":30,"column":12},"end":{"line":30,"column":16}},"37":{"start":{"line":32,"column":4},"end":{"line":32,"column":30}},"38":{"start":{"line":33,"column":4},"end":{"line":33,"column":16}},"39":{"start":{"line":34,"column":4},"end":{"line":34,"column":20}},"40":{"start":{"line":36,"column":4},"end":{"line":36,"column":16}},"41":{"start":{"line":47,"column":2},"end":{"line":120,"column":6}},"42":{"start":{"line":50,"column":6},"end":{"line":50,"column":18}},"43":{"start":{"line":68,"column":18},"end":{"line":68,"column":105}},"44":{"start":{"line":69,"column":20},"end":{"line":69,"column":107}},"45":{"start":{"line":71,"column":14},"end":{"line":71,"column":18}},"46":{"start":{"line":73,"column":6},"end":{"line":79,"column":7}},"47":{"start":{"line":74,"column":8},"end":{"line":76,"column":9}},"48":{"start":{"line":75,"column":10},"end":{"line":75,"column":47}},"49":{"start":{"line":78,"column":8},"end":{"line":78,"column":54}},"50":{"start":{"line":81,"column":6},"end":{"line":81,"column":45}},"51":{"start":{"line":83,"column":6},"end":{"line":83,"column":42}},"52":{"start":{"line":97,"column":18},"end":{"line":97,"column":22}},"53":{"start":{"line":99,"column":19},"end":{"line":99,"column":63}},"54":{"start":{"line":101,"column":6},"end":{"line":103,"column":8}},"55":{"start":{"line":102,"column":8},"end":{"line":102,"column":21}},"56":{"start":{"line":105,"column":6},"end":{"line":105,"column":20}},"57":{"start":{"line":118,"column":6},"end":{"line":118,"column":46}},"58":{"start":{"line":122,"column":2},"end":{"line":122,"column":17}},"59":{"start":{"line":125,"column":0},"end":{"line":127,"column":2}},"60":{"start":{"line":128,"column":0},"end":{"line":128,"column":26}}},"fnMap":{"0":{"name":"(anonymous_0)","decl":{"start":{"line":7,"column":32},"end":{"line":7,"column":33}},"loc":{"start":{"line":7,"column":50},"end":{"line":7,"column":256}},"line":7},"1":{"name":"(anonymous_1)","decl":{"start":{"line":9,"column":19},"end":{"line":9,"column":20}},"loc":{"start":{"line":9,"column":31},"end":{"line":9,"column":561}},"line":9},"2":{"name":"defineProperties","decl":{"start":{"line":9,"column":42},"end":{"line":9,"column":58}},"loc":{"start":{"line":9,"column":74},"end":{"line":9,"column":349}},"line":9},"3":{"name":"(anonymous_3)","decl":{"start":{"line":9,"column":357},"end":{"line":9,"column":358}},"loc":{"start":{"line":9,"column":405},"end":{"line":9,"column":558}},"line":9},"4":{"name":"_interopRequireDefault","decl":{"start":{"line":15,"column":9},"end":{"line":15,"column":31}},"loc":{"start":{"line":15,"column":37},"end":{"line":15,"column":95}},"line":15},"5":{"name":"_toConsumableArray","decl":{"start":{"line":17,"column":9},"end":{"line":17,"column":27}},"loc":{"start":{"line":17,"column":33},"end":{"line":17,"column":195}},"line":17},"6":{"name":"_classCallCheck","decl":{"start":{"line":19,"column":9},"end":{"line":19,"column":24}},"loc":{"start":{"line":19,"column":48},"end":{"line":19,"column":153}},"line":19},"7":{"name":"(anonymous_7)","decl":{"start":{"line":26,"column":14},"end":{"line":26,"column":15}},"loc":{"start":{"line":26,"column":26},"end":{"line":123,"column":1}},"line":26},"8":{"name":"Reducer","decl":{"start":{"line":27,"column":11},"end":{"line":27,"column":18}},"loc":{"start":{"line":27,"column":28},"end":{"line":37,"column":3}},"line":27},"9":{"name":"Submission","decl":{"start":{"line":49,"column":20},"end":{"line":49,"column":30}},"loc":{"start":{"line":49,"column":39},"end":{"line":51,"column":5}},"line":49},"10":{"name":"Reduce","decl":{"start":{"line":67,"column":20},"end":{"line":67,"column":26}},"loc":{"start":{"line":67,"column":35},"end":{"line":84,"column":5}},"line":67},"11":{"name":"Action","decl":{"start":{"line":96,"column":20},"end":{"line":96,"column":26}},"loc":{"start":{"line":96,"column":51},"end":{"line":106,"column":5}},"line":96},"12":{"name":"(anonymous_12)","decl":{"start":{"line":101,"column":23},"end":{"line":101,"column":24}},"loc":{"start":{"line":101,"column":35},"end":{"line":103,"column":7}},"line":101},"13":{"name":"Dispatch","decl":{"start":{"line":117,"column":20},"end":{"line":117,"column":28}},"loc":{"start":{"line":117,"column":46},"end":{"line":119,"column":5}},"line":117}},"branchMap":{"0":{"loc":{"start":{"line":7,"column":15},"end":{"line":7,"column":256}},"type":"binary-expr","locations":[{"start":{"line":7,"column":15},"end":{"line":7,"column":28}},{"start":{"line":7,"column":32},"end":{"line":7,"column":256}}],"line":7},"1":{"loc":{"start":{"line":7,"column":150},"end":{"line":7,"column":235}},"type":"if","locations":[{"start":{"line":7,"column":150},"end":{"line":7,"column":235}},{"start":{"line":7,"column":150},"end":{"line":7,"column":235}}],"line":7},"2":{"loc":{"start":{"line":9,"column":168},"end":{"line":9,"column":198}},"type":"binary-expr","locations":[{"start":{"line":9,"column":168},"end":{"line":9,"column":189}},{"start":{"line":9,"column":193},"end":{"line":9,"column":198}}],"line":9},"3":{"loc":{"start":{"line":9,"column":232},"end":{"line":9,"column":286}},"type":"if","locations":[{"start":{"line":9,"column":232},"end":{"line":9,"column":286}},{"start":{"line":9,"column":232},"end":{"line":9,"column":286}}],"line":9},"4":{"loc":{"start":{"line":9,"column":407},"end":{"line":9,"column":475}},"type":"if","locations":[{"start":{"line":9,"column":407},"end":{"line":9,"column":475}},{"start":{"line":9,"column":407},"end":{"line":9,"column":475}}],"line":9},"5":{"loc":{"start":{"line":9,"column":476},"end":{"line":9,"column":536}},"type":"if","locations":[{"start":{"line":9,"column":476},"end":{"line":9,"column":536}},{"start":{"line":9,"column":476},"end":{"line":9,"column":536}}],"line":9},"6":{"loc":{"start":{"line":15,"column":46},"end":{"line":15,"column":92}},"type":"cond-expr","locations":[{"start":{"line":15,"column":70},"end":{"line":15,"column":73}},{"start":{"line":15,"column":76},"end":{"line":15,"column":92}}],"line":15},"7":{"loc":{"start":{"line":15,"column":46},"end":{"line":15,"column":67}},"type":"binary-expr","locations":[{"start":{"line":15,"column":46},"end":{"line":15,"column":49}},{"start":{"line":15,"column":53},"end":{"line":15,"column":67}}],"line":15},"8":{"loc":{"start":{"line":17,"column":35},"end":{"line":17,"column":193}},"type":"if","locations":[{"start":{"line":17,"column":35},"end":{"line":17,"column":193}},{"start":{"line":17,"column":35},"end":{"line":17,"column":193}}],"line":17},"9":{"loc":{"start":{"line":19,"column":50},"end":{"line":19,"column":151}},"type":"if","locations":[{"start":{"line":19,"column":50},"end":{"line":19,"column":151}},{"start":{"line":19,"column":50},"end":{"line":19,"column":151}}],"line":19},"10":{"loc":{"start":{"line":32,"column":16},"end":{"line":32,"column":29}},"type":"binary-expr","locations":[{"start":{"line":32,"column":16},"end":{"line":32,"column":23}},{"start":{"line":32,"column":27},"end":{"line":32,"column":29}}],"line":32},"11":{"loc":{"start":{"line":68,"column":18},"end":{"line":68,"column":105}},"type":"cond-expr","locations":[{"start":{"line":68,"column":71},"end":{"line":68,"column":83}},{"start":{"line":68,"column":86},"end":{"line":68,"column":105}}],"line":68},"12":{"loc":{"start":{"line":68,"column":18},"end":{"line":68,"column":68}},"type":"binary-expr","locations":[{"start":{"line":68,"column":18},"end":{"line":68,"column":38}},{"start":{"line":68,"column":42},"end":{"line":68,"column":68}}],"line":68},"13":{"loc":{"start":{"line":69,"column":20},"end":{"line":69,"column":107}},"type":"cond-expr","locations":[{"start":{"line":69,"column":73},"end":{"line":69,"column":85}},{"start":{"line":69,"column":88},"end":{"line":69,"column":107}}],"line":69},"14":{"loc":{"start":{"line":69,"column":20},"end":{"line":69,"column":70}},"type":"binary-expr","locations":[{"start":{"line":69,"column":20},"end":{"line":69,"column":40}},{"start":{"line":69,"column":44},"end":{"line":69,"column":70}}],"line":69},"15":{"loc":{"start":{"line":73,"column":6},"end":{"line":79,"column":7}},"type":"if","locations":[{"start":{"line":73,"column":6},"end":{"line":79,"column":7}},{"start":{"line":73,"column":6},"end":{"line":79,"column":7}}],"line":73},"16":{"loc":{"start":{"line":74,"column":8},"end":{"line":76,"column":9}},"type":"if","locations":[{"start":{"line":74,"column":8},"end":{"line":76,"column":9}},{"start":{"line":74,"column":8},"end":{"line":76,"column":9}}],"line":74}},"s":{"0":1,"1":1,"2":0,"3":0,"4":0,"5":0,"6":0,"7":0,"8":1,"9":1,"10":4,"11":4,"12":4,"13":4,"14":4,"15":4,"16":1,"17":1,"18":1,"19":1,"20":0,"21":1,"22":1,"23":1,"24":1,"25":2,"26":2,"27":6,"28":2,"29":0,"30":2,"31":0,"32":1,"33":1,"34":1,"35":2,"36":2,"37":2,"38":2,"39":2,"40":2,"41":1,"42":3,"43":4,"44":4,"45":4,"46":4,"47":1,"48":1,"49":1,"50":3,"51":3,"52":3,"53":3,"54":3,"55":3,"56":3,"57":3,"58":1,"59":1,"60":1},"f":{"0":0,"1":1,"2":1,"3":1,"4":1,"5":2,"6":2,"7":1,"8":2,"9":3,"10":4,"11":3,"12":3,"13":3},"b":{"0":[1,0],"1":[0,0],"2":[4,4],"3":[4,0],"4":[1,0],"5":[0,1],"6":[1,0],"7":[1,1],"8":[2,0],"9":[0,2],"10":[2,1],"11":[4,0],"12":[4,4],"13":[4,0],"14":[4,4],"15":[1,3],"16":[1,0]},"_coverageSchema":"332fd63041d2c1bcb487cc26dd0d5f7d97098a6c","hash":"469a29c31a400160c7c234bd5702a28d78ee1b2d"}
,"C:\\Users\\Carl Pryke\\freshly-squeezed-games\\@modules\\hermes\\dist\\Route.js": {"path":"C:\\Users\\Carl Pryke\\freshly-squeezed-games\\@modules\\hermes\\dist\\Route.js","statementMap":{"0":{"start":{"line":3,"column":0},"end":{"line":5,"column":3}},"1":{"start":{"line":7,"column":14},"end":{"line":7,"column":268}},"2":{"start":{"line":7,"column":101},"end":{"line":7,"column":119}},"3":{"start":{"line":7,"column":141},"end":{"line":7,"column":266}},"4":{"start":{"line":9,"column":20},"end":{"line":9,"column":45}},"5":{"start":{"line":11,"column":21},"end":{"line":11,"column":58}},"6":{"start":{"line":13,"column":39},"end":{"line":13,"column":93}},"7":{"start":{"line":15,"column":50},"end":{"line":15,"column":151}},"8":{"start":{"line":15,"column":92},"end":{"line":15,"column":149}},"9":{"start":{"line":22,"column":12},"end":{"line":43,"column":1}},"10":{"start":{"line":23,"column":2},"end":{"line":23,"column":31}},"11":{"start":{"line":25,"column":10},"end":{"line":25,"column":14}},"12":{"start":{"line":27,"column":2},"end":{"line":29,"column":3}},"13":{"start":{"line":28,"column":4},"end":{"line":28,"column":32}},"14":{"start":{"line":31,"column":2},"end":{"line":31,"column":50}},"15":{"start":{"line":32,"column":2},"end":{"line":32,"column":43}},"16":{"start":{"line":34,"column":2},"end":{"line":36,"column":3}},"17":{"start":{"line":35,"column":4},"end":{"line":35,"column":11}},"18":{"start":{"line":38,"column":2},"end":{"line":38,"column":24}},"19":{"start":{"line":40,"column":2},"end":{"line":42,"column":3}},"20":{"start":{"line":41,"column":4},"end":{"line":41,"column":38}},"21":{"start":{"line":45,"column":0},"end":{"line":45,"column":24}}},"fnMap":{"0":{"name":"(anonymous_0)","decl":{"start":{"line":7,"column":84},"end":{"line":7,"column":85}},"loc":{"start":{"line":7,"column":99},"end":{"line":7,"column":121}},"line":7},"1":{"name":"(anonymous_1)","decl":{"start":{"line":7,"column":124},"end":{"line":7,"column":125}},"loc":{"start":{"line":7,"column":139},"end":{"line":7,"column":268}},"line":7},"2":{"name":"_interopRequireDefault","decl":{"start":{"line":13,"column":9},"end":{"line":13,"column":31}},"loc":{"start":{"line":13,"column":37},"end":{"line":13,"column":95}},"line":13},"3":{"name":"_classCallCheck","decl":{"start":{"line":15,"column":9},"end":{"line":15,"column":24}},"loc":{"start":{"line":15,"column":48},"end":{"line":15,"column":153}},"line":15},"4":{"name":"Route","decl":{"start":{"line":22,"column":21},"end":{"line":22,"column":26}},"loc":{"start":{"line":22,"column":40},"end":{"line":43,"column":1}},"line":22}},"branchMap":{"0":{"loc":{"start":{"line":7,"column":14},"end":{"line":7,"column":268}},"type":"cond-expr","locations":[{"start":{"line":7,"column":84},"end":{"line":7,"column":121}},{"start":{"line":7,"column":124},"end":{"line":7,"column":268}}],"line":7},"1":{"loc":{"start":{"line":7,"column":14},"end":{"line":7,"column":81}},"type":"binary-expr","locations":[{"start":{"line":7,"column":14},"end":{"line":7,"column":42}},{"start":{"line":7,"column":46},"end":{"line":7,"column":81}}],"line":7},"2":{"loc":{"start":{"line":7,"column":148},"end":{"line":7,"column":265}},"type":"cond-expr","locations":[{"start":{"line":7,"column":244},"end":{"line":7,"column":252}},{"start":{"line":7,"column":255},"end":{"line":7,"column":265}}],"line":7},"3":{"loc":{"start":{"line":7,"column":148},"end":{"line":7,"column":241}},"type":"binary-expr","locations":[{"start":{"line":7,"column":148},"end":{"line":7,"column":151}},{"start":{"line":7,"column":155},"end":{"line":7,"column":183}},{"start":{"line":7,"column":187},"end":{"line":7,"column":213}},{"start":{"line":7,"column":217},"end":{"line":7,"column":241}}],"line":7},"4":{"loc":{"start":{"line":13,"column":46},"end":{"line":13,"column":92}},"type":"cond-expr","locations":[{"start":{"line":13,"column":70},"end":{"line":13,"column":73}},{"start":{"line":13,"column":76},"end":{"line":13,"column":92}}],"line":13},"5":{"loc":{"start":{"line":13,"column":46},"end":{"line":13,"column":67}},"type":"binary-expr","locations":[{"start":{"line":13,"column":46},"end":{"line":13,"column":49}},{"start":{"line":13,"column":53},"end":{"line":13,"column":67}}],"line":13},"6":{"loc":{"start":{"line":15,"column":50},"end":{"line":15,"column":151}},"type":"if","locations":[{"start":{"line":15,"column":50},"end":{"line":15,"column":151}},{"start":{"line":15,"column":50},"end":{"line":15,"column":151}}],"line":15},"7":{"loc":{"start":{"line":27,"column":2},"end":{"line":29,"column":3}},"type":"if","locations":[{"start":{"line":27,"column":2},"end":{"line":29,"column":3}},{"start":{"line":27,"column":2},"end":{"line":29,"column":3}}],"line":27},"8":{"loc":{"start":{"line":27,"column":7},"end":{"line":27,"column":66}},"type":"cond-expr","locations":[{"start":{"line":27,"column":38},"end":{"line":27,"column":49}},{"start":{"line":27,"column":52},"end":{"line":27,"column":66}}],"line":27},"9":{"loc":{"start":{"line":34,"column":2},"end":{"line":36,"column":3}},"type":"if","locations":[{"start":{"line":34,"column":2},"end":{"line":36,"column":3}},{"start":{"line":34,"column":2},"end":{"line":36,"column":3}}],"line":34},"10":{"loc":{"start":{"line":40,"column":2},"end":{"line":42,"column":3}},"type":"if","locations":[{"start":{"line":40,"column":2},"end":{"line":42,"column":3}},{"start":{"line":40,"column":2},"end":{"line":42,"column":3}}],"line":40}},"s":{"0":1,"1":1,"2":0,"3":0,"4":1,"5":1,"6":1,"7":0,"8":0,"9":1,"10":0,"11":0,"12":0,"13":0,"14":0,"15":0,"16":0,"17":0,"18":0,"19":0,"20":0,"21":1},"f":{"0":0,"1":0,"2":1,"3":0,"4":0},"b":{"0":[1,0],"1":[1,1],"2":[0,0],"3":[0,0,0,0],"4":[0,1],"5":[1,1],"6":[0,0],"7":[0,0],"8":[0,0],"9":[0,0],"10":[0,0]},"_coverageSchema":"332fd63041d2c1bcb487cc26dd0d5f7d97098a6c","hash":"89a9d13fb3d041c42f7124642789882e04f32fe7"}
}
