{"C:\\Users\\Carl Pryke\\freshly-squeezed-games\\@modules\\hermes\\dist\\Action.js": {"path":"C:\\Users\\Carl Pryke\\freshly-squeezed-games\\@modules\\hermes\\dist\\Action.js","statementMap":{"0":{"start":{"line":3,"column":0},"end":{"line":5,"column":3}},"1":{"start":{"line":7,"column":19},"end":{"line":7,"column":563}},"2":{"start":{"line":7,"column":76},"end":{"line":7,"column":347}},"3":{"start":{"line":7,"column":134},"end":{"line":7,"column":142}},"4":{"start":{"line":7,"column":144},"end":{"line":7,"column":199}},"5":{"start":{"line":7,"column":200},"end":{"line":7,"column":231}},"6":{"start":{"line":7,"column":232},"end":{"line":7,"column":286}},"7":{"start":{"line":7,"column":259},"end":{"line":7,"column":286}},"8":{"start":{"line":7,"column":287},"end":{"line":7,"column":345}},"9":{"start":{"line":7,"column":350},"end":{"line":7,"column":559}},"10":{"start":{"line":7,"column":407},"end":{"line":7,"column":475}},"11":{"start":{"line":7,"column":423},"end":{"line":7,"column":475}},"12":{"start":{"line":7,"column":476},"end":{"line":7,"column":536}},"13":{"start":{"line":7,"column":493},"end":{"line":7,"column":536}},"14":{"start":{"line":7,"column":537},"end":{"line":7,"column":556}},"15":{"start":{"line":9,"column":50},"end":{"line":9,"column":151}},"16":{"start":{"line":9,"column":92},"end":{"line":9,"column":149}},"17":{"start":{"line":11,"column":15},"end":{"line":11,"column":40}},"18":{"start":{"line":13,"column":13},"end":{"line":43,"column":3}},"19":{"start":{"line":15,"column":18},"end":{"line":15,"column":105}},"20":{"start":{"line":16,"column":18},"end":{"line":16,"column":105}},"21":{"start":{"line":18,"column":4},"end":{"line":18,"column":34}},"22":{"start":{"line":20,"column":12},"end":{"line":20,"column":16}},"23":{"start":{"line":22,"column":4},"end":{"line":24,"column":5}},"24":{"start":{"line":23,"column":6},"end":{"line":23,"column":73}},"25":{"start":{"line":26,"column":4},"end":{"line":26,"column":18}},"26":{"start":{"line":28,"column":4},"end":{"line":30,"column":5}},"27":{"start":{"line":29,"column":6},"end":{"line":29,"column":26}},"28":{"start":{"line":32,"column":4},"end":{"line":32,"column":24}},"29":{"start":{"line":35,"column":2},"end":{"line":40,"column":6}},"30":{"start":{"line":38,"column":6},"end":{"line":38,"column":32}},"31":{"start":{"line":42,"column":2},"end":{"line":42,"column":16}},"32":{"start":{"line":45,"column":0},"end":{"line":45,"column":34}},"33":{"start":{"line":46,"column":0},"end":{"line":46,"column":25}}},"fnMap":{"0":{"name":"(anonymous_0)","decl":{"start":{"line":7,"column":19},"end":{"line":7,"column":20}},"loc":{"start":{"line":7,"column":31},"end":{"line":7,"column":561}},"line":7},"1":{"name":"defineProperties","decl":{"start":{"line":7,"column":42},"end":{"line":7,"column":58}},"loc":{"start":{"line":7,"column":74},"end":{"line":7,"column":349}},"line":7},"2":{"name":"(anonymous_2)","decl":{"start":{"line":7,"column":357},"end":{"line":7,"column":358}},"loc":{"start":{"line":7,"column":405},"end":{"line":7,"column":558}},"line":7},"3":{"name":"_classCallCheck","decl":{"start":{"line":9,"column":9},"end":{"line":9,"column":24}},"loc":{"start":{"line":9,"column":48},"end":{"line":9,"column":153}},"line":9},"4":{"name":"(anonymous_4)","decl":{"start":{"line":13,"column":13},"end":{"line":13,"column":14}},"loc":{"start":{"line":13,"column":25},"end":{"line":43,"column":1}},"line":13},"5":{"name":"Action","decl":{"start":{"line":14,"column":11},"end":{"line":14,"column":17}},"loc":{"start":{"line":14,"column":24},"end":{"line":33,"column":3}},"line":14},"6":{"name":"Is","decl":{"start":{"line":37,"column":20},"end":{"line":37,"column":22}},"loc":{"start":{"line":37,"column":29},"end":{"line":39,"column":5}},"line":37}},"branchMap":{"0":{"loc":{"start":{"line":7,"column":168},"end":{"line":7,"column":198}},"type":"binary-expr","locations":[{"start":{"line":7,"column":168},"end":{"line":7,"column":189}},{"start":{"line":7,"column":193},"end":{"line":7,"column":198}}],"line":7},"1":{"loc":{"start":{"line":7,"column":232},"end":{"line":7,"column":286}},"type":"if","locations":[{"start":{"line":7,"column":232},"end":{"line":7,"column":286}},{"start":{"line":7,"column":232},"end":{"line":7,"column":286}}],"line":7},"2":{"loc":{"start":{"line":7,"column":407},"end":{"line":7,"column":475}},"type":"if","locations":[{"start":{"line":7,"column":407},"end":{"line":7,"column":475}},{"start":{"line":7,"column":407},"end":{"line":7,"column":475}}],"line":7},"3":{"loc":{"start":{"line":7,"column":476},"end":{"line":7,"column":536}},"type":"if","locations":[{"start":{"line":7,"column":476},"end":{"line":7,"column":536}},{"start":{"line":7,"column":476},"end":{"line":7,"column":536}}],"line":7},"4":{"loc":{"start":{"line":9,"column":50},"end":{"line":9,"column":151}},"type":"if","locations":[{"start":{"line":9,"column":50},"end":{"line":9,"column":151}},{"start":{"line":9,"column":50},"end":{"line":9,"column":151}}],"line":9},"5":{"loc":{"start":{"line":15,"column":18},"end":{"line":15,"column":105}},"type":"cond-expr","locations":[{"start":{"line":15,"column":71},"end":{"line":15,"column":83}},{"start":{"line":15,"column":86},"end":{"line":15,"column":105}}],"line":15},"6":{"loc":{"start":{"line":15,"column":18},"end":{"line":15,"column":68}},"type":"binary-expr","locations":[{"start":{"line":15,"column":18},"end":{"line":15,"column":38}},{"start":{"line":15,"column":42},"end":{"line":15,"column":68}}],"line":15},"7":{"loc":{"start":{"line":16,"column":18},"end":{"line":16,"column":105}},"type":"cond-expr","locations":[{"start":{"line":16,"column":71},"end":{"line":16,"column":83}},{"start":{"line":16,"column":86},"end":{"line":16,"column":105}}],"line":16},"8":{"loc":{"start":{"line":16,"column":18},"end":{"line":16,"column":68}},"type":"binary-expr","locations":[{"start":{"line":16,"column":18},"end":{"line":16,"column":38}},{"start":{"line":16,"column":42},"end":{"line":16,"column":68}}],"line":16},"9":{"loc":{"start":{"line":22,"column":4},"end":{"line":24,"column":5}},"type":"if","locations":[{"start":{"line":22,"column":4},"end":{"line":24,"column":5}},{"start":{"line":22,"column":4},"end":{"line":24,"column":5}}],"line":22},"10":{"loc":{"start":{"line":22,"column":8},"end":{"line":22,"column":41}},"type":"binary-expr","locations":[{"start":{"line":22,"column":8},"end":{"line":22,"column":13}},{"start":{"line":22,"column":17},"end":{"line":22,"column":41}}],"line":22},"11":{"loc":{"start":{"line":28,"column":4},"end":{"line":30,"column":5}},"type":"if","locations":[{"start":{"line":28,"column":4},"end":{"line":30,"column":5}},{"start":{"line":28,"column":4},"end":{"line":30,"column":5}}],"line":28}},"s":{"0":1,"1":1,"2":1,"3":1,"4":1,"5":1,"6":1,"7":1,"8":1,"9":1,"10":1,"11":1,"12":1,"13":0,"14":1,"15":5,"16":0,"17":1,"18":1,"19":5,"20":5,"21":5,"22":5,"23":5,"24":0,"25":5,"26":5,"27":5,"28":5,"29":1,"30":0,"31":1,"32":1,"33":1},"f":{"0":1,"1":1,"2":1,"3":5,"4":1,"5":5,"6":0},"b":{"0":[1,1],"1":[1,0],"2":[1,0],"3":[0,1],"4":[0,5],"5":[5,0],"6":[5,5],"7":[0,5],"8":[5,5],"9":[0,5],"10":[5,5],"11":[5,0]},"_coverageSchema":"332fd63041d2c1bcb487cc26dd0d5f7d97098a6c","hash":"39e7e550a6742141eb7cfa1737eaf39185e5440b"}
,"C:\\Users\\Carl Pryke\\freshly-squeezed-games\\@modules\\hermes\\dist\\Hermes.js": {"path":"C:\\Users\\Carl Pryke\\freshly-squeezed-games\\@modules\\hermes\\dist\\Hermes.js","statementMap":{"0":{"start":{"line":3,"column":0},"end":{"line":5,"column":3}},"1":{"start":{"line":7,"column":14},"end":{"line":7,"column":268}},"2":{"start":{"line":7,"column":101},"end":{"line":7,"column":119}},"3":{"start":{"line":7,"column":141},"end":{"line":7,"column":266}},"4":{"start":{"line":9,"column":15},"end":{"line":9,"column":256}},"5":{"start":{"line":9,"column":52},"end":{"line":9,"column":239}},"6":{"start":{"line":9,"column":110},"end":{"line":9,"column":122}},"7":{"start":{"line":9,"column":124},"end":{"line":9,"column":237}},"8":{"start":{"line":9,"column":150},"end":{"line":9,"column":235}},"9":{"start":{"line":9,"column":207},"end":{"line":9,"column":233}},"10":{"start":{"line":9,"column":240},"end":{"line":9,"column":254}},"11":{"start":{"line":11,"column":19},"end":{"line":11,"column":563}},"12":{"start":{"line":11,"column":76},"end":{"line":11,"column":347}},"13":{"start":{"line":11,"column":134},"end":{"line":11,"column":142}},"14":{"start":{"line":11,"column":144},"end":{"line":11,"column":199}},"15":{"start":{"line":11,"column":200},"end":{"line":11,"column":231}},"16":{"start":{"line":11,"column":232},"end":{"line":11,"column":286}},"17":{"start":{"line":11,"column":259},"end":{"line":11,"column":286}},"18":{"start":{"line":11,"column":287},"end":{"line":11,"column":345}},"19":{"start":{"line":11,"column":350},"end":{"line":11,"column":559}},"20":{"start":{"line":11,"column":407},"end":{"line":11,"column":475}},"21":{"start":{"line":11,"column":423},"end":{"line":11,"column":475}},"22":{"start":{"line":11,"column":476},"end":{"line":11,"column":536}},"23":{"start":{"line":11,"column":493},"end":{"line":11,"column":536}},"24":{"start":{"line":11,"column":537},"end":{"line":11,"column":556}},"25":{"start":{"line":13,"column":20},"end":{"line":13,"column":45}},"26":{"start":{"line":15,"column":21},"end":{"line":15,"column":58}},"27":{"start":{"line":17,"column":14},"end":{"line":17,"column":33}},"28":{"start":{"line":19,"column":15},"end":{"line":19,"column":46}},"29":{"start":{"line":21,"column":15},"end":{"line":21,"column":35}},"30":{"start":{"line":23,"column":16},"end":{"line":23,"column":48}},"31":{"start":{"line":25,"column":13},"end":{"line":25,"column":31}},"32":{"start":{"line":27,"column":14},"end":{"line":27,"column":44}},"33":{"start":{"line":29,"column":13},"end":{"line":29,"column":31}},"34":{"start":{"line":31,"column":39},"end":{"line":31,"column":93}},"35":{"start":{"line":33,"column":35},"end":{"line":33,"column":193}},"36":{"start":{"line":33,"column":61},"end":{"line":33,"column":145}},"37":{"start":{"line":33,"column":126},"end":{"line":33,"column":143}},"38":{"start":{"line":33,"column":146},"end":{"line":33,"column":158}},"39":{"start":{"line":33,"column":168},"end":{"line":33,"column":191}},"40":{"start":{"line":35,"column":33},"end":{"line":35,"column":456}},"41":{"start":{"line":35,"column":64},"end":{"line":35,"column":89}},"42":{"start":{"line":35,"column":91},"end":{"line":35,"column":453}},"43":{"start":{"line":35,"column":165},"end":{"line":35,"column":263}},"44":{"start":{"line":35,"column":182},"end":{"line":35,"column":195}},"45":{"start":{"line":35,"column":209},"end":{"line":35,"column":219}},"46":{"start":{"line":35,"column":239},"end":{"line":35,"column":253}},"47":{"start":{"line":35,"column":254},"end":{"line":35,"column":261}},"48":{"start":{"line":35,"column":264},"end":{"line":35,"column":426}},"49":{"start":{"line":35,"column":281},"end":{"line":35,"column":296}},"50":{"start":{"line":35,"column":306},"end":{"line":35,"column":424}},"51":{"start":{"line":35,"column":360},"end":{"line":35,"column":380}},"52":{"start":{"line":35,"column":401},"end":{"line":35,"column":420}},"53":{"start":{"line":35,"column":429},"end":{"line":35,"column":449}},"54":{"start":{"line":37,"column":50},"end":{"line":37,"column":151}},"55":{"start":{"line":37,"column":92},"end":{"line":37,"column":149}},"56":{"start":{"line":39,"column":24},"end":{"line":39,"column":40}},"57":{"start":{"line":40,"column":15},"end":{"line":40,"column":41}},"58":{"start":{"line":41,"column":21},"end":{"line":41,"column":53}},"59":{"start":{"line":44,"column":15},"end":{"line":44,"column":34}},"60":{"start":{"line":45,"column":12},"end":{"line":45,"column":28}},"61":{"start":{"line":46,"column":13},"end":{"line":46,"column":30}},"62":{"start":{"line":55,"column":13},"end":{"line":595,"column":3}},"63":{"start":{"line":63,"column":4},"end":{"line":63,"column":34}},"64":{"start":{"line":65,"column":4},"end":{"line":65,"column":49}},"65":{"start":{"line":67,"column":12},"end":{"line":67,"column":16}},"66":{"start":{"line":69,"column":4},"end":{"line":69,"column":18}},"67":{"start":{"line":70,"column":4},"end":{"line":70,"column":38}},"68":{"start":{"line":71,"column":4},"end":{"line":71,"column":19}},"69":{"start":{"line":74,"column":4},"end":{"line":74,"column":34}},"70":{"start":{"line":76,"column":4},"end":{"line":76,"column":37}},"71":{"start":{"line":77,"column":4},"end":{"line":77,"column":20}},"72":{"start":{"line":79,"column":4},"end":{"line":79,"column":40}},"73":{"start":{"line":80,"column":4},"end":{"line":80,"column":23}},"74":{"start":{"line":83,"column":4},"end":{"line":83,"column":39}},"75":{"start":{"line":84,"column":4},"end":{"line":84,"column":35}},"76":{"start":{"line":86,"column":4},"end":{"line":86,"column":24}},"77":{"start":{"line":87,"column":4},"end":{"line":87,"column":32}},"78":{"start":{"line":88,"column":4},"end":{"line":88,"column":24}},"79":{"start":{"line":89,"column":4},"end":{"line":89,"column":32}},"80":{"start":{"line":92,"column":4},"end":{"line":108,"column":5}},"81":{"start":{"line":93,"column":6},"end":{"line":93,"column":60}},"82":{"start":{"line":95,"column":6},"end":{"line":107,"column":7}},"83":{"start":{"line":96,"column":21},"end":{"line":96,"column":63}},"84":{"start":{"line":98,"column":22},"end":{"line":103,"column":16}},"85":{"start":{"line":99,"column":10},"end":{"line":99,"column":27}},"86":{"start":{"line":100,"column":10},"end":{"line":100,"column":32}},"87":{"start":{"line":102,"column":10},"end":{"line":102,"column":22}},"88":{"start":{"line":105,"column":8},"end":{"line":105,"column":33}},"89":{"start":{"line":106,"column":8},"end":{"line":106,"column":32}},"90":{"start":{"line":110,"column":4},"end":{"line":143,"column":5}},"91":{"start":{"line":111,"column":6},"end":{"line":111,"column":66}},"92":{"start":{"line":113,"column":6},"end":{"line":140,"column":7}},"93":{"start":{"line":114,"column":8},"end":{"line":139,"column":9}},"94":{"start":{"line":115,"column":30},"end":{"line":115,"column":50}},"95":{"start":{"line":117,"column":10},"end":{"line":119,"column":11}},"96":{"start":{"line":118,"column":12},"end":{"line":118,"column":87}},"97":{"start":{"line":121,"column":10},"end":{"line":123,"column":11}},"98":{"start":{"line":122,"column":12},"end":{"line":122,"column":216}},"99":{"start":{"line":126,"column":10},"end":{"line":126,"column":35}},"100":{"start":{"line":128,"column":25},"end":{"line":133,"column":18}},"101":{"start":{"line":129,"column":12},"end":{"line":129,"column":29}},"102":{"start":{"line":130,"column":12},"end":{"line":130,"column":34}},"103":{"start":{"line":132,"column":12},"end":{"line":132,"column":24}},"104":{"start":{"line":135,"column":10},"end":{"line":135,"column":39}},"105":{"start":{"line":137,"column":10},"end":{"line":137,"column":43}},"106":{"start":{"line":138,"column":10},"end":{"line":138,"column":36}},"107":{"start":{"line":141,"column":11},"end":{"line":143,"column":5}},"108":{"start":{"line":142,"column":6},"end":{"line":142,"column":151}},"109":{"start":{"line":145,"column":4},"end":{"line":145,"column":40}},"110":{"start":{"line":146,"column":4},"end":{"line":146,"column":25}},"111":{"start":{"line":158,"column":2},"end":{"line":592,"column":6}},"112":{"start":{"line":161,"column":6},"end":{"line":161,"column":104}},"113":{"start":{"line":173,"column":6},"end":{"line":173,"column":30}},"114":{"start":{"line":174,"column":6},"end":{"line":174,"column":29}},"115":{"start":{"line":179,"column":14},"end":{"line":179,"column":18}},"116":{"start":{"line":180,"column":14},"end":{"line":180,"column":16}},"117":{"start":{"line":181,"column":18},"end":{"line":181,"column":24}},"118":{"start":{"line":183,"column":6},"end":{"line":223,"column":7}},"119":{"start":{"line":184,"column":8},"end":{"line":186,"column":9}},"120":{"start":{"line":185,"column":10},"end":{"line":185,"column":19}},"121":{"start":{"line":188,"column":19},"end":{"line":188,"column":42}},"122":{"start":{"line":190,"column":16},"end":{"line":190,"column":18}},"123":{"start":{"line":191,"column":24},"end":{"line":191,"column":30}},"124":{"start":{"line":193,"column":8},"end":{"line":222,"column":9}},"125":{"start":{"line":194,"column":10},"end":{"line":194,"column":57}},"126":{"start":{"line":196,"column":10},"end":{"line":198,"column":11}},"127":{"start":{"line":197,"column":12},"end":{"line":197,"column":21}},"128":{"start":{"line":200,"column":24},"end":{"line":200,"column":43}},"129":{"start":{"line":202,"column":10},"end":{"line":217,"column":11}},"130":{"start":{"line":203,"column":26},"end":{"line":203,"column":45}},"131":{"start":{"line":205,"column":12},"end":{"line":214,"column":13}},"132":{"start":{"line":206,"column":25},"end":{"line":206,"column":50}},"133":{"start":{"line":207,"column":27},"end":{"line":207,"column":40}},"134":{"start":{"line":208,"column":23},"end":{"line":208,"column":24}},"135":{"start":{"line":209,"column":22},"end":{"line":209,"column":33}},"136":{"start":{"line":211,"column":14},"end":{"line":211,"column":64}},"137":{"start":{"line":213,"column":14},"end":{"line":213,"column":36}},"138":{"start":{"line":216,"column":12},"end":{"line":216,"column":38}},"139":{"start":{"line":219,"column":10},"end":{"line":221,"column":11}},"140":{"start":{"line":220,"column":12},"end":{"line":220,"column":32}},"141":{"start":{"line":225,"column":6},"end":{"line":225,"column":20}},"142":{"start":{"line":240,"column":14},"end":{"line":240,"column":18}},"143":{"start":{"line":242,"column":6},"end":{"line":244,"column":7}},"144":{"start":{"line":243,"column":8},"end":{"line":243,"column":101}},"145":{"start":{"line":246,"column":6},"end":{"line":248,"column":7}},"146":{"start":{"line":247,"column":8},"end":{"line":247,"column":53}},"147":{"start":{"line":250,"column":17},"end":{"line":250,"column":60}},"148":{"start":{"line":252,"column":6},"end":{"line":252,"column":27}},"149":{"start":{"line":253,"column":6},"end":{"line":253,"column":39}},"150":{"start":{"line":255,"column":6},"end":{"line":255,"column":26}},"151":{"start":{"line":257,"column":6},"end":{"line":257,"column":15}},"152":{"start":{"line":272,"column":14},"end":{"line":272,"column":18}},"153":{"start":{"line":274,"column":6},"end":{"line":276,"column":7}},"154":{"start":{"line":275,"column":8},"end":{"line":275,"column":74}},"155":{"start":{"line":278,"column":6},"end":{"line":295,"column":7}},"156":{"start":{"line":280,"column":16},"end":{"line":280,"column":36}},"157":{"start":{"line":281,"column":28},"end":{"line":281,"column":44}},"158":{"start":{"line":284,"column":8},"end":{"line":294,"column":9}},"159":{"start":{"line":285,"column":27},"end":{"line":285,"column":51}},"160":{"start":{"line":287,"column":10},"end":{"line":293,"column":11}},"161":{"start":{"line":288,"column":12},"end":{"line":288,"column":35}},"162":{"start":{"line":291,"column":12},"end":{"line":291,"column":42}},"163":{"start":{"line":292,"column":12},"end":{"line":292,"column":18}},"164":{"start":{"line":298,"column":6},"end":{"line":298,"column":83}},"165":{"start":{"line":314,"column":14},"end":{"line":314,"column":18}},"166":{"start":{"line":316,"column":6},"end":{"line":316,"column":32}},"167":{"start":{"line":318,"column":14},"end":{"line":318,"column":16}},"168":{"start":{"line":319,"column":14},"end":{"line":319,"column":25}},"169":{"start":{"line":321,"column":24},"end":{"line":321,"column":30}},"170":{"start":{"line":322,"column":24},"end":{"line":322,"column":30}},"171":{"start":{"line":324,"column":19},"end":{"line":324,"column":25}},"172":{"start":{"line":326,"column":6},"end":{"line":362,"column":7}},"173":{"start":{"line":327,"column":18},"end":{"line":327,"column":25}},"174":{"start":{"line":329,"column":8},"end":{"line":332,"column":9}},"175":{"start":{"line":331,"column":10},"end":{"line":331,"column":19}},"176":{"start":{"line":334,"column":16},"end":{"line":334,"column":28}},"177":{"start":{"line":336,"column":8},"end":{"line":346,"column":9}},"178":{"start":{"line":337,"column":21},"end":{"line":337,"column":29}},"179":{"start":{"line":339,"column":10},"end":{"line":341,"column":11}},"180":{"start":{"line":340,"column":12},"end":{"line":340,"column":18}},"181":{"start":{"line":343,"column":10},"end":{"line":345,"column":11}},"182":{"start":{"line":344,"column":12},"end":{"line":344,"column":29}},"183":{"start":{"line":348,"column":8},"end":{"line":361,"column":9}},"184":{"start":{"line":349,"column":10},"end":{"line":349,"column":24}},"185":{"start":{"line":351,"column":10},"end":{"line":351,"column":23}},"186":{"start":{"line":352,"column":10},"end":{"line":352,"column":35}},"187":{"start":{"line":354,"column":10},"end":{"line":356,"column":11}},"188":{"start":{"line":355,"column":12},"end":{"line":355,"column":42}},"189":{"start":{"line":358,"column":10},"end":{"line":358,"column":59}},"190":{"start":{"line":360,"column":10},"end":{"line":360,"column":16}},"191":{"start":{"line":364,"column":6},"end":{"line":367,"column":8}},"192":{"start":{"line":382,"column":17},"end":{"line":452,"column":9}},"193":{"start":{"line":385,"column":8},"end":{"line":451,"column":38}},"194":{"start":{"line":386,"column":10},"end":{"line":450,"column":11}},"195":{"start":{"line":387,"column":12},"end":{"line":449,"column":13}},"196":{"start":{"line":389,"column":16},"end":{"line":389,"column":25}},"197":{"start":{"line":392,"column":16},"end":{"line":394,"column":17}},"198":{"start":{"line":393,"column":18},"end":{"line":393,"column":58}},"199":{"start":{"line":396,"column":16},"end":{"line":396,"column":40}},"200":{"start":{"line":397,"column":16},"end":{"line":397,"column":104}},"201":{"start":{"line":399,"column":16},"end":{"line":410,"column":18}},"202":{"start":{"line":400,"column":32},"end":{"line":400,"column":119}},"203":{"start":{"line":402,"column":18},"end":{"line":402,"column":43}},"204":{"start":{"line":405,"column":18},"end":{"line":405,"column":42}},"205":{"start":{"line":409,"column":18},"end":{"line":409,"column":31}},"206":{"start":{"line":412,"column":16},"end":{"line":415,"column":17}},"207":{"start":{"line":413,"column":18},"end":{"line":413,"column":36}},"208":{"start":{"line":414,"column":18},"end":{"line":414,"column":24}},"209":{"start":{"line":418,"column":16},"end":{"line":418,"column":40}},"210":{"start":{"line":419,"column":16},"end":{"line":419,"column":49}},"211":{"start":{"line":423,"column":16},"end":{"line":423,"column":49}},"212":{"start":{"line":425,"column":16},"end":{"line":427,"column":17}},"213":{"start":{"line":426,"column":18},"end":{"line":426,"column":78}},"214":{"start":{"line":429,"column":16},"end":{"line":429,"column":35}},"215":{"start":{"line":430,"column":16},"end":{"line":430,"column":38}},"216":{"start":{"line":431,"column":16},"end":{"line":431,"column":35}},"217":{"start":{"line":432,"column":16},"end":{"line":432,"column":39}},"218":{"start":{"line":435,"column":16},"end":{"line":435,"column":44}},"219":{"start":{"line":436,"column":16},"end":{"line":436,"column":46}},"220":{"start":{"line":437,"column":16},"end":{"line":437,"column":35}},"221":{"start":{"line":438,"column":16},"end":{"line":438,"column":22}},"222":{"start":{"line":441,"column":16},"end":{"line":441,"column":35}},"223":{"start":{"line":442,"column":16},"end":{"line":442,"column":52}},"224":{"start":{"line":444,"column":16},"end":{"line":444,"column":62}},"225":{"start":{"line":448,"column":16},"end":{"line":448,"column":39}},"226":{"start":{"line":455,"column":8},"end":{"line":455,"column":43}},"227":{"start":{"line":458,"column":6},"end":{"line":458,"column":19}},"228":{"start":{"line":473,"column":14},"end":{"line":473,"column":18}},"229":{"start":{"line":477,"column":18},"end":{"line":493,"column":8}},"230":{"start":{"line":478,"column":19},"end":{"line":478,"column":40}},"231":{"start":{"line":480,"column":24},"end":{"line":480,"column":58}},"232":{"start":{"line":481,"column":21},"end":{"line":481,"column":37}},"233":{"start":{"line":484,"column":22},"end":{"line":484,"column":73}},"234":{"start":{"line":486,"column":8},"end":{"line":486,"column":53}},"235":{"start":{"line":488,"column":8},"end":{"line":490,"column":9}},"236":{"start":{"line":489,"column":10},"end":{"line":489,"column":57}},"237":{"start":{"line":492,"column":8},"end":{"line":492,"column":60}},"238":{"start":{"line":497,"column":6},"end":{"line":510,"column":24}},"239":{"start":{"line":498,"column":19},"end":{"line":498,"column":81}},"240":{"start":{"line":500,"column":24},"end":{"line":500,"column":58}},"241":{"start":{"line":501,"column":21},"end":{"line":501,"column":37}},"242":{"start":{"line":503,"column":8},"end":{"line":503,"column":53}},"243":{"start":{"line":505,"column":8},"end":{"line":507,"column":9}},"244":{"start":{"line":506,"column":10},"end":{"line":506,"column":57}},"245":{"start":{"line":509,"column":8},"end":{"line":509,"column":60}},"246":{"start":{"line":512,"column":6},"end":{"line":512,"column":15}},"247":{"start":{"line":517,"column":17},"end":{"line":517,"column":87}},"248":{"start":{"line":519,"column":14},"end":{"line":519,"column":18}},"249":{"start":{"line":521,"column":6},"end":{"line":538,"column":7}},"250":{"start":{"line":522,"column":16},"end":{"line":522,"column":18}},"251":{"start":{"line":523,"column":21},"end":{"line":523,"column":27}},"252":{"start":{"line":525,"column":8},"end":{"line":535,"column":9}},"253":{"start":{"line":526,"column":10},"end":{"line":528,"column":11}},"254":{"start":{"line":527,"column":12},"end":{"line":527,"column":21}},"255":{"start":{"line":530,"column":26},"end":{"line":530,"column":66}},"256":{"start":{"line":531,"column":27},"end":{"line":531,"column":48}},"257":{"start":{"line":533,"column":10},"end":{"line":533,"column":59}},"258":{"start":{"line":534,"column":10},"end":{"line":534,"column":142}},"259":{"start":{"line":537,"column":8},"end":{"line":537,"column":22}},"260":{"start":{"line":540,"column":6},"end":{"line":550,"column":7}},"261":{"start":{"line":541,"column":19},"end":{"line":541,"column":28}},"262":{"start":{"line":542,"column":26},"end":{"line":542,"column":45}},"263":{"start":{"line":544,"column":8},"end":{"line":549,"column":9}},"264":{"start":{"line":545,"column":27},"end":{"line":545,"column":69}},"265":{"start":{"line":547,"column":10},"end":{"line":547,"column":62}},"266":{"start":{"line":548,"column":10},"end":{"line":548,"column":144}},"267":{"start":{"line":552,"column":6},"end":{"line":552,"column":20}},"268":{"start":{"line":557,"column":22},"end":{"line":557,"column":95}},"269":{"start":{"line":559,"column":14},"end":{"line":559,"column":18}},"270":{"start":{"line":562,"column":14},"end":{"line":562,"column":16}},"271":{"start":{"line":563,"column":14},"end":{"line":563,"column":26}},"272":{"start":{"line":565,"column":6},"end":{"line":567,"column":8}},"273":{"start":{"line":566,"column":8},"end":{"line":566,"column":20}},"274":{"start":{"line":569,"column":6},"end":{"line":583,"column":7}},"275":{"start":{"line":570,"column":20},"end":{"line":570,"column":28}},"276":{"start":{"line":572,"column":8},"end":{"line":574,"column":9}},"277":{"start":{"line":573,"column":10},"end":{"line":573,"column":19}},"278":{"start":{"line":576,"column":8},"end":{"line":576,"column":79}},"279":{"start":{"line":578,"column":8},"end":{"line":580,"column":9}},"280":{"start":{"line":579,"column":10},"end":{"line":579,"column":40}},"281":{"start":{"line":582,"column":8},"end":{"line":582,"column":31}},"282":{"start":{"line":585,"column":6},"end":{"line":585,"column":20}},"283":{"start":{"line":590,"column":6},"end":{"line":590,"column":48}},"284":{"start":{"line":594,"column":2},"end":{"line":594,"column":16}},"285":{"start":{"line":597,"column":0},"end":{"line":601,"column":20}},"286":{"start":{"line":602,"column":0},"end":{"line":602,"column":25}},"287":{"start":{"line":607,"column":11},"end":{"line":607,"column":12}},"288":{"start":{"line":608,"column":17},"end":{"line":608,"column":28}},"289":{"start":{"line":609,"column":13},"end":{"line":609,"column":20}},"290":{"start":{"line":610,"column":13},"end":{"line":610,"column":20}},"291":{"start":{"line":611,"column":17},"end":{"line":611,"column":28}},"292":{"start":{"line":614,"column":2},"end":{"line":636,"column":5}},"293":{"start":{"line":615,"column":18},"end":{"line":615,"column":38}},"294":{"start":{"line":617,"column":4},"end":{"line":617,"column":79}},"295":{"start":{"line":618,"column":4},"end":{"line":618,"column":65}},"296":{"start":{"line":619,"column":4},"end":{"line":619,"column":77}},"297":{"start":{"line":621,"column":4},"end":{"line":629,"column":6}},"298":{"start":{"line":622,"column":20},"end":{"line":622,"column":48}},"299":{"start":{"line":624,"column":6},"end":{"line":626,"column":7}},"300":{"start":{"line":625,"column":8},"end":{"line":625,"column":71}},"301":{"start":{"line":628,"column":6},"end":{"line":628,"column":69}},"302":{"start":{"line":631,"column":4},"end":{"line":633,"column":6}},"303":{"start":{"line":632,"column":6},"end":{"line":632,"column":37}},"304":{"start":{"line":635,"column":4},"end":{"line":635,"column":19}}},"fnMap":{"0":{"name":"(anonymous_0)","decl":{"start":{"line":7,"column":84},"end":{"line":7,"column":85}},"loc":{"start":{"line":7,"column":99},"end":{"line":7,"column":121}},"line":7},"1":{"name":"(anonymous_1)","decl":{"start":{"line":7,"column":124},"end":{"line":7,"column":125}},"loc":{"start":{"line":7,"column":139},"end":{"line":7,"column":268}},"line":7},"2":{"name":"(anonymous_2)","decl":{"start":{"line":9,"column":32},"end":{"line":9,"column":33}},"loc":{"start":{"line":9,"column":50},"end":{"line":9,"column":256}},"line":9},"3":{"name":"(anonymous_3)","decl":{"start":{"line":11,"column":19},"end":{"line":11,"column":20}},"loc":{"start":{"line":11,"column":31},"end":{"line":11,"column":561}},"line":11},"4":{"name":"defineProperties","decl":{"start":{"line":11,"column":42},"end":{"line":11,"column":58}},"loc":{"start":{"line":11,"column":74},"end":{"line":11,"column":349}},"line":11},"5":{"name":"(anonymous_5)","decl":{"start":{"line":11,"column":357},"end":{"line":11,"column":358}},"loc":{"start":{"line":11,"column":405},"end":{"line":11,"column":558}},"line":11},"6":{"name":"_interopRequireDefault","decl":{"start":{"line":31,"column":9},"end":{"line":31,"column":31}},"loc":{"start":{"line":31,"column":37},"end":{"line":31,"column":95}},"line":31},"7":{"name":"_toConsumableArray","decl":{"start":{"line":33,"column":9},"end":{"line":33,"column":27}},"loc":{"start":{"line":33,"column":33},"end":{"line":33,"column":195}},"line":33},"8":{"name":"_asyncToGenerator","decl":{"start":{"line":35,"column":9},"end":{"line":35,"column":26}},"loc":{"start":{"line":35,"column":31},"end":{"line":35,"column":458}},"line":35},"9":{"name":"(anonymous_9)","decl":{"start":{"line":35,"column":40},"end":{"line":35,"column":41}},"loc":{"start":{"line":35,"column":52},"end":{"line":35,"column":455}},"line":35},"10":{"name":"(anonymous_10)","decl":{"start":{"line":35,"column":110},"end":{"line":35,"column":111}},"loc":{"start":{"line":35,"column":137},"end":{"line":35,"column":451}},"line":35},"11":{"name":"step","decl":{"start":{"line":35,"column":148},"end":{"line":35,"column":152}},"loc":{"start":{"line":35,"column":163},"end":{"line":35,"column":428}},"line":35},"12":{"name":"(anonymous_12)","decl":{"start":{"line":35,"column":341},"end":{"line":35,"column":342}},"loc":{"start":{"line":35,"column":358},"end":{"line":35,"column":382}},"line":35},"13":{"name":"(anonymous_13)","decl":{"start":{"line":35,"column":384},"end":{"line":35,"column":385}},"loc":{"start":{"line":35,"column":399},"end":{"line":35,"column":422}},"line":35},"14":{"name":"_classCallCheck","decl":{"start":{"line":37,"column":9},"end":{"line":37,"column":24}},"loc":{"start":{"line":37,"column":48},"end":{"line":37,"column":153}},"line":37},"15":{"name":"(anonymous_15)","decl":{"start":{"line":55,"column":13},"end":{"line":55,"column":14}},"loc":{"start":{"line":55,"column":25},"end":{"line":595,"column":1}},"line":55},"16":{"name":"Hermes","decl":{"start":{"line":62,"column":11},"end":{"line":62,"column":17}},"loc":{"start":{"line":62,"column":25},"end":{"line":147,"column":3}},"line":62},"17":{"name":"(anonymous_17)","decl":{"start":{"line":98,"column":59},"end":{"line":98,"column":60}},"loc":{"start":{"line":98,"column":84},"end":{"line":103,"column":9}},"line":98},"18":{"name":"(anonymous_18)","decl":{"start":{"line":128,"column":66},"end":{"line":128,"column":67}},"loc":{"start":{"line":128,"column":91},"end":{"line":133,"column":11}},"line":128},"19":{"name":"AddEvent","decl":{"start":{"line":160,"column":20},"end":{"line":160,"column":28}},"loc":{"start":{"line":160,"column":44},"end":{"line":162,"column":5}},"line":160},"20":{"name":"SetContext","decl":{"start":{"line":172,"column":20},"end":{"line":172,"column":30}},"loc":{"start":{"line":172,"column":46},"end":{"line":175,"column":5}},"line":172},"21":{"name":"Dispatch","decl":{"start":{"line":178,"column":20},"end":{"line":178,"column":28}},"loc":{"start":{"line":178,"column":31},"end":{"line":226,"column":5}},"line":178},"22":{"name":"Subscribe","decl":{"start":{"line":239,"column":20},"end":{"line":239,"column":29}},"loc":{"start":{"line":239,"column":64},"end":{"line":258,"column":5}},"line":239},"23":{"name":"Do","decl":{"start":{"line":271,"column":20},"end":{"line":271,"column":22}},"loc":{"start":{"line":271,"column":37},"end":{"line":299,"column":5}},"line":271},"24":{"name":"Trace","decl":{"start":{"line":313,"column":20},"end":{"line":313,"column":25}},"loc":{"start":{"line":313,"column":39},"end":{"line":368,"column":5}},"line":313},"25":{"name":"(anonymous_25)","decl":{"start":{"line":381,"column":11},"end":{"line":381,"column":12}},"loc":{"start":{"line":381,"column":23},"end":{"line":459,"column":5}},"line":381},"26":{"name":"_callee","decl":{"start":{"line":382,"column":82},"end":{"line":382,"column":89}},"loc":{"start":{"line":382,"column":104},"end":{"line":452,"column":7}},"line":382},"27":{"name":"_callee$","decl":{"start":{"line":385,"column":48},"end":{"line":385,"column":56}},"loc":{"start":{"line":385,"column":67},"end":{"line":451,"column":9}},"line":385},"28":{"name":"OnApply","decl":{"start":{"line":399,"column":35},"end":{"line":399,"column":42}},"loc":{"start":{"line":399,"column":45},"end":{"line":410,"column":17}},"line":399},"29":{"name":"Query","decl":{"start":{"line":454,"column":15},"end":{"line":454,"column":20}},"loc":{"start":{"line":454,"column":30},"end":{"line":456,"column":7}},"line":454},"30":{"name":"Update","decl":{"start":{"line":472,"column":20},"end":{"line":472,"column":26}},"loc":{"start":{"line":472,"column":42},"end":{"line":513,"column":5}},"line":472},"31":{"name":"(anonymous_31)","decl":{"start":{"line":477,"column":43},"end":{"line":477,"column":44}},"loc":{"start":{"line":477,"column":68},"end":{"line":493,"column":7}},"line":477},"32":{"name":"(anonymous_32)","decl":{"start":{"line":497,"column":36},"end":{"line":497,"column":37}},"loc":{"start":{"line":497,"column":67},"end":{"line":510,"column":7}},"line":497},"33":{"name":"Tree","decl":{"start":{"line":516,"column":20},"end":{"line":516,"column":24}},"loc":{"start":{"line":516,"column":47},"end":{"line":553,"column":5}},"line":516},"34":{"name":"Branch","decl":{"start":{"line":556,"column":20},"end":{"line":556,"column":26}},"loc":{"start":{"line":556,"column":50},"end":{"line":586,"column":5}},"line":556},"35":{"name":"(anonymous_35)","decl":{"start":{"line":565,"column":25},"end":{"line":565,"column":26}},"loc":{"start":{"line":565,"column":41},"end":{"line":567,"column":7}},"line":565},"36":{"name":"Print","decl":{"start":{"line":589,"column":20},"end":{"line":589,"column":25}},"loc":{"start":{"line":589,"column":28},"end":{"line":591,"column":5}},"line":589},"37":{"name":"Request","decl":{"start":{"line":605,"column":9},"end":{"line":605,"column":16}},"loc":{"start":{"line":605,"column":19},"end":{"line":637,"column":1}},"line":605},"38":{"name":"(anonymous_38)","decl":{"start":{"line":614,"column":21},"end":{"line":614,"column":22}},"loc":{"start":{"line":614,"column":48},"end":{"line":636,"column":3}},"line":614},"39":{"name":"(anonymous_39)","decl":{"start":{"line":621,"column":21},"end":{"line":621,"column":22}},"loc":{"start":{"line":621,"column":33},"end":{"line":629,"column":5}},"line":621},"40":{"name":"(anonymous_40)","decl":{"start":{"line":631,"column":22},"end":{"line":631,"column":23}},"loc":{"start":{"line":631,"column":39},"end":{"line":633,"column":5}},"line":631}},"branchMap":{"0":{"loc":{"start":{"line":7,"column":14},"end":{"line":7,"column":268}},"type":"cond-expr","locations":[{"start":{"line":7,"column":84},"end":{"line":7,"column":121}},{"start":{"line":7,"column":124},"end":{"line":7,"column":268}}],"line":7},"1":{"loc":{"start":{"line":7,"column":14},"end":{"line":7,"column":81}},"type":"binary-expr","locations":[{"start":{"line":7,"column":14},"end":{"line":7,"column":42}},{"start":{"line":7,"column":46},"end":{"line":7,"column":81}}],"line":7},"2":{"loc":{"start":{"line":7,"column":148},"end":{"line":7,"column":265}},"type":"cond-expr","locations":[{"start":{"line":7,"column":244},"end":{"line":7,"column":252}},{"start":{"line":7,"column":255},"end":{"line":7,"column":265}}],"line":7},"3":{"loc":{"start":{"line":7,"column":148},"end":{"line":7,"column":241}},"type":"binary-expr","locations":[{"start":{"line":7,"column":148},"end":{"line":7,"column":151}},{"start":{"line":7,"column":155},"end":{"line":7,"column":183}},{"start":{"line":7,"column":187},"end":{"line":7,"column":213}},{"start":{"line":7,"column":217},"end":{"line":7,"column":241}}],"line":7},"4":{"loc":{"start":{"line":9,"column":15},"end":{"line":9,"column":256}},"type":"binary-expr","locations":[{"start":{"line":9,"column":15},"end":{"line":9,"column":28}},{"start":{"line":9,"column":32},"end":{"line":9,"column":256}}],"line":9},"5":{"loc":{"start":{"line":9,"column":150},"end":{"line":9,"column":235}},"type":"if","locations":[{"start":{"line":9,"column":150},"end":{"line":9,"column":235}},{"start":{"line":9,"column":150},"end":{"line":9,"column":235}}],"line":9},"6":{"loc":{"start":{"line":11,"column":168},"end":{"line":11,"column":198}},"type":"binary-expr","locations":[{"start":{"line":11,"column":168},"end":{"line":11,"column":189}},{"start":{"line":11,"column":193},"end":{"line":11,"column":198}}],"line":11},"7":{"loc":{"start":{"line":11,"column":232},"end":{"line":11,"column":286}},"type":"if","locations":[{"start":{"line":11,"column":232},"end":{"line":11,"column":286}},{"start":{"line":11,"column":232},"end":{"line":11,"column":286}}],"line":11},"8":{"loc":{"start":{"line":11,"column":407},"end":{"line":11,"column":475}},"type":"if","locations":[{"start":{"line":11,"column":407},"end":{"line":11,"column":475}},{"start":{"line":11,"column":407},"end":{"line":11,"column":475}}],"line":11},"9":{"loc":{"start":{"line":11,"column":476},"end":{"line":11,"column":536}},"type":"if","locations":[{"start":{"line":11,"column":476},"end":{"line":11,"column":536}},{"start":{"line":11,"column":476},"end":{"line":11,"column":536}}],"line":11},"10":{"loc":{"start":{"line":31,"column":46},"end":{"line":31,"column":92}},"type":"cond-expr","locations":[{"start":{"line":31,"column":70},"end":{"line":31,"column":73}},{"start":{"line":31,"column":76},"end":{"line":31,"column":92}}],"line":31},"11":{"loc":{"start":{"line":31,"column":46},"end":{"line":31,"column":67}},"type":"binary-expr","locations":[{"start":{"line":31,"column":46},"end":{"line":31,"column":49}},{"start":{"line":31,"column":53},"end":{"line":31,"column":67}}],"line":31},"12":{"loc":{"start":{"line":33,"column":35},"end":{"line":33,"column":193}},"type":"if","locations":[{"start":{"line":33,"column":35},"end":{"line":33,"column":193}},{"start":{"line":33,"column":35},"end":{"line":33,"column":193}}],"line":33},"13":{"loc":{"start":{"line":35,"column":264},"end":{"line":35,"column":426}},"type":"if","locations":[{"start":{"line":35,"column":264},"end":{"line":35,"column":426}},{"start":{"line":35,"column":264},"end":{"line":35,"column":426}}],"line":35},"14":{"loc":{"start":{"line":37,"column":50},"end":{"line":37,"column":151}},"type":"if","locations":[{"start":{"line":37,"column":50},"end":{"line":37,"column":151}},{"start":{"line":37,"column":50},"end":{"line":37,"column":151}}],"line":37},"15":{"loc":{"start":{"line":83,"column":16},"end":{"line":83,"column":38}},"type":"binary-expr","locations":[{"start":{"line":83,"column":16},"end":{"line":83,"column":29}},{"start":{"line":83,"column":33},"end":{"line":83,"column":38}}],"line":83},"16":{"loc":{"start":{"line":84,"column":14},"end":{"line":84,"column":34}},"type":"binary-expr","locations":[{"start":{"line":84,"column":14},"end":{"line":84,"column":25}},{"start":{"line":84,"column":29},"end":{"line":84,"column":34}}],"line":84},"17":{"loc":{"start":{"line":92,"column":4},"end":{"line":108,"column":5}},"type":"if","locations":[{"start":{"line":92,"column":4},"end":{"line":108,"column":5}},{"start":{"line":92,"column":4},"end":{"line":108,"column":5}}],"line":92},"18":{"loc":{"start":{"line":110,"column":4},"end":{"line":143,"column":5}},"type":"if","locations":[{"start":{"line":110,"column":4},"end":{"line":143,"column":5}},{"start":{"line":110,"column":4},"end":{"line":143,"column":5}}],"line":110},"19":{"loc":{"start":{"line":114,"column":8},"end":{"line":139,"column":9}},"type":"if","locations":[{"start":{"line":114,"column":8},"end":{"line":139,"column":9}},{"start":{"line":114,"column":8},"end":{"line":139,"column":9}}],"line":114},"20":{"loc":{"start":{"line":117,"column":10},"end":{"line":119,"column":11}},"type":"if","locations":[{"start":{"line":117,"column":10},"end":{"line":119,"column":11}},{"start":{"line":117,"column":10},"end":{"line":119,"column":11}}],"line":117},"21":{"loc":{"start":{"line":121,"column":10},"end":{"line":123,"column":11}},"type":"if","locations":[{"start":{"line":121,"column":10},"end":{"line":123,"column":11}},{"start":{"line":121,"column":10},"end":{"line":123,"column":11}}],"line":121},"22":{"loc":{"start":{"line":141,"column":11},"end":{"line":143,"column":5}},"type":"if","locations":[{"start":{"line":141,"column":11},"end":{"line":143,"column":5}},{"start":{"line":141,"column":11},"end":{"line":143,"column":5}}],"line":141},"23":{"loc":{"start":{"line":184,"column":8},"end":{"line":186,"column":9}},"type":"if","locations":[{"start":{"line":184,"column":8},"end":{"line":186,"column":9}},{"start":{"line":184,"column":8},"end":{"line":186,"column":9}}],"line":184},"24":{"loc":{"start":{"line":196,"column":10},"end":{"line":198,"column":11}},"type":"if","locations":[{"start":{"line":196,"column":10},"end":{"line":198,"column":11}},{"start":{"line":196,"column":10},"end":{"line":198,"column":11}}],"line":196},"25":{"loc":{"start":{"line":196,"column":14},"end":{"line":196,"column":61}},"type":"binary-expr","locations":[{"start":{"line":196,"column":14},"end":{"line":196,"column":28}},{"start":{"line":196,"column":32},"end":{"line":196,"column":61}}],"line":196},"26":{"loc":{"start":{"line":202,"column":10},"end":{"line":217,"column":11}},"type":"if","locations":[{"start":{"line":202,"column":10},"end":{"line":217,"column":11}},{"start":{"line":202,"column":10},"end":{"line":217,"column":11}}],"line":202},"27":{"loc":{"start":{"line":211,"column":21},"end":{"line":211,"column":60}},"type":"binary-expr","locations":[{"start":{"line":211,"column":22},"end":{"line":211,"column":49}},{"start":{"line":211,"column":54},"end":{"line":211,"column":60}}],"line":211},"28":{"loc":{"start":{"line":219,"column":10},"end":{"line":221,"column":11}},"type":"if","locations":[{"start":{"line":219,"column":10},"end":{"line":221,"column":11}},{"start":{"line":219,"column":10},"end":{"line":221,"column":11}}],"line":219},"29":{"loc":{"start":{"line":242,"column":6},"end":{"line":244,"column":7}},"type":"if","locations":[{"start":{"line":242,"column":6},"end":{"line":244,"column":7}},{"start":{"line":242,"column":6},"end":{"line":244,"column":7}}],"line":242},"30":{"loc":{"start":{"line":242,"column":10},"end":{"line":242,"column":83}},"type":"binary-expr","locations":[{"start":{"line":242,"column":10},"end":{"line":242,"column":15}},{"start":{"line":242,"column":19},"end":{"line":242,"column":43}},{"start":{"line":242,"column":47},"end":{"line":242,"column":83}}],"line":242},"31":{"loc":{"start":{"line":250,"column":37},"end":{"line":250,"column":60}},"type":"binary-expr","locations":[{"start":{"line":250,"column":37},"end":{"line":250,"column":54}},{"start":{"line":250,"column":58},"end":{"line":250,"column":60}}],"line":250},"32":{"loc":{"start":{"line":274,"column":6},"end":{"line":276,"column":7}},"type":"if","locations":[{"start":{"line":274,"column":6},"end":{"line":276,"column":7}},{"start":{"line":274,"column":6},"end":{"line":276,"column":7}}],"line":274},"33":{"loc":{"start":{"line":278,"column":6},"end":{"line":295,"column":7}},"type":"if","locations":[{"start":{"line":278,"column":6},"end":{"line":295,"column":7}},{"start":{"line":278,"column":6},"end":{"line":295,"column":7}}],"line":278},"34":{"loc":{"start":{"line":287,"column":10},"end":{"line":293,"column":11}},"type":"if","locations":[{"start":{"line":287,"column":10},"end":{"line":293,"column":11}},{"start":{"line":287,"column":10},"end":{"line":293,"column":11}}],"line":287},"35":{"loc":{"start":{"line":316,"column":13},"end":{"line":316,"column":31}},"type":"binary-expr","locations":[{"start":{"line":316,"column":13},"end":{"line":316,"column":17}},{"start":{"line":316,"column":21},"end":{"line":316,"column":31}}],"line":316},"36":{"loc":{"start":{"line":329,"column":8},"end":{"line":332,"column":9}},"type":"if","locations":[{"start":{"line":329,"column":8},"end":{"line":332,"column":9}},{"start":{"line":329,"column":8},"end":{"line":332,"column":9}}],"line":329},"37":{"loc":{"start":{"line":339,"column":10},"end":{"line":341,"column":11}},"type":"if","locations":[{"start":{"line":339,"column":10},"end":{"line":341,"column":11}},{"start":{"line":339,"column":10},"end":{"line":341,"column":11}}],"line":339},"38":{"loc":{"start":{"line":339,"column":14},"end":{"line":339,"column":80}},"type":"binary-expr","locations":[{"start":{"line":339,"column":14},"end":{"line":339,"column":36}},{"start":{"line":339,"column":40},"end":{"line":339,"column":57}},{"start":{"line":339,"column":61},"end":{"line":339,"column":80}}],"line":339},"39":{"loc":{"start":{"line":343,"column":10},"end":{"line":345,"column":11}},"type":"if","locations":[{"start":{"line":343,"column":10},"end":{"line":345,"column":11}},{"start":{"line":343,"column":10},"end":{"line":345,"column":11}}],"line":343},"40":{"loc":{"start":{"line":348,"column":8},"end":{"line":361,"column":9}},"type":"if","locations":[{"start":{"line":348,"column":8},"end":{"line":361,"column":9}},{"start":{"line":348,"column":8},"end":{"line":361,"column":9}}],"line":348},"41":{"loc":{"start":{"line":354,"column":17},"end":{"line":354,"column":47}},"type":"binary-expr","locations":[{"start":{"line":354,"column":18},"end":{"line":354,"column":34}},{"start":{"line":354,"column":39},"end":{"line":354,"column":47}}],"line":354},"42":{"loc":{"start":{"line":387,"column":12},"end":{"line":449,"column":13}},"type":"switch","locations":[{"start":{"line":388,"column":14},"end":{"line":419,"column":49}},{"start":{"line":421,"column":14},"end":{"line":432,"column":39}},{"start":{"line":434,"column":14},"end":{"line":438,"column":22}},{"start":{"line":440,"column":14},"end":{"line":444,"column":62}},{"start":{"line":446,"column":14},"end":{"line":446,"column":22}},{"start":{"line":447,"column":14},"end":{"line":448,"column":39}}],"line":387},"43":{"loc":{"start":{"line":392,"column":16},"end":{"line":394,"column":17}},"type":"if","locations":[{"start":{"line":392,"column":16},"end":{"line":394,"column":17}},{"start":{"line":392,"column":16},"end":{"line":394,"column":17}}],"line":392},"44":{"loc":{"start":{"line":400,"column":32},"end":{"line":400,"column":119}},"type":"cond-expr","locations":[{"start":{"line":400,"column":85},"end":{"line":400,"column":97}},{"start":{"line":400,"column":100},"end":{"line":400,"column":119}}],"line":400},"45":{"loc":{"start":{"line":400,"column":32},"end":{"line":400,"column":82}},"type":"binary-expr","locations":[{"start":{"line":400,"column":32},"end":{"line":400,"column":52}},{"start":{"line":400,"column":56},"end":{"line":400,"column":82}}],"line":400},"46":{"loc":{"start":{"line":412,"column":16},"end":{"line":415,"column":17}},"type":"if","locations":[{"start":{"line":412,"column":16},"end":{"line":415,"column":17}},{"start":{"line":412,"column":16},"end":{"line":415,"column":17}}],"line":412},"47":{"loc":{"start":{"line":425,"column":16},"end":{"line":427,"column":17}},"type":"if","locations":[{"start":{"line":425,"column":16},"end":{"line":427,"column":17}},{"start":{"line":425,"column":16},"end":{"line":427,"column":17}}],"line":425},"48":{"loc":{"start":{"line":484,"column":22},"end":{"line":484,"column":73}},"type":"cond-expr","locations":[{"start":{"line":484,"column":47},"end":{"line":484,"column":61}},{"start":{"line":484,"column":64},"end":{"line":484,"column":73}}],"line":484},"49":{"loc":{"start":{"line":488,"column":8},"end":{"line":490,"column":9}},"type":"if","locations":[{"start":{"line":488,"column":8},"end":{"line":490,"column":9}},{"start":{"line":488,"column":8},"end":{"line":490,"column":9}}],"line":488},"50":{"loc":{"start":{"line":488,"column":12},"end":{"line":488,"column":38}},"type":"binary-expr","locations":[{"start":{"line":488,"column":12},"end":{"line":488,"column":19}},{"start":{"line":488,"column":23},"end":{"line":488,"column":38}}],"line":488},"51":{"loc":{"start":{"line":505,"column":8},"end":{"line":507,"column":9}},"type":"if","locations":[{"start":{"line":505,"column":8},"end":{"line":507,"column":9}},{"start":{"line":505,"column":8},"end":{"line":507,"column":9}}],"line":505},"52":{"loc":{"start":{"line":505,"column":12},"end":{"line":505,"column":38}},"type":"binary-expr","locations":[{"start":{"line":505,"column":12},"end":{"line":505,"column":19}},{"start":{"line":505,"column":23},"end":{"line":505,"column":38}}],"line":505},"53":{"loc":{"start":{"line":517,"column":17},"end":{"line":517,"column":87}},"type":"cond-expr","locations":[{"start":{"line":517,"column":70},"end":{"line":517,"column":82}},{"start":{"line":517,"column":85},"end":{"line":517,"column":87}}],"line":517},"54":{"loc":{"start":{"line":517,"column":17},"end":{"line":517,"column":67}},"type":"binary-expr","locations":[{"start":{"line":517,"column":17},"end":{"line":517,"column":37}},{"start":{"line":517,"column":41},"end":{"line":517,"column":67}}],"line":517},"55":{"loc":{"start":{"line":521,"column":6},"end":{"line":538,"column":7}},"type":"if","locations":[{"start":{"line":521,"column":6},"end":{"line":538,"column":7}},{"start":{"line":521,"column":6},"end":{"line":538,"column":7}}],"line":521},"56":{"loc":{"start":{"line":526,"column":10},"end":{"line":528,"column":11}},"type":"if","locations":[{"start":{"line":526,"column":10},"end":{"line":528,"column":11}},{"start":{"line":526,"column":10},"end":{"line":528,"column":11}}],"line":526},"57":{"loc":{"start":{"line":526,"column":15},"end":{"line":526,"column":76}},"type":"cond-expr","locations":[{"start":{"line":526,"column":47},"end":{"line":526,"column":58}},{"start":{"line":526,"column":61},"end":{"line":526,"column":76}}],"line":526},"58":{"loc":{"start":{"line":534,"column":29},"end":{"line":534,"column":113}},"type":"binary-expr","locations":[{"start":{"line":534,"column":29},"end":{"line":534,"column":38}},{"start":{"line":534,"column":43},"end":{"line":534,"column":112}}],"line":534},"59":{"loc":{"start":{"line":534,"column":43},"end":{"line":534,"column":112}},"type":"cond-expr","locations":[{"start":{"line":534,"column":66},"end":{"line":534,"column":90}},{"start":{"line":534,"column":93},"end":{"line":534,"column":112}}],"line":534},"60":{"loc":{"start":{"line":544,"column":8},"end":{"line":549,"column":9}},"type":"if","locations":[{"start":{"line":544,"column":8},"end":{"line":549,"column":9}},{"start":{"line":544,"column":8},"end":{"line":549,"column":9}}],"line":544},"61":{"loc":{"start":{"line":544,"column":12},"end":{"line":544,"column":59}},"type":"binary-expr","locations":[{"start":{"line":544,"column":12},"end":{"line":544,"column":34}},{"start":{"line":544,"column":38},"end":{"line":544,"column":59}}],"line":544},"62":{"loc":{"start":{"line":548,"column":31},"end":{"line":548,"column":116}},"type":"binary-expr","locations":[{"start":{"line":548,"column":31},"end":{"line":548,"column":42}},{"start":{"line":548,"column":47},"end":{"line":548,"column":115}}],"line":548},"63":{"loc":{"start":{"line":548,"column":47},"end":{"line":548,"column":115}},"type":"cond-expr","locations":[{"start":{"line":548,"column":71},"end":{"line":548,"column":93}},{"start":{"line":548,"column":96},"end":{"line":548,"column":115}}],"line":548},"64":{"loc":{"start":{"line":557,"column":22},"end":{"line":557,"column":95}},"type":"cond-expr","locations":[{"start":{"line":557,"column":75},"end":{"line":557,"column":87}},{"start":{"line":557,"column":90},"end":{"line":557,"column":95}}],"line":557},"65":{"loc":{"start":{"line":557,"column":22},"end":{"line":557,"column":72}},"type":"binary-expr","locations":[{"start":{"line":557,"column":22},"end":{"line":557,"column":42}},{"start":{"line":557,"column":46},"end":{"line":557,"column":72}}],"line":557},"66":{"loc":{"start":{"line":565,"column":15},"end":{"line":567,"column":7}},"type":"binary-expr","locations":[{"start":{"line":565,"column":15},"end":{"line":565,"column":21}},{"start":{"line":565,"column":25},"end":{"line":567,"column":7}}],"line":565},"67":{"loc":{"start":{"line":572,"column":8},"end":{"line":574,"column":9}},"type":"if","locations":[{"start":{"line":572,"column":8},"end":{"line":574,"column":9}},{"start":{"line":572,"column":8},"end":{"line":574,"column":9}}],"line":572},"68":{"loc":{"start":{"line":576,"column":31},"end":{"line":576,"column":67}},"type":"binary-expr","locations":[{"start":{"line":576,"column":31},"end":{"line":576,"column":44}},{"start":{"line":576,"column":48},"end":{"line":576,"column":67}}],"line":576},"69":{"loc":{"start":{"line":578,"column":8},"end":{"line":580,"column":9}},"type":"if","locations":[{"start":{"line":578,"column":8},"end":{"line":580,"column":9}},{"start":{"line":578,"column":8},"end":{"line":580,"column":9}}],"line":578},"70":{"loc":{"start":{"line":624,"column":6},"end":{"line":626,"column":7}},"type":"if","locations":[{"start":{"line":624,"column":6},"end":{"line":626,"column":7}},{"start":{"line":624,"column":6},"end":{"line":626,"column":7}}],"line":624},"71":{"loc":{"start":{"line":628,"column":6},"end":{"line":628,"column":68}},"type":"binary-expr","locations":[{"start":{"line":628,"column":6},"end":{"line":628,"column":13}},{"start":{"line":628,"column":17},"end":{"line":628,"column":68}}],"line":628},"72":{"loc":{"start":{"line":632,"column":13},"end":{"line":632,"column":36}},"type":"binary-expr","locations":[{"start":{"line":632,"column":13},"end":{"line":632,"column":19}},{"start":{"line":632,"column":23},"end":{"line":632,"column":36}}],"line":632}},"s":{"0":1,"1":1,"2":3,"3":0,"4":1,"5":0,"6":0,"7":0,"8":0,"9":0,"10":0,"11":1,"12":1,"13":11,"14":11,"15":11,"16":11,"17":11,"18":11,"19":1,"20":1,"21":1,"22":1,"23":0,"24":1,"25":1,"26":1,"27":1,"28":1,"29":1,"30":1,"31":1,"32":1,"33":1,"34":4,"35":0,"36":0,"37":0,"38":0,"39":0,"40":1,"41":5,"42":5,"43":5,"44":5,"45":5,"46":0,"47":0,"48":5,"49":5,"50":0,"51":0,"52":0,"53":5,"54":9,"55":0,"56":1,"57":1,"58":1,"59":1,"60":1,"61":1,"62":1,"63":9,"64":9,"65":9,"66":9,"67":9,"68":9,"69":9,"70":9,"71":9,"72":9,"73":9,"74":9,"75":9,"76":9,"77":9,"78":9,"79":9,"80":9,"81":2,"82":2,"83":3,"84":3,"85":9,"86":9,"87":9,"88":3,"89":3,"90":9,"91":7,"92":7,"93":11,"94":11,"95":11,"96":0,"97":11,"98":1,"99":10,"100":10,"101":17,"102":17,"103":17,"104":10,"105":10,"106":10,"107":2,"108":0,"109":8,"110":8,"111":1,"112":5,"113":8,"114":8,"115":5,"116":5,"117":5,"118":5,"119":5,"120":0,"121":5,"122":5,"123":5,"124":5,"125":7,"126":7,"127":2,"128":5,"129":5,"130":0,"131":0,"132":0,"133":0,"134":0,"135":0,"136":0,"137":0,"138":0,"139":5,"140":1,"141":5,"142":7,"143":7,"144":0,"145":7,"146":0,"147":7,"148":7,"149":7,"150":7,"151":7,"152":5,"153":5,"154":0,"155":5,"156":3,"157":3,"158":3,"159":3,"160":3,"161":3,"162":3,"163":3,"164":5,"165":13,"166":13,"167":13,"168":13,"169":13,"170":13,"171":13,"172":13,"173":10,"174":10,"175":5,"176":5,"177":5,"178":8,"179":8,"180":0,"181":8,"182":8,"183":5,"184":5,"185":5,"186":5,"187":5,"188":3,"189":5,"190":5,"191":13,"192":1,"193":5,"194":10,"195":10,"196":5,"197":5,"198":0,"199":5,"200":5,"201":5,"202":5,"203":5,"204":5,"205":5,"206":5,"207":0,"208":0,"209":5,"210":5,"211":0,"212":0,"213":0,"214":0,"215":0,"216":0,"217":0,"218":0,"219":0,"220":0,"221":0,"222":0,"223":0,"224":0,"225":5,"226":5,"227":1,"228":5,"229":5,"230":8,"231":8,"232":8,"233":8,"234":8,"235":8,"236":3,"237":5,"238":5,"239":0,"240":0,"241":0,"242":0,"243":0,"244":0,"245":0,"246":5,"247":5,"248":5,"249":5,"250":1,"251":1,"252":1,"253":3,"254":3,"255":0,"256":0,"257":0,"258":0,"259":1,"260":4,"261":4,"262":4,"263":4,"264":0,"265":0,"266":0,"267":4,"268":18,"269":18,"270":18,"271":18,"272":18,"273":0,"274":18,"275":34,"276":34,"277":0,"278":34,"279":34,"280":26,"281":34,"282":18,"283":0,"284":1,"285":1,"286":1,"287":0,"288":0,"289":0,"290":0,"291":0,"292":0,"293":0,"294":0,"295":0,"296":0,"297":0,"298":0,"299":0,"300":0,"301":0,"302":0,"303":0,"304":0},"f":{"0":3,"1":0,"2":0,"3":1,"4":1,"5":1,"6":4,"7":0,"8":1,"9":5,"10":5,"11":5,"12":0,"13":0,"14":9,"15":1,"16":9,"17":9,"18":17,"19":5,"20":8,"21":5,"22":7,"23":5,"24":13,"25":1,"26":5,"27":10,"28":5,"29":5,"30":5,"31":8,"32":0,"33":5,"34":18,"35":0,"36":0,"37":0,"38":0,"39":0,"40":0},"b":{"0":[1,0],"1":[1,1],"2":[0,0],"3":[0,0,0,0],"4":[1,0],"5":[0,0],"6":[11,11],"7":[11,0],"8":[1,0],"9":[0,1],"10":[3,1],"11":[4,4],"12":[0,0],"13":[5,0],"14":[0,9],"15":[9,9],"16":[9,7],"17":[2,7],"18":[7,2],"19":[11,0],"20":[0,11],"21":[1,10],"22":[0,2],"23":[0,5],"24":[2,5],"25":[7,5],"26":[0,5],"27":[0,0],"28":[1,4],"29":[0,7],"30":[7,7,7],"31":[7,5],"32":[0,5],"33":[3,2],"34":[3,0],"35":[13,5],"36":[5,5],"37":[0,8],"38":[8,8,1],"39":[8,0],"40":[5,0],"41":[8,8],"42":[5,0,0,0,0,5],"43":[0,5],"44":[5,0],"45":[5,5],"46":[0,5],"47":[0,0],"48":[5,3],"49":[3,5],"50":[8,5],"51":[0,0],"52":[0,0],"53":[5,0],"54":[5,5],"55":[1,4],"56":[3,0],"57":[0,3],"58":[0,0],"59":[0,0],"60":[0,4],"61":[4,4],"62":[0,0],"63":[0,0],"64":[13,5],"65":[18,13],"66":[18,0],"67":[0,34],"68":[34,30],"69":[26,8],"70":[0,0],"71":[0,0],"72":[0,0]},"_coverageSchema":"332fd63041d2c1bcb487cc26dd0d5f7d97098a6c","hash":"2a16349e6d823230aeda41b3d174488451da5eed"}
,"C:\\Users\\Carl Pryke\\freshly-squeezed-games\\@modules\\hermes\\dist\\Reducer.js": {"path":"C:\\Users\\Carl Pryke\\freshly-squeezed-games\\@modules\\hermes\\dist\\Reducer.js","statementMap":{"0":{"start":{"line":3,"column":0},"end":{"line":5,"column":3}},"1":{"start":{"line":7,"column":15},"end":{"line":7,"column":256}},"2":{"start":{"line":7,"column":52},"end":{"line":7,"column":239}},"3":{"start":{"line":7,"column":110},"end":{"line":7,"column":122}},"4":{"start":{"line":7,"column":124},"end":{"line":7,"column":237}},"5":{"start":{"line":7,"column":150},"end":{"line":7,"column":235}},"6":{"start":{"line":7,"column":207},"end":{"line":7,"column":233}},"7":{"start":{"line":7,"column":240},"end":{"line":7,"column":254}},"8":{"start":{"line":9,"column":19},"end":{"line":9,"column":563}},"9":{"start":{"line":9,"column":76},"end":{"line":9,"column":347}},"10":{"start":{"line":9,"column":134},"end":{"line":9,"column":142}},"11":{"start":{"line":9,"column":144},"end":{"line":9,"column":199}},"12":{"start":{"line":9,"column":200},"end":{"line":9,"column":231}},"13":{"start":{"line":9,"column":232},"end":{"line":9,"column":286}},"14":{"start":{"line":9,"column":259},"end":{"line":9,"column":286}},"15":{"start":{"line":9,"column":287},"end":{"line":9,"column":345}},"16":{"start":{"line":9,"column":350},"end":{"line":9,"column":559}},"17":{"start":{"line":9,"column":407},"end":{"line":9,"column":475}},"18":{"start":{"line":9,"column":423},"end":{"line":9,"column":475}},"19":{"start":{"line":9,"column":476},"end":{"line":9,"column":536}},"20":{"start":{"line":9,"column":493},"end":{"line":9,"column":536}},"21":{"start":{"line":9,"column":537},"end":{"line":9,"column":556}},"22":{"start":{"line":11,"column":15},"end":{"line":11,"column":34}},"23":{"start":{"line":13,"column":15},"end":{"line":13,"column":47}},"24":{"start":{"line":15,"column":39},"end":{"line":15,"column":93}},"25":{"start":{"line":17,"column":35},"end":{"line":17,"column":193}},"26":{"start":{"line":17,"column":61},"end":{"line":17,"column":145}},"27":{"start":{"line":17,"column":126},"end":{"line":17,"column":143}},"28":{"start":{"line":17,"column":146},"end":{"line":17,"column":158}},"29":{"start":{"line":17,"column":168},"end":{"line":17,"column":191}},"30":{"start":{"line":19,"column":50},"end":{"line":19,"column":151}},"31":{"start":{"line":19,"column":92},"end":{"line":19,"column":149}},"32":{"start":{"line":21,"column":15},"end":{"line":21,"column":40}},"33":{"start":{"line":24,"column":9},"end":{"line":24,"column":10}},"34":{"start":{"line":26,"column":14},"end":{"line":122,"column":3}},"35":{"start":{"line":28,"column":4},"end":{"line":28,"column":35}},"36":{"start":{"line":30,"column":12},"end":{"line":30,"column":16}},"37":{"start":{"line":32,"column":4},"end":{"line":32,"column":16}},"38":{"start":{"line":33,"column":4},"end":{"line":33,"column":20}},"39":{"start":{"line":35,"column":4},"end":{"line":35,"column":16}},"40":{"start":{"line":46,"column":2},"end":{"line":119,"column":6}},"41":{"start":{"line":49,"column":6},"end":{"line":49,"column":18}},"42":{"start":{"line":67,"column":18},"end":{"line":67,"column":105}},"43":{"start":{"line":68,"column":20},"end":{"line":68,"column":107}},"44":{"start":{"line":70,"column":14},"end":{"line":70,"column":18}},"45":{"start":{"line":72,"column":6},"end":{"line":72,"column":28}},"46":{"start":{"line":74,"column":6},"end":{"line":80,"column":7}},"47":{"start":{"line":75,"column":8},"end":{"line":77,"column":9}},"48":{"start":{"line":76,"column":10},"end":{"line":76,"column":47}},"49":{"start":{"line":79,"column":8},"end":{"line":79,"column":54}},"50":{"start":{"line":82,"column":6},"end":{"line":82,"column":42}},"51":{"start":{"line":96,"column":18},"end":{"line":96,"column":22}},"52":{"start":{"line":98,"column":19},"end":{"line":98,"column":63}},"53":{"start":{"line":100,"column":6},"end":{"line":102,"column":8}},"54":{"start":{"line":101,"column":8},"end":{"line":101,"column":21}},"55":{"start":{"line":104,"column":6},"end":{"line":104,"column":20}},"56":{"start":{"line":117,"column":6},"end":{"line":117,"column":44}},"57":{"start":{"line":121,"column":2},"end":{"line":121,"column":17}},"58":{"start":{"line":124,"column":0},"end":{"line":126,"column":2}},"59":{"start":{"line":127,"column":0},"end":{"line":127,"column":26}}},"fnMap":{"0":{"name":"(anonymous_0)","decl":{"start":{"line":7,"column":32},"end":{"line":7,"column":33}},"loc":{"start":{"line":7,"column":50},"end":{"line":7,"column":256}},"line":7},"1":{"name":"(anonymous_1)","decl":{"start":{"line":9,"column":19},"end":{"line":9,"column":20}},"loc":{"start":{"line":9,"column":31},"end":{"line":9,"column":561}},"line":9},"2":{"name":"defineProperties","decl":{"start":{"line":9,"column":42},"end":{"line":9,"column":58}},"loc":{"start":{"line":9,"column":74},"end":{"line":9,"column":349}},"line":9},"3":{"name":"(anonymous_3)","decl":{"start":{"line":9,"column":357},"end":{"line":9,"column":358}},"loc":{"start":{"line":9,"column":405},"end":{"line":9,"column":558}},"line":9},"4":{"name":"_interopRequireDefault","decl":{"start":{"line":15,"column":9},"end":{"line":15,"column":31}},"loc":{"start":{"line":15,"column":37},"end":{"line":15,"column":95}},"line":15},"5":{"name":"_toConsumableArray","decl":{"start":{"line":17,"column":9},"end":{"line":17,"column":27}},"loc":{"start":{"line":17,"column":33},"end":{"line":17,"column":195}},"line":17},"6":{"name":"_classCallCheck","decl":{"start":{"line":19,"column":9},"end":{"line":19,"column":24}},"loc":{"start":{"line":19,"column":48},"end":{"line":19,"column":153}},"line":19},"7":{"name":"(anonymous_7)","decl":{"start":{"line":26,"column":14},"end":{"line":26,"column":15}},"loc":{"start":{"line":26,"column":26},"end":{"line":122,"column":1}},"line":26},"8":{"name":"Reducer","decl":{"start":{"line":27,"column":11},"end":{"line":27,"column":18}},"loc":{"start":{"line":27,"column":21},"end":{"line":36,"column":3}},"line":27},"9":{"name":"Submission","decl":{"start":{"line":48,"column":20},"end":{"line":48,"column":30}},"loc":{"start":{"line":48,"column":39},"end":{"line":50,"column":5}},"line":48},"10":{"name":"Reduce","decl":{"start":{"line":66,"column":20},"end":{"line":66,"column":26}},"loc":{"start":{"line":66,"column":35},"end":{"line":83,"column":5}},"line":66},"11":{"name":"Action","decl":{"start":{"line":95,"column":20},"end":{"line":95,"column":26}},"loc":{"start":{"line":95,"column":51},"end":{"line":105,"column":5}},"line":95},"12":{"name":"(anonymous_12)","decl":{"start":{"line":100,"column":23},"end":{"line":100,"column":24}},"loc":{"start":{"line":100,"column":35},"end":{"line":102,"column":7}},"line":100},"13":{"name":"Dispatch","decl":{"start":{"line":116,"column":20},"end":{"line":116,"column":28}},"loc":{"start":{"line":116,"column":46},"end":{"line":118,"column":5}},"line":116}},"branchMap":{"0":{"loc":{"start":{"line":7,"column":15},"end":{"line":7,"column":256}},"type":"binary-expr","locations":[{"start":{"line":7,"column":15},"end":{"line":7,"column":28}},{"start":{"line":7,"column":32},"end":{"line":7,"column":256}}],"line":7},"1":{"loc":{"start":{"line":7,"column":150},"end":{"line":7,"column":235}},"type":"if","locations":[{"start":{"line":7,"column":150},"end":{"line":7,"column":235}},{"start":{"line":7,"column":150},"end":{"line":7,"column":235}}],"line":7},"2":{"loc":{"start":{"line":9,"column":168},"end":{"line":9,"column":198}},"type":"binary-expr","locations":[{"start":{"line":9,"column":168},"end":{"line":9,"column":189}},{"start":{"line":9,"column":193},"end":{"line":9,"column":198}}],"line":9},"3":{"loc":{"start":{"line":9,"column":232},"end":{"line":9,"column":286}},"type":"if","locations":[{"start":{"line":9,"column":232},"end":{"line":9,"column":286}},{"start":{"line":9,"column":232},"end":{"line":9,"column":286}}],"line":9},"4":{"loc":{"start":{"line":9,"column":407},"end":{"line":9,"column":475}},"type":"if","locations":[{"start":{"line":9,"column":407},"end":{"line":9,"column":475}},{"start":{"line":9,"column":407},"end":{"line":9,"column":475}}],"line":9},"5":{"loc":{"start":{"line":9,"column":476},"end":{"line":9,"column":536}},"type":"if","locations":[{"start":{"line":9,"column":476},"end":{"line":9,"column":536}},{"start":{"line":9,"column":476},"end":{"line":9,"column":536}}],"line":9},"6":{"loc":{"start":{"line":15,"column":46},"end":{"line":15,"column":92}},"type":"cond-expr","locations":[{"start":{"line":15,"column":70},"end":{"line":15,"column":73}},{"start":{"line":15,"column":76},"end":{"line":15,"column":92}}],"line":15},"7":{"loc":{"start":{"line":15,"column":46},"end":{"line":15,"column":67}},"type":"binary-expr","locations":[{"start":{"line":15,"column":46},"end":{"line":15,"column":49}},{"start":{"line":15,"column":53},"end":{"line":15,"column":67}}],"line":15},"8":{"loc":{"start":{"line":17,"column":35},"end":{"line":17,"column":193}},"type":"if","locations":[{"start":{"line":17,"column":35},"end":{"line":17,"column":193}},{"start":{"line":17,"column":35},"end":{"line":17,"column":193}}],"line":17},"9":{"loc":{"start":{"line":19,"column":50},"end":{"line":19,"column":151}},"type":"if","locations":[{"start":{"line":19,"column":50},"end":{"line":19,"column":151}},{"start":{"line":19,"column":50},"end":{"line":19,"column":151}}],"line":19},"10":{"loc":{"start":{"line":67,"column":18},"end":{"line":67,"column":105}},"type":"cond-expr","locations":[{"start":{"line":67,"column":71},"end":{"line":67,"column":83}},{"start":{"line":67,"column":86},"end":{"line":67,"column":105}}],"line":67},"11":{"loc":{"start":{"line":67,"column":18},"end":{"line":67,"column":68}},"type":"binary-expr","locations":[{"start":{"line":67,"column":18},"end":{"line":67,"column":38}},{"start":{"line":67,"column":42},"end":{"line":67,"column":68}}],"line":67},"12":{"loc":{"start":{"line":68,"column":20},"end":{"line":68,"column":107}},"type":"cond-expr","locations":[{"start":{"line":68,"column":73},"end":{"line":68,"column":85}},{"start":{"line":68,"column":88},"end":{"line":68,"column":107}}],"line":68},"13":{"loc":{"start":{"line":68,"column":20},"end":{"line":68,"column":70}},"type":"binary-expr","locations":[{"start":{"line":68,"column":20},"end":{"line":68,"column":40}},{"start":{"line":68,"column":44},"end":{"line":68,"column":70}}],"line":68},"14":{"loc":{"start":{"line":74,"column":6},"end":{"line":80,"column":7}},"type":"if","locations":[{"start":{"line":74,"column":6},"end":{"line":80,"column":7}},{"start":{"line":74,"column":6},"end":{"line":80,"column":7}}],"line":74},"15":{"loc":{"start":{"line":75,"column":8},"end":{"line":77,"column":9}},"type":"if","locations":[{"start":{"line":75,"column":8},"end":{"line":77,"column":9}},{"start":{"line":75,"column":8},"end":{"line":77,"column":9}}],"line":75}},"s":{"0":1,"1":1,"2":0,"3":0,"4":0,"5":0,"6":0,"7":0,"8":1,"9":1,"10":4,"11":4,"12":4,"13":4,"14":4,"15":4,"16":1,"17":1,"18":1,"19":1,"20":0,"21":1,"22":1,"23":1,"24":1,"25":0,"26":0,"27":0,"28":0,"29":0,"30":18,"31":0,"32":1,"33":1,"34":1,"35":18,"36":18,"37":18,"38":18,"39":18,"40":1,"41":3,"42":3,"43":3,"44":3,"45":3,"46":3,"47":0,"48":0,"49":0,"50":3,"51":5,"52":5,"53":5,"54":3,"55":5,"56":5,"57":1,"58":1,"59":1},"f":{"0":0,"1":1,"2":1,"3":1,"4":1,"5":0,"6":18,"7":1,"8":18,"9":3,"10":3,"11":5,"12":3,"13":5},"b":{"0":[1,0],"1":[0,0],"2":[4,4],"3":[4,0],"4":[1,0],"5":[0,1],"6":[1,0],"7":[1,1],"8":[0,0],"9":[0,18],"10":[3,0],"11":[3,3],"12":[0,3],"13":[3,3],"14":[0,3],"15":[0,0]},"_coverageSchema":"332fd63041d2c1bcb487cc26dd0d5f7d97098a6c","hash":"b48e4656b66859d413a280bbeeda1438dd4b8ddf"}
,"C:\\Users\\Carl Pryke\\freshly-squeezed-games\\@modules\\hermes\\dist\\Route.js": {"path":"C:\\Users\\Carl Pryke\\freshly-squeezed-games\\@modules\\hermes\\dist\\Route.js","statementMap":{"0":{"start":{"line":3,"column":0},"end":{"line":5,"column":3}},"1":{"start":{"line":7,"column":14},"end":{"line":7,"column":268}},"2":{"start":{"line":7,"column":101},"end":{"line":7,"column":119}},"3":{"start":{"line":7,"column":141},"end":{"line":7,"column":266}},"4":{"start":{"line":9,"column":20},"end":{"line":9,"column":45}},"5":{"start":{"line":11,"column":21},"end":{"line":11,"column":58}},"6":{"start":{"line":13,"column":39},"end":{"line":13,"column":93}},"7":{"start":{"line":15,"column":50},"end":{"line":15,"column":151}},"8":{"start":{"line":15,"column":92},"end":{"line":15,"column":149}},"9":{"start":{"line":22,"column":12},"end":{"line":43,"column":1}},"10":{"start":{"line":23,"column":2},"end":{"line":23,"column":31}},"11":{"start":{"line":25,"column":10},"end":{"line":25,"column":14}},"12":{"start":{"line":27,"column":2},"end":{"line":29,"column":3}},"13":{"start":{"line":28,"column":4},"end":{"line":28,"column":32}},"14":{"start":{"line":31,"column":2},"end":{"line":31,"column":50}},"15":{"start":{"line":32,"column":2},"end":{"line":32,"column":43}},"16":{"start":{"line":34,"column":2},"end":{"line":36,"column":3}},"17":{"start":{"line":35,"column":4},"end":{"line":35,"column":11}},"18":{"start":{"line":38,"column":2},"end":{"line":38,"column":24}},"19":{"start":{"line":40,"column":2},"end":{"line":42,"column":3}},"20":{"start":{"line":41,"column":4},"end":{"line":41,"column":38}},"21":{"start":{"line":45,"column":0},"end":{"line":45,"column":24}}},"fnMap":{"0":{"name":"(anonymous_0)","decl":{"start":{"line":7,"column":84},"end":{"line":7,"column":85}},"loc":{"start":{"line":7,"column":99},"end":{"line":7,"column":121}},"line":7},"1":{"name":"(anonymous_1)","decl":{"start":{"line":7,"column":124},"end":{"line":7,"column":125}},"loc":{"start":{"line":7,"column":139},"end":{"line":7,"column":268}},"line":7},"2":{"name":"_interopRequireDefault","decl":{"start":{"line":13,"column":9},"end":{"line":13,"column":31}},"loc":{"start":{"line":13,"column":37},"end":{"line":13,"column":95}},"line":13},"3":{"name":"_classCallCheck","decl":{"start":{"line":15,"column":9},"end":{"line":15,"column":24}},"loc":{"start":{"line":15,"column":48},"end":{"line":15,"column":153}},"line":15},"4":{"name":"Route","decl":{"start":{"line":22,"column":21},"end":{"line":22,"column":26}},"loc":{"start":{"line":22,"column":40},"end":{"line":43,"column":1}},"line":22}},"branchMap":{"0":{"loc":{"start":{"line":7,"column":14},"end":{"line":7,"column":268}},"type":"cond-expr","locations":[{"start":{"line":7,"column":84},"end":{"line":7,"column":121}},{"start":{"line":7,"column":124},"end":{"line":7,"column":268}}],"line":7},"1":{"loc":{"start":{"line":7,"column":14},"end":{"line":7,"column":81}},"type":"binary-expr","locations":[{"start":{"line":7,"column":14},"end":{"line":7,"column":42}},{"start":{"line":7,"column":46},"end":{"line":7,"column":81}}],"line":7},"2":{"loc":{"start":{"line":7,"column":148},"end":{"line":7,"column":265}},"type":"cond-expr","locations":[{"start":{"line":7,"column":244},"end":{"line":7,"column":252}},{"start":{"line":7,"column":255},"end":{"line":7,"column":265}}],"line":7},"3":{"loc":{"start":{"line":7,"column":148},"end":{"line":7,"column":241}},"type":"binary-expr","locations":[{"start":{"line":7,"column":148},"end":{"line":7,"column":151}},{"start":{"line":7,"column":155},"end":{"line":7,"column":183}},{"start":{"line":7,"column":187},"end":{"line":7,"column":213}},{"start":{"line":7,"column":217},"end":{"line":7,"column":241}}],"line":7},"4":{"loc":{"start":{"line":13,"column":46},"end":{"line":13,"column":92}},"type":"cond-expr","locations":[{"start":{"line":13,"column":70},"end":{"line":13,"column":73}},{"start":{"line":13,"column":76},"end":{"line":13,"column":92}}],"line":13},"5":{"loc":{"start":{"line":13,"column":46},"end":{"line":13,"column":67}},"type":"binary-expr","locations":[{"start":{"line":13,"column":46},"end":{"line":13,"column":49}},{"start":{"line":13,"column":53},"end":{"line":13,"column":67}}],"line":13},"6":{"loc":{"start":{"line":15,"column":50},"end":{"line":15,"column":151}},"type":"if","locations":[{"start":{"line":15,"column":50},"end":{"line":15,"column":151}},{"start":{"line":15,"column":50},"end":{"line":15,"column":151}}],"line":15},"7":{"loc":{"start":{"line":27,"column":2},"end":{"line":29,"column":3}},"type":"if","locations":[{"start":{"line":27,"column":2},"end":{"line":29,"column":3}},{"start":{"line":27,"column":2},"end":{"line":29,"column":3}}],"line":27},"8":{"loc":{"start":{"line":27,"column":7},"end":{"line":27,"column":66}},"type":"cond-expr","locations":[{"start":{"line":27,"column":38},"end":{"line":27,"column":49}},{"start":{"line":27,"column":52},"end":{"line":27,"column":66}}],"line":27},"9":{"loc":{"start":{"line":34,"column":2},"end":{"line":36,"column":3}},"type":"if","locations":[{"start":{"line":34,"column":2},"end":{"line":36,"column":3}},{"start":{"line":34,"column":2},"end":{"line":36,"column":3}}],"line":34},"10":{"loc":{"start":{"line":40,"column":2},"end":{"line":42,"column":3}},"type":"if","locations":[{"start":{"line":40,"column":2},"end":{"line":42,"column":3}},{"start":{"line":40,"column":2},"end":{"line":42,"column":3}}],"line":40}},"s":{"0":1,"1":1,"2":3,"3":0,"4":1,"5":1,"6":1,"7":3,"8":0,"9":1,"10":3,"11":3,"12":3,"13":3,"14":3,"15":3,"16":3,"17":0,"18":3,"19":3,"20":0,"21":1},"f":{"0":3,"1":0,"2":1,"3":3,"4":3},"b":{"0":[1,0],"1":[1,1],"2":[0,0],"3":[0,0,0,0],"4":[0,1],"5":[1,1],"6":[0,3],"7":[3,0],"8":[0,3],"9":[0,3],"10":[0,3]},"_coverageSchema":"332fd63041d2c1bcb487cc26dd0d5f7d97098a6c","hash":"89a9d13fb3d041c42f7124642789882e04f32fe7"}
,"C:\\Users\\Carl Pryke\\freshly-squeezed-games\\@modules\\hermes\\dist\\Utils.js": {"path":"C:\\Users\\Carl Pryke\\freshly-squeezed-games\\@modules\\hermes\\dist\\Utils.js","statementMap":{"0":{"start":{"line":3,"column":0},"end":{"line":5,"column":3}},"1":{"start":{"line":11,"column":21},"end":{"line":37,"column":1}},"2":{"start":{"line":12,"column":13},"end":{"line":12,"column":32}},"3":{"start":{"line":13,"column":22},"end":{"line":13,"column":41}},"4":{"start":{"line":15,"column":2},"end":{"line":25,"column":5}},"5":{"start":{"line":16,"column":4},"end":{"line":18,"column":5}},"6":{"start":{"line":17,"column":6},"end":{"line":17,"column":16}},"7":{"start":{"line":20,"column":4},"end":{"line":22,"column":5}},"8":{"start":{"line":21,"column":6},"end":{"line":21,"column":15}},"9":{"start":{"line":24,"column":4},"end":{"line":24,"column":13}},"10":{"start":{"line":27,"column":10},"end":{"line":27,"column":12}},"11":{"start":{"line":28,"column":10},"end":{"line":28,"column":21}},"12":{"start":{"line":30,"column":2},"end":{"line":34,"column":3}},"13":{"start":{"line":31,"column":14},"end":{"line":31,"column":21}},"14":{"start":{"line":33,"column":4},"end":{"line":33,"column":37}},"15":{"start":{"line":36,"column":2},"end":{"line":36,"column":23}}},"fnMap":{"0":{"name":"OrderByLongest","decl":{"start":{"line":11,"column":55},"end":{"line":11,"column":69}},"loc":{"start":{"line":11,"column":78},"end":{"line":37,"column":1}},"line":11},"1":{"name":"(anonymous_1)","decl":{"start":{"line":15,"column":12},"end":{"line":15,"column":13}},"loc":{"start":{"line":15,"column":28},"end":{"line":25,"column":3}},"line":15}},"branchMap":{"0":{"loc":{"start":{"line":16,"column":4},"end":{"line":18,"column":5}},"type":"if","locations":[{"start":{"line":16,"column":4},"end":{"line":18,"column":5}},{"start":{"line":16,"column":4},"end":{"line":18,"column":5}}],"line":16},"1":{"loc":{"start":{"line":20,"column":4},"end":{"line":22,"column":5}},"type":"if","locations":[{"start":{"line":20,"column":4},"end":{"line":22,"column":5}},{"start":{"line":20,"column":4},"end":{"line":22,"column":5}}],"line":20}},"s":{"0":1,"1":1,"2":9,"3":9,"4":9,"5":5,"6":0,"7":5,"8":5,"9":0,"10":9,"11":9,"12":9,"13":14,"14":14,"15":9},"f":{"0":9,"1":5},"b":{"0":[0,5],"1":[5,0]},"_coverageSchema":"332fd63041d2c1bcb487cc26dd0d5f7d97098a6c","hash":"dee537e879a7a8ec6feed3a30864726c5f3fcaec"}
}
