TN:
SF:C:\Users\Carl Pryke\freshly-squeezed-games\@modules\hermes\dist\Action.js
FN:7,(anonymous_0)
FN:7,defineProperties
FN:7,(anonymous_2)
FN:9,_classCallCheck
FN:13,(anonymous_4)
FN:14,Action
FN:37,Is
FNF:7
FNH:6
FNDA:1,(anonymous_0)
FNDA:1,defineProperties
FNDA:1,(anonymous_2)
FNDA:6,_classCallCheck
FNDA:1,(anonymous_4)
FNDA:6,Action
FNDA:0,Is
DA:3,1
DA:7,1
DA:9,6
DA:11,1
DA:13,1
DA:15,6
DA:16,6
DA:18,6
DA:20,6
DA:22,6
DA:23,0
DA:26,6
DA:28,6
DA:29,6
DA:32,6
DA:35,1
DA:38,0
DA:42,1
DA:45,1
DA:46,1
LF:20
LH:18
BRDA:7,0,0,1
BRDA:7,0,1,1
BRDA:7,1,0,1
BRDA:7,1,1,0
BRDA:7,2,0,1
BRDA:7,2,1,0
BRDA:7,3,0,0
BRDA:7,3,1,1
BRDA:9,4,0,0
BRDA:9,4,1,6
BRDA:15,5,0,6
BRDA:15,5,1,0
BRDA:15,6,0,6
BRDA:15,6,1,6
BRDA:16,7,0,0
BRDA:16,7,1,6
BRDA:16,8,0,6
BRDA:16,8,1,6
BRDA:22,9,0,0
BRDA:22,9,1,6
BRDA:22,10,0,6
BRDA:22,10,1,6
BRDA:28,11,0,6
BRDA:28,11,1,0
BRF:24
BRH:16
end_of_record
TN:
SF:C:\Users\Carl Pryke\freshly-squeezed-games\@modules\hermes\dist\Events.js
FN:7,(anonymous_0)
FN:9,(anonymous_1)
FN:9,defineProperties
FN:9,(anonymous_3)
FN:11,_classCallCheck
FN:13,(anonymous_5)
FN:14,Events
FN:26,AddEvent
FN:38,SetContext
FN:51,Subscribe
FN:62,Dispatch
FNF:11
FNH:10
FNDA:0,(anonymous_0)
FNDA:1,(anonymous_1)
FNDA:1,defineProperties
FNDA:1,(anonymous_3)
FNDA:8,_classCallCheck
FNDA:1,(anonymous_5)
FNDA:8,Events
FNDA:6,AddEvent
FNDA:9,SetContext
FNDA:8,Subscribe
FNDA:6,Dispatch
DA:3,1
DA:7,1
DA:9,4
DA:11,8
DA:13,1
DA:15,8
DA:17,8
DA:19,8
DA:20,8
DA:21,8
DA:24,1
DA:27,6
DA:39,9
DA:52,8
DA:53,8
DA:55,8
DA:56,8
DA:58,8
DA:63,6
DA:64,6
DA:65,6
DA:67,6
DA:69,6
DA:70,6
DA:71,0
DA:74,6
DA:76,6
DA:77,6
DA:79,6
DA:80,8
DA:81,2
DA:84,6
DA:86,6
DA:87,0
DA:89,0
DA:90,0
DA:91,0
DA:92,0
DA:93,0
DA:95,0
DA:97,0
DA:100,0
DA:103,6
DA:104,1
DA:109,6
DA:113,1
DA:116,1
LF:47
LH:37
BRDA:7,0,0,1
BRDA:7,0,1,0
BRDA:7,1,0,0
BRDA:7,1,1,0
BRDA:9,2,0,4
BRDA:9,2,1,4
BRDA:9,3,0,4
BRDA:9,3,1,0
BRDA:9,4,0,1
BRDA:9,4,1,0
BRDA:9,5,0,0
BRDA:9,5,1,1
BRDA:11,6,0,0
BRDA:11,6,1,8
BRDA:53,7,0,8
BRDA:53,7,1,6
BRDA:70,8,0,0
BRDA:70,8,1,6
BRDA:80,9,0,2
BRDA:80,9,1,6
BRDA:80,10,0,8
BRDA:80,10,1,5
BRDA:86,11,0,0
BRDA:86,11,1,6
BRDA:95,12,0,0
BRDA:95,12,1,0
BRDA:103,13,0,1
BRDA:103,13,1,5
BRF:28
BRH:17
end_of_record
TN:
SF:C:\Users\Carl Pryke\freshly-squeezed-games\@modules\hermes\dist\Hermes.js
FN:7,(anonymous_0)
FN:7,(anonymous_1)
FN:9,(anonymous_2)
FN:11,(anonymous_3)
FN:11,defineProperties
FN:11,(anonymous_5)
FN:35,_interopRequireDefault
FN:37,_toConsumableArray
FN:39,_classCallCheck
FN:57,(anonymous_9)
FN:58,Hermes
FN:92,(anonymous_11)
FN:115,(anonymous_12)
FN:119,(anonymous_13)
FN:136,(anonymous_14)
FN:143,Subscribe
FN:160,Do
FN:198,Trace
FN:256,Query
FN:263,(anonymous_19)
FN:270,OnApply
FN:312,(anonymous_21)
FN:335,Update
FN:342,(anonymous_23)
FN:364,(anonymous_24)
FN:381,Tree
FN:421,Branch
FN:430,(anonymous_27)
FN:454,Print
FNF:29
FNH:21
FNDA:3,(anonymous_0)
FNDA:0,(anonymous_1)
FNDA:0,(anonymous_2)
FNDA:1,(anonymous_3)
FNDA:1,defineProperties
FNDA:1,(anonymous_5)
FNDA:5,_interopRequireDefault
FNDA:0,_toConsumableArray
FNDA:8,_classCallCheck
FNDA:1,(anonymous_9)
FNDA:8,Hermes
FNDA:9,(anonymous_11)
FNDA:6,(anonymous_12)
FNDA:15,(anonymous_13)
FNDA:0,(anonymous_14)
FNDA:8,Subscribe
FNDA:6,Do
FNDA:15,Trace
FNDA:6,Query
FNDA:6,(anonymous_19)
FNDA:6,OnApply
FNDA:0,(anonymous_21)
FNDA:6,Update
FNDA:9,(anonymous_23)
FNDA:0,(anonymous_24)
FNDA:6,Tree
FNDA:18,Branch
FNDA:0,(anonymous_27)
FNDA:0,Print
DA:3,1
DA:7,3
DA:9,1
DA:11,8
DA:13,1
DA:15,1
DA:17,1
DA:19,1
DA:21,1
DA:23,1
DA:25,1
DA:27,1
DA:29,1
DA:31,1
DA:33,1
DA:35,5
DA:37,0
DA:39,8
DA:41,1
DA:42,1
DA:43,1
DA:46,1
DA:47,1
DA:48,1
DA:57,1
DA:59,8
DA:61,8
DA:63,8
DA:66,8
DA:68,8
DA:69,8
DA:71,8
DA:72,8
DA:74,8
DA:77,8
DA:78,8
DA:80,8
DA:81,8
DA:82,8
DA:83,8
DA:86,8
DA:87,2
DA:89,2
DA:90,3
DA:92,3
DA:93,9
DA:94,9
DA:96,9
DA:99,3
DA:100,3
DA:104,8
DA:105,6
DA:107,6
DA:108,9
DA:110,9
DA:111,0
DA:115,9
DA:116,6
DA:119,9
DA:120,15
DA:121,15
DA:123,15
DA:126,9
DA:128,9
DA:129,9
DA:131,2
DA:132,0
DA:135,8
DA:136,8
DA:137,0
DA:141,1
DA:144,8
DA:146,8
DA:147,0
DA:150,8
DA:151,0
DA:154,8
DA:156,8
DA:161,6
DA:163,6
DA:164,0
DA:167,6
DA:169,3
DA:170,3
DA:173,3
DA:174,3
DA:176,3
DA:177,3
DA:180,3
DA:181,3
DA:187,6
DA:199,15
DA:201,15
DA:203,15
DA:204,15
DA:206,15
DA:207,15
DA:209,15
DA:211,15
DA:212,12
DA:214,12
DA:216,6
DA:219,6
DA:221,6
DA:222,9
DA:224,9
DA:225,0
DA:228,9
DA:229,9
DA:233,6
DA:234,6
DA:236,6
DA:237,6
DA:239,6
DA:240,3
DA:243,6
DA:245,6
DA:249,15
DA:257,6
DA:259,6
DA:260,0
DA:263,6
DA:264,6
DA:266,6
DA:267,6
DA:268,6
DA:270,6
DA:271,6
DA:273,6
DA:276,6
DA:280,6
DA:282,6
DA:285,6
DA:287,6
DA:289,6
DA:290,6
DA:293,0
DA:295,0
DA:296,0
DA:301,0
DA:302,0
DA:303,0
DA:304,0
DA:305,0
DA:308,0
DA:309,0
DA:310,0
DA:312,0
DA:313,0
DA:315,0
DA:316,0
DA:319,0
DA:322,0
DA:336,6
DA:338,6
DA:342,6
DA:343,9
DA:345,9
DA:346,9
DA:349,9
DA:351,9
DA:353,9
DA:355,9
DA:356,3
DA:359,6
DA:364,6
DA:365,0
DA:367,0
DA:368,0
DA:370,0
DA:372,0
DA:373,0
DA:376,0
DA:382,6
DA:384,6
DA:386,6
DA:387,1
DA:388,1
DA:390,1
DA:391,3
DA:392,3
DA:395,0
DA:396,0
DA:398,0
DA:399,0
DA:402,1
DA:405,5
DA:406,5
DA:407,5
DA:409,5
DA:410,0
DA:412,0
DA:413,0
DA:417,5
DA:422,18
DA:424,18
DA:427,18
DA:428,18
DA:430,18
DA:431,0
DA:434,18
DA:435,33
DA:437,33
DA:438,0
DA:441,33
DA:443,33
DA:444,24
DA:447,33
DA:450,18
DA:455,0
DA:459,1
DA:462,1
DA:468,1
LF:213
LH:170
BRDA:7,0,0,1
BRDA:7,0,1,0
BRDA:7,1,0,1
BRDA:7,1,1,1
BRDA:7,2,0,0
BRDA:7,2,1,0
BRDA:7,3,0,0
BRDA:7,3,1,0
BRDA:7,3,2,0
BRDA:7,3,3,0
BRDA:9,4,0,1
BRDA:9,4,1,0
BRDA:9,5,0,0
BRDA:9,5,1,0
BRDA:11,6,0,8
BRDA:11,6,1,8
BRDA:11,7,0,8
BRDA:11,7,1,0
BRDA:11,8,0,1
BRDA:11,8,1,0
BRDA:11,9,0,0
BRDA:11,9,1,1
BRDA:35,10,0,4
BRDA:35,10,1,1
BRDA:35,11,0,5
BRDA:35,11,1,5
BRDA:37,12,0,0
BRDA:37,12,1,0
BRDA:39,13,0,0
BRDA:39,13,1,8
BRDA:77,14,0,8
BRDA:77,14,1,8
BRDA:78,15,0,8
BRDA:78,15,1,6
BRDA:86,16,0,2
BRDA:86,16,1,6
BRDA:104,17,0,6
BRDA:104,17,1,2
BRDA:110,18,0,0
BRDA:110,18,1,9
BRDA:131,19,0,0
BRDA:131,19,1,2
BRDA:146,20,0,0
BRDA:146,20,1,8
BRDA:146,21,0,8
BRDA:146,21,1,8
BRDA:146,21,2,8
BRDA:163,22,0,0
BRDA:163,22,1,6
BRDA:167,23,0,3
BRDA:167,23,1,3
BRDA:176,24,0,3
BRDA:176,24,1,0
BRDA:201,25,0,15
BRDA:201,25,1,6
BRDA:214,26,0,6
BRDA:214,26,1,6
BRDA:224,27,0,0
BRDA:224,27,1,9
BRDA:224,28,0,9
BRDA:224,28,1,9
BRDA:224,28,2,1
BRDA:228,29,0,9
BRDA:228,29,1,0
BRDA:233,30,0,6
BRDA:233,30,1,0
BRDA:239,31,0,9
BRDA:239,31,1,9
BRDA:259,32,0,0
BRDA:259,32,1,6
BRDA:271,33,0,6
BRDA:271,33,1,0
BRDA:271,34,0,6
BRDA:271,34,1,6
BRDA:282,35,0,6
BRDA:282,35,1,6
BRDA:287,36,0,6
BRDA:287,36,1,0
BRDA:295,37,0,0
BRDA:295,37,1,0
BRDA:315,38,0,0
BRDA:315,38,1,0
BRDA:349,39,0,6
BRDA:349,39,1,3
BRDA:355,40,0,3
BRDA:355,40,1,6
BRDA:355,41,0,9
BRDA:355,41,1,6
BRDA:372,42,0,0
BRDA:372,42,1,0
BRDA:372,43,0,0
BRDA:372,43,1,0
BRDA:382,44,0,6
BRDA:382,44,1,0
BRDA:382,45,0,6
BRDA:382,45,1,6
BRDA:386,46,0,1
BRDA:386,46,1,5
BRDA:391,47,0,3
BRDA:391,47,1,0
BRDA:391,48,0,0
BRDA:391,48,1,3
BRDA:399,49,0,0
BRDA:399,49,1,0
BRDA:399,50,0,0
BRDA:399,50,1,0
BRDA:409,51,0,0
BRDA:409,51,1,5
BRDA:409,52,0,5
BRDA:409,52,1,5
BRDA:413,53,0,0
BRDA:413,53,1,0
BRDA:413,54,0,0
BRDA:413,54,1,0
BRDA:422,55,0,12
BRDA:422,55,1,6
BRDA:422,56,0,18
BRDA:422,56,1,12
BRDA:430,57,0,18
BRDA:430,57,1,0
BRDA:437,58,0,0
BRDA:437,58,1,33
BRDA:441,59,0,33
BRDA:441,59,1,29
BRDA:443,60,0,24
BRDA:443,60,1,9
BRF:126
BRH:77
end_of_record
TN:
SF:C:\Users\Carl Pryke\freshly-squeezed-games\@modules\hermes\dist\Reducer.js
FN:7,(anonymous_0)
FN:9,(anonymous_1)
FN:9,defineProperties
FN:9,(anonymous_3)
FN:15,_interopRequireDefault
FN:17,_toConsumableArray
FN:19,_classCallCheck
FN:26,(anonymous_7)
FN:27,Reducer
FN:48,Submission
FN:66,Reduce
FN:95,Action
FN:100,(anonymous_12)
FN:116,Dispatch
FNF:14
FNH:12
FNDA:0,(anonymous_0)
FNDA:1,(anonymous_1)
FNDA:1,defineProperties
FNDA:1,(anonymous_3)
FNDA:1,_interopRequireDefault
FNDA:0,_toConsumableArray
FNDA:14,_classCallCheck
FNDA:1,(anonymous_7)
FNDA:14,Reducer
FNDA:3,Submission
FNDA:3,Reduce
FNDA:6,Action
FNDA:3,(anonymous_12)
FNDA:6,Dispatch
DA:3,1
DA:7,1
DA:9,4
DA:11,1
DA:13,1
DA:15,1
DA:17,0
DA:19,14
DA:21,1
DA:24,1
DA:26,1
DA:28,14
DA:30,14
DA:32,14
DA:33,14
DA:35,14
DA:46,1
DA:49,3
DA:67,3
DA:68,3
DA:70,3
DA:72,3
DA:74,3
DA:75,0
DA:76,0
DA:79,0
DA:82,3
DA:96,6
DA:98,6
DA:100,6
DA:101,3
DA:104,6
DA:117,6
DA:118,6
DA:122,1
DA:125,1
DA:128,1
LF:37
LH:33
BRDA:7,0,0,1
BRDA:7,0,1,0
BRDA:7,1,0,0
BRDA:7,1,1,0
BRDA:9,2,0,4
BRDA:9,2,1,4
BRDA:9,3,0,4
BRDA:9,3,1,0
BRDA:9,4,0,1
BRDA:9,4,1,0
BRDA:9,5,0,0
BRDA:9,5,1,1
BRDA:15,6,0,1
BRDA:15,6,1,0
BRDA:15,7,0,1
BRDA:15,7,1,1
BRDA:17,8,0,0
BRDA:17,8,1,0
BRDA:19,9,0,0
BRDA:19,9,1,14
BRDA:67,10,0,3
BRDA:67,10,1,0
BRDA:67,11,0,3
BRDA:67,11,1,3
BRDA:68,12,0,0
BRDA:68,12,1,3
BRDA:68,13,0,3
BRDA:68,13,1,3
BRDA:74,14,0,0
BRDA:74,14,1,3
BRDA:75,15,0,0
BRDA:75,15,1,0
BRF:32
BRH:17
end_of_record
TN:
SF:C:\Users\Carl Pryke\freshly-squeezed-games\@modules\hermes\dist\Route.js
FN:7,(anonymous_0)
FN:7,(anonymous_1)
FN:13,_interopRequireDefault
FN:15,_classCallCheck
FN:22,Route
FNF:5
FNH:4
FNDA:3,(anonymous_0)
FNDA:0,(anonymous_1)
FNDA:1,_interopRequireDefault
FNDA:3,_classCallCheck
FNDA:3,Route
DA:3,1
DA:7,3
DA:9,1
DA:11,1
DA:13,1
DA:15,3
DA:22,1
DA:23,3
DA:25,3
DA:27,3
DA:28,3
DA:31,3
DA:32,3
DA:34,3
DA:35,0
DA:38,3
DA:40,3
DA:41,0
DA:45,1
LF:19
LH:17
BRDA:7,0,0,1
BRDA:7,0,1,0
BRDA:7,1,0,1
BRDA:7,1,1,1
BRDA:7,2,0,0
BRDA:7,2,1,0
BRDA:7,3,0,0
BRDA:7,3,1,0
BRDA:7,3,2,0
BRDA:7,3,3,0
BRDA:13,4,0,0
BRDA:13,4,1,1
BRDA:13,5,0,1
BRDA:13,5,1,1
BRDA:15,6,0,0
BRDA:15,6,1,3
BRDA:27,7,0,3
BRDA:27,7,1,0
BRDA:27,8,0,0
BRDA:27,8,1,3
BRDA:34,9,0,0
BRDA:34,9,1,3
BRDA:40,10,0,0
BRDA:40,10,1,3
BRF:24
BRH:11
end_of_record
TN:
SF:C:\Users\Carl Pryke\freshly-squeezed-games\@modules\hermes\dist\Utils.js
FN:11,OrderByLongest
FN:15,(anonymous_1)
FNF:2
FNH:2
FNDA:8,OrderByLongest
FNDA:4,(anonymous_1)
DA:3,1
DA:11,1
DA:12,8
DA:13,8
DA:15,8
DA:16,4
DA:17,0
DA:20,4
DA:21,4
DA:24,0
DA:27,8
DA:28,8
DA:30,8
DA:31,12
DA:33,12
DA:36,8
LF:16
LH:14
BRDA:16,0,0,0
BRDA:16,0,1,4
BRDA:20,1,0,4
BRDA:20,1,1,0
BRF:4
BRH:2
end_of_record
