TN:
SF:C:\Users\Carl Pryke\freshly-squeezed-games\@modules\hermes\dist\Action.js
FN:7,(anonymous_0)
FN:7,defineProperties
FN:7,(anonymous_2)
FN:9,_classCallCheck
FN:13,(anonymous_4)
FN:14,Action
FN:38,Is
FNF:7
FNH:6
FNDA:1,(anonymous_0)
FNDA:1,defineProperties
FNDA:1,(anonymous_2)
FNDA:1,_classCallCheck
FNDA:1,(anonymous_4)
FNDA:1,Action
FNDA:0,Is
DA:3,1
DA:7,1
DA:9,1
DA:11,1
DA:13,1
DA:15,1
DA:16,1
DA:17,1
DA:19,1
DA:21,1
DA:23,1
DA:24,0
DA:27,1
DA:29,1
DA:30,1
DA:33,1
DA:36,1
DA:39,0
DA:43,1
DA:46,1
DA:47,1
LF:21
LH:19
BRDA:7,0,0,1
BRDA:7,0,1,1
BRDA:7,1,0,1
BRDA:7,1,1,0
BRDA:7,2,0,1
BRDA:7,2,1,0
BRDA:7,3,0,0
BRDA:7,3,1,1
BRDA:9,4,0,0
BRDA:9,4,1,1
BRDA:15,5,0,1
BRDA:15,5,1,0
BRDA:15,6,0,1
BRDA:15,6,1,1
BRDA:16,7,0,0
BRDA:16,7,1,1
BRDA:16,8,0,1
BRDA:16,8,1,1
BRDA:23,9,0,0
BRDA:23,9,1,1
BRDA:23,10,0,1
BRDA:23,10,1,1
BRDA:29,11,0,1
BRDA:29,11,1,0
BRF:24
BRH:16
end_of_record
TN:
SF:C:\Users\Carl Pryke\freshly-squeezed-games\@modules\hermes\dist\Hermes.js
FN:8,(anonymous_0)
FN:10,(anonymous_1)
FN:10,defineProperties
FN:10,(anonymous_3)
FN:32,_interopRequireDefault
FN:34,_toConsumableArray
FN:36,_classCallCheck
FN:51,Hermes
FN:80,(anonymous_8)
FN:81,Events
FN:87,AddEvent
FN:99,SetContext
FN:112,Subscribe
FN:121,Dispatch
FN:166,(anonymous_14)
FN:177,(anonymous_15)
FN:178,Hermes
FN:191,(anonymous_17)
FN:216,(anonymous_18)
FN:220,(anonymous_19)
FN:244,Subscribe
FN:270,Do
FN:302,Print
FN:307,Instance
FN:322,Trace
FN:379,Query
FN:386,(anonymous_26)
FN:393,OnApply
FN:426,(anonymous_28)
FN:446,Update
FN:451,(anonymous_30)
FN:471,(anonymous_31)
FN:487,Tree
FN:518,Branch
FN:525,(anonymous_34)
FN:555,OrderByLongest
FN:559,(anonymous_36)
FN:583,(anonymous_37)
FNF:38
FNH:28
FNDA:0,(anonymous_0)
FNDA:1,(anonymous_1)
FNDA:3,defineProperties
FNDA:2,(anonymous_3)
FNDA:5,_interopRequireDefault
FNDA:3,_toConsumableArray
FNDA:1,_classCallCheck
FNDA:1,Hermes
FNDA:1,(anonymous_8)
FNDA:0,Events
FNDA:1,AddEvent
FNDA:2,SetContext
FNDA:1,Subscribe
FNDA:1,Dispatch
FNDA:0,(anonymous_14)
FNDA:1,(anonymous_15)
FNDA:1,Hermes
FNDA:0,(anonymous_17)
FNDA:1,(anonymous_18)
FNDA:1,(anonymous_19)
FNDA:1,Subscribe
FNDA:1,Do
FNDA:0,Print
FNDA:0,Instance
FNDA:3,Trace
FNDA:1,Query
FNDA:1,(anonymous_26)
FNDA:1,OnApply
FNDA:0,(anonymous_28)
FNDA:1,Update
FNDA:1,(anonymous_30)
FNDA:1,(anonymous_31)
FNDA:2,Tree
FNDA:2,Branch
FNDA:0,(anonymous_34)
FNDA:1,OrderByLongest
FNDA:0,(anonymous_36)
FNDA:0,(anonymous_37)
DA:3,1
DA:6,1
DA:8,1
DA:10,8
DA:12,1
DA:14,1
DA:16,1
DA:18,1
DA:20,1
DA:22,1
DA:24,1
DA:26,1
DA:28,1
DA:30,1
DA:32,5
DA:34,3
DA:36,1
DA:38,1
DA:39,1
DA:40,1
DA:42,1
DA:52,1
DA:53,0
DA:56,1
DA:58,1
DA:62,1
DA:67,1
DA:68,1
DA:70,1
DA:71,1
DA:73,1
DA:75,1
DA:76,1
DA:78,1
DA:80,1
DA:82,0
DA:85,1
DA:88,1
DA:100,2
DA:113,1
DA:115,1
DA:117,1
DA:122,1
DA:123,1
DA:125,1
DA:126,1
DA:127,0
DA:130,1
DA:132,1
DA:133,1
DA:135,1
DA:136,1
DA:138,1
DA:139,0
DA:140,0
DA:141,0
DA:142,0
DA:143,0
DA:145,0
DA:147,0
DA:150,1
DA:153,1
DA:154,0
DA:159,1
DA:163,1
DA:166,1
DA:167,0
DA:177,1
DA:179,1
DA:181,1
DA:182,0
DA:185,1
DA:186,0
DA:188,0
DA:189,0
DA:191,0
DA:192,0
DA:193,0
DA:195,0
DA:198,0
DA:199,0
DA:201,1
DA:202,0
DA:205,1
DA:206,1
DA:208,1
DA:209,1
DA:211,1
DA:212,0
DA:216,1
DA:217,1
DA:220,1
DA:221,1
DA:222,1
DA:224,1
DA:227,1
DA:229,1
DA:230,1
DA:232,0
DA:233,0
DA:236,1
DA:238,1
DA:239,1
DA:242,1
DA:245,1
DA:247,1
DA:248,0
DA:249,0
DA:260,1
DA:261,0
DA:264,1
DA:266,1
DA:271,1
DA:273,1
DA:274,0
DA:278,1
DA:279,1
DA:280,1
DA:283,1
DA:284,1
DA:286,1
DA:287,1
DA:290,1
DA:291,1
DA:295,1
DA:298,1
DA:303,0
DA:308,0
DA:312,1
DA:323,3
DA:325,3
DA:327,3
DA:328,3
DA:330,3
DA:331,3
DA:333,3
DA:335,3
DA:336,2
DA:338,2
DA:340,1
DA:343,1
DA:345,1
DA:346,1
DA:348,1
DA:349,0
DA:352,1
DA:353,1
DA:357,1
DA:358,1
DA:360,1
DA:361,1
DA:363,1
DA:364,0
DA:367,1
DA:369,1
DA:373,3
DA:380,1
DA:382,1
DA:383,0
DA:386,1
DA:387,1
DA:389,1
DA:390,1
DA:391,1
DA:393,1
DA:394,1
DA:396,1
DA:399,1
DA:403,1
DA:405,1
DA:408,1
DA:410,1
DA:411,1
DA:414,0
DA:416,0
DA:417,0
DA:422,0
DA:424,0
DA:426,0
DA:427,0
DA:429,0
DA:430,0
DA:433,0
DA:436,0
DA:447,1
DA:451,1
DA:452,1
DA:454,1
DA:455,1
DA:458,1
DA:460,1
DA:462,1
DA:463,0
DA:466,1
DA:471,1
DA:472,1
DA:474,1
DA:475,1
DA:477,1
DA:479,1
DA:480,1
DA:483,0
DA:488,2
DA:490,2
DA:491,0
DA:492,0
DA:494,0
DA:495,0
DA:496,0
DA:498,0
DA:501,0
DA:504,2
DA:505,2
DA:506,2
DA:508,2
DA:509,1
DA:511,1
DA:515,2
DA:519,2
DA:522,2
DA:523,2
DA:525,2
DA:526,0
DA:529,2
DA:530,2
DA:532,2
DA:533,0
DA:536,2
DA:538,2
DA:539,1
DA:542,2
DA:545,2
DA:548,1
DA:556,1
DA:557,1
DA:559,1
DA:560,0
DA:561,0
DA:564,0
DA:565,0
DA:568,0
DA:571,1
DA:572,1
DA:574,1
DA:575,1
DA:577,1
DA:580,1
DA:583,1
DA:584,0
DA:585,0
DA:588,0
DA:589,0
DA:592,0
DA:594,0
DA:597,1
DA:598,1
LF:256
LH:188
BRDA:8,0,0,1
BRDA:8,0,1,0
BRDA:8,1,0,0
BRDA:8,1,1,0
BRDA:10,2,0,8
BRDA:10,2,1,8
BRDA:10,3,0,8
BRDA:10,3,1,0
BRDA:10,4,0,1
BRDA:10,4,1,1
BRDA:10,5,0,2
BRDA:10,5,1,0
BRDA:32,6,0,4
BRDA:32,6,1,1
BRDA:32,7,0,5
BRDA:32,7,1,5
BRDA:34,8,0,2
BRDA:34,8,1,1
BRDA:36,9,0,0
BRDA:36,9,1,1
BRDA:52,10,0,0
BRDA:52,10,1,1
BRDA:52,11,0,1
BRDA:52,11,1,1
BRDA:113,12,0,1
BRDA:113,12,1,1
BRDA:126,13,0,0
BRDA:126,13,1,1
BRDA:138,14,0,0
BRDA:138,14,1,1
BRDA:145,15,0,0
BRDA:145,15,1,0
BRDA:153,16,0,0
BRDA:153,16,1,1
BRDA:181,17,0,0
BRDA:181,17,1,1
BRDA:185,18,0,0
BRDA:185,18,1,1
BRDA:201,19,0,0
BRDA:201,19,1,1
BRDA:205,20,0,1
BRDA:205,20,1,0
BRDA:211,21,0,0
BRDA:211,21,1,1
BRDA:232,22,0,0
BRDA:232,22,1,0
BRDA:238,23,0,1
BRDA:238,23,1,1
BRDA:239,24,0,1
BRDA:239,24,1,1
BRDA:247,25,0,0
BRDA:247,25,1,1
BRDA:247,26,0,1
BRDA:247,26,1,1
BRDA:247,26,2,1
BRDA:273,27,0,0
BRDA:273,27,1,1
BRDA:286,28,0,1
BRDA:286,28,1,0
BRDA:308,29,0,0
BRDA:308,29,1,0
BRDA:323,30,0,2
BRDA:323,30,1,1
BRDA:323,31,0,3
BRDA:323,31,1,2
BRDA:338,32,0,1
BRDA:338,32,1,1
BRDA:348,33,0,0
BRDA:348,33,1,1
BRDA:348,34,0,1
BRDA:348,34,1,1
BRDA:348,34,2,0
BRDA:352,35,0,1
BRDA:352,35,1,0
BRDA:357,36,0,1
BRDA:357,36,1,0
BRDA:363,37,0,1
BRDA:363,37,1,1
BRDA:382,38,0,0
BRDA:382,38,1,1
BRDA:394,39,0,1
BRDA:394,39,1,0
BRDA:394,40,0,1
BRDA:394,40,1,1
BRDA:405,41,0,1
BRDA:405,41,1,1
BRDA:408,42,0,1
BRDA:408,42,1,0
BRDA:416,43,0,0
BRDA:416,43,1,0
BRDA:429,44,0,0
BRDA:429,44,1,0
BRDA:458,45,0,1
BRDA:458,45,1,0
BRDA:462,46,0,0
BRDA:462,46,1,1
BRDA:462,47,0,1
BRDA:462,47,1,1
BRDA:479,48,0,1
BRDA:479,48,1,0
BRDA:479,49,0,1
BRDA:479,49,1,0
BRDA:488,50,0,2
BRDA:488,50,1,0
BRDA:488,51,0,2
BRDA:488,51,1,2
BRDA:490,52,0,0
BRDA:490,52,1,2
BRDA:498,53,0,0
BRDA:498,53,1,0
BRDA:498,54,0,0
BRDA:498,54,1,0
BRDA:508,55,0,1
BRDA:508,55,1,1
BRDA:508,56,0,2
BRDA:508,56,1,1
BRDA:511,57,0,1
BRDA:511,57,1,0
BRDA:511,58,0,0
BRDA:511,58,1,0
BRDA:519,59,0,1
BRDA:519,59,1,1
BRDA:519,60,0,2
BRDA:519,60,1,1
BRDA:525,61,0,2
BRDA:525,61,1,0
BRDA:532,62,0,0
BRDA:532,62,1,2
BRDA:536,63,0,2
BRDA:536,63,1,2
BRDA:538,64,0,1
BRDA:538,64,1,1
BRDA:548,65,0,1
BRDA:548,65,1,1
BRDA:560,66,0,0
BRDA:560,66,1,0
BRDA:564,67,0,0
BRDA:564,67,1,0
BRDA:584,68,0,0
BRDA:584,68,1,0
BRDA:588,69,0,0
BRDA:588,69,1,0
BRF:142
BRH:84
end_of_record
TN:
SF:C:\Users\Carl Pryke\freshly-squeezed-games\@modules\hermes\dist\Reducer.js
FN:7,(anonymous_0)
FN:9,(anonymous_1)
FN:9,defineProperties
FN:9,(anonymous_3)
FN:15,_interopRequireDefault
FN:17,_toConsumableArray
FN:19,_classCallCheck
FN:26,(anonymous_7)
FN:27,Reducer
FN:49,Submission
FN:67,Reduce
FN:94,Action
FN:99,(anonymous_12)
FN:115,Dispatch
FNF:14
FNH:12
FNDA:0,(anonymous_0)
FNDA:1,(anonymous_1)
FNDA:1,defineProperties
FNDA:1,(anonymous_3)
FNDA:1,_interopRequireDefault
FNDA:0,_toConsumableArray
FNDA:2,_classCallCheck
FNDA:1,(anonymous_7)
FNDA:2,Reducer
FNDA:1,Submission
FNDA:1,Reduce
FNDA:1,Action
FNDA:1,(anonymous_12)
FNDA:1,Dispatch
DA:3,1
DA:7,1
DA:9,4
DA:11,1
DA:13,1
DA:15,1
DA:17,0
DA:19,2
DA:21,1
DA:24,1
DA:26,1
DA:28,2
DA:30,2
DA:32,2
DA:33,2
DA:34,2
DA:36,2
DA:47,1
DA:50,1
DA:68,1
DA:69,1
DA:71,1
DA:73,1
DA:74,0
DA:75,0
DA:78,0
DA:81,1
DA:95,1
DA:97,1
DA:99,1
DA:100,1
DA:103,1
DA:116,1
DA:120,1
DA:123,1
DA:126,1
LF:36
LH:32
BRDA:7,0,0,1
BRDA:7,0,1,0
BRDA:7,1,0,0
BRDA:7,1,1,0
BRDA:9,2,0,4
BRDA:9,2,1,4
BRDA:9,3,0,4
BRDA:9,3,1,0
BRDA:9,4,0,1
BRDA:9,4,1,0
BRDA:9,5,0,0
BRDA:9,5,1,1
BRDA:15,6,0,1
BRDA:15,6,1,0
BRDA:15,7,0,1
BRDA:15,7,1,1
BRDA:17,8,0,0
BRDA:17,8,1,0
BRDA:19,9,0,0
BRDA:19,9,1,2
BRDA:32,10,0,2
BRDA:32,10,1,1
BRDA:68,11,0,1
BRDA:68,11,1,0
BRDA:68,12,0,1
BRDA:68,12,1,1
BRDA:69,13,0,1
BRDA:69,13,1,0
BRDA:69,14,0,1
BRDA:69,14,1,1
BRDA:73,15,0,0
BRDA:73,15,1,1
BRDA:74,16,0,0
BRDA:74,16,1,0
BRF:34
BRH:19
end_of_record
TN:
SF:C:\Users\Carl Pryke\freshly-squeezed-games\@modules\hermes\dist\Route.js
FN:7,(anonymous_0)
FN:7,(anonymous_1)
FN:13,_interopRequireDefault
FN:15,_classCallCheck
FN:22,Route
FNF:5
FNH:1
FNDA:0,(anonymous_0)
FNDA:0,(anonymous_1)
FNDA:1,_interopRequireDefault
FNDA:0,_classCallCheck
FNDA:0,Route
DA:3,1
DA:7,1
DA:9,1
DA:11,1
DA:13,1
DA:15,0
DA:22,1
DA:23,0
DA:25,0
DA:27,0
DA:28,0
DA:31,0
DA:32,0
DA:34,0
DA:35,0
DA:38,0
DA:40,0
DA:41,0
DA:45,1
LF:19
LH:7
BRDA:7,0,0,1
BRDA:7,0,1,0
BRDA:7,1,0,1
BRDA:7,1,1,1
BRDA:7,2,0,0
BRDA:7,2,1,0
BRDA:7,3,0,0
BRDA:7,3,1,0
BRDA:7,3,2,0
BRDA:7,3,3,0
BRDA:13,4,0,0
BRDA:13,4,1,1
BRDA:13,5,0,1
BRDA:13,5,1,1
BRDA:15,6,0,0
BRDA:15,6,1,0
BRDA:27,7,0,0
BRDA:27,7,1,0
BRDA:27,8,0,0
BRDA:27,8,1,0
BRDA:34,9,0,0
BRDA:34,9,1,0
BRDA:40,10,0,0
BRDA:40,10,1,0
BRF:24
BRH:6
end_of_record
